{"/Users/mraible/dev/foundry-sample-charlotte-toolkit/ui/extensions/charlotte-toolkit-ui/src/components/App.tsx": {"path":"/Users/mraible/dev/foundry-sample-charlotte-toolkit/ui/extensions/charlotte-toolkit-ui/src/components/App.tsx","statementMap":{"0":{"start":{"line":3,"column":0},"end":{"line":3,"column":26}},"1":{"start":{"line":5,"column":0},"end":{"line":5,"column":48}},"2":{"start":{"line":6,"column":0},"end":{"line":6,"column":26}},"3":{"start":{"line":7,"column":0},"end":{"line":7,"column":53}},"4":{"start":{"line":13,"column":43},"end":{"line":13,"column":57}},"5":{"start":{"line":16,"column":2},"end":{"line":44,"column":3}},"6":{"start":{"line":17,"column":4},"end":{"line":43,"column":6}},"7":{"start":{"line":33,"column":25},"end":{"line":33,"column":49}},"8":{"start":{"line":47,"column":2},"end":{"line":59,"column":3}},"9":{"start":{"line":48,"column":4},"end":{"line":58,"column":6}},"10":{"start":{"line":61,"column":2},"end":{"line":78,"column":4}},"11":{"start":{"line":81,"column":0},"end":{"line":81,"column":19}}},"fnMap":{"0":{"name":"App","decl":{"start":{"line":12,"column":9},"end":{"line":12,"column":12}},"loc":{"start":{"line":12,"column":12},"end":{"line":79,"column":1}}},"1":{"name":"(anonymous_2)","decl":{"start":{"line":33,"column":19},"end":{"line":33,"column":22}},"loc":{"start":{"line":33,"column":25},"end":{"line":33,"column":49}}}},"branchMap":{"0":{"loc":{"start":{"line":16,"column":2},"end":{"line":44,"column":3}},"type":"if","locations":[{"start":{"line":16,"column":2},"end":{"line":44,"column":3}}]},"1":{"loc":{"start":{"line":47,"column":2},"end":{"line":59,"column":3}},"type":"if","locations":[{"start":{"line":47,"column":2},"end":{"line":59,"column":3}}]}},"s":{"0":1,"1":1,"2":1,"3":1,"4":12,"5":12,"6":4,"7":1,"8":8,"9":3,"10":5,"11":1},"f":{"0":12,"1":1},"b":{"0":[4],"1":[3]}}
,"/Users/mraible/dev/foundry-sample-charlotte-toolkit/ui/extensions/charlotte-toolkit-ui/src/components/ErrorBoundary.tsx": {"path":"/Users/mraible/dev/foundry-sample-charlotte-toolkit/ui/extensions/charlotte-toolkit-ui/src/components/ErrorBoundary.tsx","statementMap":{"0":{"start":{"line":3,"column":0},"end":{"line":3,"column":45}},"1":{"start":{"line":18,"column":4},"end":{"line":18,"column":17}},"2":{"start":{"line":19,"column":4},"end":{"line":23,"column":6}},"3":{"start":{"line":27,"column":4},"end":{"line":30,"column":6}},"4":{"start":{"line":36,"column":4},"end":{"line":39,"column":7}},"5":{"start":{"line":42,"column":4},"end":{"line":44,"column":5}},"6":{"start":{"line":43,"column":6},"end":{"line":43,"column":43}},"7":{"start":{"line":47,"column":16},"end":{"line":53,"column":3}},"8":{"start":{"line":48,"column":4},"end":{"line":52,"column":7}},"9":{"start":{"line":56,"column":4},"end":{"line":172,"column":5}},"10":{"start":{"line":58,"column":6},"end":{"line":60,"column":7}},"11":{"start":{"line":59,"column":8},"end":{"line":59,"column":35}},"12":{"start":{"line":63,"column":6},"end":{"line":171,"column":8}},"13":{"start":{"line":159,"column":29},"end":{"line":159,"column":53}},"14":{"start":{"line":174,"column":4},"end":{"line":174,"column":31}},"15":{"start":{"line":16,"column":0},"end":{"line":16,"column":13}}},"fnMap":{"0":{"name":"(anonymous_0)","decl":{"start":{"line":17,"column":2},"end":{"line":17,"column":14}},"loc":{"start":{"line":17,"column":44},"end":{"line":24,"column":3}}},"1":{"name":"(anonymous_1)","decl":{"start":{"line":26,"column":2},"end":{"line":26,"column":8}},"loc":{"start":{"line":26,"column":46},"end":{"line":31,"column":3}}},"2":{"name":"(anonymous_2)","decl":{"start":{"line":33,"column":2},"end":{"line":33,"column":19}},"loc":{"start":{"line":33,"column":54},"end":{"line":45,"column":3}}},"3":{"name":"(anonymous_3)","decl":{"start":{"line":47,"column":16},"end":{"line":47,"column":25}},"loc":{"start":{"line":47,"column":27},"end":{"line":53,"column":3}}},"4":{"name":"(anonymous_4)","decl":{"start":{"line":55,"column":2},"end":{"line":55,"column":8}},"loc":{"start":{"line":55,"column":8},"end":{"line":175,"column":3}}},"5":{"name":"(anonymous_5)","decl":{"start":{"line":159,"column":23},"end":{"line":159,"column":26}},"loc":{"start":{"line":159,"column":29},"end":{"line":159,"column":53}}}},"branchMap":{"0":{"loc":{"start":{"line":42,"column":4},"end":{"line":44,"column":5}},"type":"if","locations":[{"start":{"line":42,"column":4},"end":{"line":44,"column":5}}]},"1":{"loc":{"start":{"line":56,"column":4},"end":{"line":172,"column":5}},"type":"if","locations":[{"start":{"line":56,"column":4},"end":{"line":172,"column":5}}]},"2":{"loc":{"start":{"line":58,"column":6},"end":{"line":60,"column":7}},"type":"if","locations":[{"start":{"line":58,"column":6},"end":{"line":60,"column":7}}]},"3":{"loc":{"start":{"line":109,"column":11},"end":{"line":140,"column":null}},"type":"binary-expr","locations":[{"start":{"line":109,"column":11},"end":{"line":109,"column":27}},{"start":{"line":110,"column":12},"end":{"line":139,"column":null}}]},"4":{"loc":{"start":{"line":131,"column":17},"end":{"line":137,"column":null}},"type":"binary-expr","locations":[{"start":{"line":131,"column":17},"end":{"line":131,"column":37}},{"start":{"line":132,"column":18},"end":{"line":136,"column":null}}]}},"s":{"0":1,"1":31,"2":30,"3":33,"4":16,"5":16,"6":1,"7":30,"8":2,"9":83,"10":49,"11":3,"12":46,"13":1,"14":34,"15":1},"f":{"0":31,"1":33,"2":16,"3":2,"4":83,"5":1},"b":{"0":[1],"1":[49],"2":[3],"3":[46,46],"4":[46,16]}}
,"/Users/mraible/dev/foundry-sample-charlotte-toolkit/ui/extensions/charlotte-toolkit-ui/src/components/Home.tsx": {"path":"/Users/mraible/dev/foundry-sample-charlotte-toolkit/ui/extensions/charlotte-toolkit-ui/src/components/Home.tsx","statementMap":{"0":{"start":{"line":3,"column":0},"end":{"line":3,"column":null}},"1":{"start":{"line":14,"column":0},"end":{"line":14,"column":64}},"2":{"start":{"line":16,"column":0},"end":{"line":16,"column":67}},"3":{"start":{"line":17,"column":0},"end":{"line":17,"column":57}},"4":{"start":{"line":18,"column":0},"end":{"line":18,"column":65}},"5":{"start":{"line":19,"column":0},"end":{"line":19,"column":65}},"6":{"start":{"line":20,"column":0},"end":{"line":20,"column":55}},"7":{"start":{"line":21,"column":0},"end":{"line":21,"column":null}},"8":{"start":{"line":26,"column":0},"end":{"line":26,"column":null}},"9":{"start":{"line":34,"column":0},"end":{"line":34,"column":69}},"10":{"start":{"line":36,"column":0},"end":{"line":36,"column":36}},"11":{"start":{"line":37,"column":0},"end":{"line":37,"column":48}},"12":{"start":{"line":63,"column":13},"end":{"line":555,"column":2}},"13":{"start":{"line":64,"column":28},"end":{"line":81,"column":4}},"14":{"start":{"line":84,"column":38},"end":{"line":84,"column":87}},"15":{"start":{"line":87,"column":24},"end":{"line":94,"column":4}},"16":{"start":{"line":89,"column":51},"end":{"line":89,"column":72}},"17":{"start":{"line":90,"column":49},"end":{"line":90,"column":68}},"18":{"start":{"line":91,"column":47},"end":{"line":91,"column":64}},"19":{"start":{"line":92,"column":49},"end":{"line":92,"column":96}},"20":{"start":{"line":106,"column":6},"end":{"line":110,"column":4}},"21":{"start":{"line":118,"column":6},"end":{"line":123,"column":4}},"22":{"start":{"line":126,"column":55},"end":{"line":129,"column":4}},"23":{"start":{"line":132,"column":80},"end":{"line":132,"column":100}},"24":{"start":{"line":135,"column":22},"end":{"line":137,"column":8}},"25":{"start":{"line":136,"column":4},"end":{"line":136,"column":48}},"26":{"start":{"line":136,"column":22},"end":{"line":136,"column":45}},"27":{"start":{"line":143,"column":2},"end":{"line":174,"column":5}},"28":{"start":{"line":144,"column":4},"end":{"line":163,"column":5}},"29":{"start":{"line":152,"column":28},"end":{"line":160,"column":8}},"30":{"start":{"line":162,"column":6},"end":{"line":162,"column":39}},"31":{"start":{"line":176,"column":23},"end":{"line":309,"column":4}},"32":{"start":{"line":178,"column":23},"end":{"line":178,"column":49}},"33":{"start":{"line":179,"column":4},"end":{"line":185,"column":5}},"34":{"start":{"line":180,"column":6},"end":{"line":183,"column":10}},"35":{"start":{"line":180,"column":24},"end":{"line":183,"column":8}},"36":{"start":{"line":184,"column":6},"end":{"line":184,"column":13}},"37":{"start":{"line":188,"column":31},"end":{"line":188,"column":55}},"38":{"start":{"line":191,"column":26},"end":{"line":199,"column":6}},"39":{"start":{"line":201,"column":4},"end":{"line":201,"column":41}},"40":{"start":{"line":203,"column":4},"end":{"line":210,"column":8}},"41":{"start":{"line":203,"column":22},"end":{"line":210,"column":6}},"42":{"start":{"line":213,"column":4},"end":{"line":213,"column":29}},"43":{"start":{"line":215,"column":4},"end":{"line":296,"column":5}},"44":{"start":{"line":217,"column":58},"end":{"line":226,"column":8}},"45":{"start":{"line":229,"column":46},"end":{"line":231,"column":null}},"46":{"start":{"line":233,"column":31},"end":{"line":233,"column":55}},"47":{"start":{"line":236,"column":6},"end":{"line":244,"column":9}},"48":{"start":{"line":246,"column":6},"end":{"line":267,"column":7}},"49":{"start":{"line":247,"column":8},"end":{"line":256,"column":12}},"50":{"start":{"line":247,"column":26},"end":{"line":256,"column":10}},"51":{"start":{"line":258,"column":8},"end":{"line":266,"column":12}},"52":{"start":{"line":258,"column":26},"end":{"line":266,"column":10}},"53":{"start":{"line":270,"column":27},"end":{"line":270,"column":48}},"54":{"start":{"line":271,"column":31},"end":{"line":271,"column":55}},"55":{"start":{"line":274,"column":6},"end":{"line":285,"column":9}},"56":{"start":{"line":287,"column":6},"end":{"line":295,"column":10}},"57":{"start":{"line":287,"column":24},"end":{"line":295,"column":8}},"58":{"start":{"line":311,"column":2},"end":{"line":554,"column":4}},"59":{"start":{"line":339,"column":43},"end":{"line":339,"column":65}},"60":{"start":{"line":341,"column":51},"end":{"line":341,"column":77}},"61":{"start":{"line":343,"column":55},"end":{"line":343,"column":83}},"62":{"start":{"line":345,"column":53},"end":{"line":345,"column":79}},"63":{"start":{"line":347,"column":53},"end":{"line":347,"column":80}},"64":{"start":{"line":349,"column":61},"end":{"line":349,"column":91}},"65":{"start":{"line":354,"column":16},"end":{"line":354,"column":54}},"66":{"start":{"line":358,"column":56},"end":{"line":358,"column":84}},"67":{"start":{"line":361,"column":16},"end":{"line":361,"column":50}},"68":{"start":{"line":387,"column":24},"end":{"line":388,"column":null}},"69":{"start":{"line":389,"column":41},"end":{"line":389,"column":72}},"70":{"start":{"line":523,"column":39},"end":{"line":523,"column":74}},"71":{"start":{"line":557,"column":0},"end":{"line":557,"column":26}},"72":{"start":{"line":559,"column":0},"end":{"line":559,"column":20}}},"fnMap":{"0":{"name":"(anonymous_10)","decl":{"start":{"line":63,"column":24},"end":{"line":63,"column":25}},"loc":{"start":{"line":63,"column":50},"end":{"line":555,"column":1}}},"1":{"name":"(anonymous_11)","decl":{"start":{"line":89,"column":44},"end":{"line":89,"column":47}},"loc":{"start":{"line":89,"column":51},"end":{"line":89,"column":72}}},"2":{"name":"(anonymous_12)","decl":{"start":{"line":90,"column":42},"end":{"line":90,"column":45}},"loc":{"start":{"line":90,"column":49},"end":{"line":90,"column":68}}},"3":{"name":"(anonymous_13)","decl":{"start":{"line":91,"column":40},"end":{"line":91,"column":43}},"loc":{"start":{"line":91,"column":47},"end":{"line":91,"column":64}}},"4":{"name":"(anonymous_14)","decl":{"start":{"line":92,"column":42},"end":{"line":92,"column":45}},"loc":{"start":{"line":92,"column":49},"end":{"line":92,"column":96}}},"5":{"name":"(anonymous_15)","decl":{"start":{"line":135,"column":34},"end":{"line":135,"column":35}},"loc":{"start":{"line":135,"column":66},"end":{"line":137,"column":3}}},"6":{"name":"(anonymous_16)","decl":{"start":{"line":136,"column":13},"end":{"line":136,"column":17}},"loc":{"start":{"line":136,"column":22},"end":{"line":136,"column":45}}},"7":{"name":"(anonymous_17)","decl":{"start":{"line":143,"column":12},"end":{"line":143,"column":15}},"loc":{"start":{"line":143,"column":17},"end":{"line":164,"column":3}}},"8":{"name":"(anonymous_18)","decl":{"start":{"line":176,"column":35},"end":{"line":176,"column":40}},"loc":{"start":{"line":176,"column":46},"end":{"line":297,"column":3}}},"9":{"name":"(anonymous_19)","decl":{"start":{"line":180,"column":15},"end":{"line":180,"column":19}},"loc":{"start":{"line":180,"column":24},"end":{"line":183,"column":8}}},"10":{"name":"(anonymous_20)","decl":{"start":{"line":203,"column":13},"end":{"line":203,"column":17}},"loc":{"start":{"line":203,"column":22},"end":{"line":210,"column":6}}},"11":{"name":"(anonymous_21)","decl":{"start":{"line":247,"column":17},"end":{"line":247,"column":21}},"loc":{"start":{"line":247,"column":26},"end":{"line":256,"column":10}}},"12":{"name":"(anonymous_22)","decl":{"start":{"line":258,"column":17},"end":{"line":258,"column":21}},"loc":{"start":{"line":258,"column":26},"end":{"line":266,"column":10}}},"13":{"name":"(anonymous_23)","decl":{"start":{"line":287,"column":15},"end":{"line":287,"column":19}},"loc":{"start":{"line":287,"column":24},"end":{"line":295,"column":8}}},"14":{"name":"(anonymous_24)","decl":{"start":{"line":339,"column":24},"end":{"line":339,"column":25}},"loc":{"start":{"line":339,"column":43},"end":{"line":339,"column":65}}},"15":{"name":"(anonymous_25)","decl":{"start":{"line":341,"column":28},"end":{"line":341,"column":29}},"loc":{"start":{"line":341,"column":51},"end":{"line":341,"column":77}}},"16":{"name":"(anonymous_26)","decl":{"start":{"line":343,"column":30},"end":{"line":343,"column":31}},"loc":{"start":{"line":343,"column":55},"end":{"line":343,"column":83}}},"17":{"name":"(anonymous_27)","decl":{"start":{"line":345,"column":28},"end":{"line":345,"column":29}},"loc":{"start":{"line":345,"column":53},"end":{"line":345,"column":79}}},"18":{"name":"(anonymous_28)","decl":{"start":{"line":347,"column":29},"end":{"line":347,"column":30}},"loc":{"start":{"line":347,"column":53},"end":{"line":347,"column":80}}},"19":{"name":"(anonymous_29)","decl":{"start":{"line":349,"column":32},"end":{"line":349,"column":33}},"loc":{"start":{"line":349,"column":61},"end":{"line":349,"column":91}}},"20":{"name":"(anonymous_30)","decl":{"start":{"line":353,"column":40},"end":{"line":353,"column":41}},"loc":{"start":{"line":354,"column":16},"end":{"line":354,"column":54}}},"21":{"name":"(anonymous_31)","decl":{"start":{"line":358,"column":30},"end":{"line":358,"column":31}},"loc":{"start":{"line":358,"column":56},"end":{"line":358,"column":84}}},"22":{"name":"(anonymous_32)","decl":{"start":{"line":360,"column":36},"end":{"line":360,"column":37}},"loc":{"start":{"line":361,"column":16},"end":{"line":361,"column":50}}},"23":{"name":"(anonymous_33)","decl":{"start":{"line":386,"column":39},"end":{"line":386,"column":45}},"loc":{"start":{"line":387,"column":24},"end":{"line":388,"column":null}}},"24":{"name":"(anonymous_34)","decl":{"start":{"line":389,"column":35},"end":{"line":389,"column":38}},"loc":{"start":{"line":389,"column":41},"end":{"line":389,"column":72}}},"25":{"name":"(anonymous_35)","decl":{"start":{"line":523,"column":33},"end":{"line":523,"column":36}},"loc":{"start":{"line":523,"column":39},"end":{"line":523,"column":74}}}},"branchMap":{"0":{"loc":{"start":{"line":92,"column":49},"end":{"line":92,"column":96}},"type":"binary-expr","locations":[{"start":{"line":92,"column":49},"end":{"line":92,"column":70}},{"start":{"line":92,"column":74},"end":{"line":92,"column":96}}]},"1":{"loc":{"start":{"line":144,"column":4},"end":{"line":163,"column":5}},"type":"if","locations":[{"start":{"line":144,"column":4},"end":{"line":163,"column":5}}]},"2":{"loc":{"start":{"line":145,"column":6},"end":{"line":150,"column":36}},"type":"binary-expr","locations":[{"start":{"line":145,"column":6},"end":{"line":145,"column":21}},{"start":{"line":146,"column":7},"end":{"line":146,"column":18}},{"start":{"line":147,"column":8},"end":{"line":147,"column":23}},{"start":{"line":148,"column":8},"end":{"line":148,"column":25}},{"start":{"line":149,"column":8},"end":{"line":149,"column":24}},{"start":{"line":150,"column":8},"end":{"line":150,"column":35}}]},"3":{"loc":{"start":{"line":159,"column":25},"end":{"line":159,"column":58}},"type":"binary-expr","locations":[{"start":{"line":159,"column":25},"end":{"line":159,"column":52}},{"start":{"line":159,"column":56},"end":{"line":159,"column":58}}]},"4":{"loc":{"start":{"line":179,"column":4},"end":{"line":185,"column":5}},"type":"if","locations":[{"start":{"line":179,"column":4},"end":{"line":185,"column":5}}]},"5":{"loc":{"start":{"line":182,"column":22},"end":{"line":182,"column":57}},"type":"binary-expr","locations":[{"start":{"line":182,"column":22},"end":{"line":182,"column":38}},{"start":{"line":182,"column":42},"end":{"line":182,"column":57}}]},"6":{"loc":{"start":{"line":198,"column":23},"end":{"line":198,"column":56}},"type":"binary-expr","locations":[{"start":{"line":198,"column":23},"end":{"line":198,"column":50}},{"start":{"line":198,"column":54},"end":{"line":198,"column":56}}]},"7":{"loc":{"start":{"line":224,"column":25},"end":{"line":224,"column":58}},"type":"binary-expr","locations":[{"start":{"line":224,"column":25},"end":{"line":224,"column":52}},{"start":{"line":224,"column":56},"end":{"line":224,"column":58}}]},"8":{"loc":{"start":{"line":246,"column":6},"end":{"line":267,"column":7}},"type":"if","locations":[{"start":{"line":246,"column":6},"end":{"line":267,"column":7}},{"start":{"line":257,"column":13},"end":{"line":267,"column":7}}]},"9":{"loc":{"start":{"line":246,"column":10},"end":{"line":246,"column":42}},"type":"binary-expr","locations":[{"start":{"line":246,"column":10},"end":{"line":246,"column":24}},{"start":{"line":246,"column":28},"end":{"line":246,"column":42}}]},"10":{"loc":{"start":{"line":249,"column":24},"end":{"line":249,"column":44}},"type":"binary-expr","locations":[{"start":{"line":249,"column":24},"end":{"line":249,"column":38}},{"start":{"line":249,"column":42},"end":{"line":249,"column":44}}]},"11":{"loc":{"start":{"line":250,"column":18},"end":{"line":250,"column":61}},"type":"cond-expr","locations":[{"start":{"line":250,"column":37},"end":{"line":250,"column":52}},{"start":{"line":250,"column":55},"end":{"line":250,"column":61}}]},"12":{"loc":{"start":{"line":261,"column":24},"end":{"line":261,"column":64}},"type":"binary-expr","locations":[{"start":{"line":261,"column":24},"end":{"line":261,"column":36}},{"start":{"line":261,"column":40},"end":{"line":261,"column":64}}]},"13":{"loc":{"start":{"line":281,"column":21},"end":{"line":281,"column":63}},"type":"cond-expr","locations":[{"start":{"line":281,"column":42},"end":{"line":281,"column":51}},{"start":{"line":281,"column":54},"end":{"line":281,"column":63}}]},"14":{"loc":{"start":{"line":282,"column":19},"end":{"line":282,"column":54}},"type":"cond-expr","locations":[{"start":{"line":282,"column":40},"end":{"line":282,"column":47}},{"start":{"line":282,"column":50},"end":{"line":282,"column":54}}]},"15":{"loc":{"start":{"line":323,"column":23},"end":{"line":323,"column":86}},"type":"cond-expr","locations":[{"start":{"line":323,"column":50},"end":{"line":323,"column":81}},{"start":{"line":323,"column":84},"end":{"line":323,"column":86}}]},"16":{"loc":{"start":{"line":329,"column":11},"end":{"line":334,"column":18}},"type":"cond-expr","locations":[{"start":{"line":330,"column":12},"end":{"line":331,"column":null}},{"start":{"line":334,"column":14},"end":{"line":334,"column":18}}]},"17":{"loc":{"start":{"line":369,"column":15},"end":{"line":397,"column":null}},"type":"binary-expr","locations":[{"start":{"line":369,"column":15},"end":{"line":369,"column":33}},{"start":{"line":369,"column":37},"end":{"line":369,"column":51}},{"start":{"line":369,"column":55},"end":{"line":369,"column":74}},{"start":{"line":370,"column":16},"end":{"line":396,"column":null}}]},"18":{"loc":{"start":{"line":378,"column":24},"end":{"line":380,"column":null}},"type":"cond-expr","locations":[{"start":{"line":379,"column":28},"end":{"line":379,"column":73}},{"start":{"line":380,"column":28},"end":{"line":380,"column":null}}]},"19":{"loc":{"start":{"line":409,"column":11},"end":{"line":550,"column":18}},"type":"cond-expr","locations":[{"start":{"line":410,"column":12},"end":{"line":548,"column":null}},{"start":{"line":550,"column":14},"end":{"line":550,"column":18}}]},"20":{"loc":{"start":{"line":413,"column":17},"end":{"line":458,"column":null}},"type":"binary-expr","locations":[{"start":{"line":413,"column":17},"end":{"line":413,"column":60}},{"start":{"line":414,"column":18},"end":{"line":457,"column":null}}]},"21":{"loc":{"start":{"line":428,"column":30},"end":{"line":430,"column":56}},"type":"cond-expr","locations":[{"start":{"line":429,"column":34},"end":{"line":429,"column":57}},{"start":{"line":430,"column":34},"end":{"line":430,"column":56}}]},"22":{"loc":{"start":{"line":433,"column":29},"end":{"line":435,"column":41}},"type":"cond-expr","locations":[{"start":{"line":434,"column":32},"end":{"line":434,"column":81}},{"start":{"line":435,"column":32},"end":{"line":435,"column":41}}]},"23":{"loc":{"start":{"line":471,"column":53},"end":{"line":471,"column":110}},"type":"cond-expr","locations":[{"start":{"line":471,"column":91},"end":{"line":471,"column":105}},{"start":{"line":471,"column":108},"end":{"line":471,"column":110}}]},"24":{"loc":{"start":{"line":474,"column":23},"end":{"line":474,"column":87}},"type":"cond-expr","locations":[{"start":{"line":474,"column":61},"end":{"line":474,"column":70}},{"start":{"line":474,"column":73},"end":{"line":474,"column":87}}]},"25":{"loc":{"start":{"line":480,"column":23},"end":{"line":482,"column":55}},"type":"cond-expr","locations":[{"start":{"line":481,"column":26},"end":{"line":481,"column":81}},{"start":{"line":482,"column":26},"end":{"line":482,"column":55}}]},"26":{"loc":{"start":{"line":497,"column":53},"end":{"line":497,"column":110}},"type":"cond-expr","locations":[{"start":{"line":497,"column":91},"end":{"line":497,"column":105}},{"start":{"line":497,"column":108},"end":{"line":497,"column":110}}]},"27":{"loc":{"start":{"line":500,"column":23},"end":{"line":500,"column":87}},"type":"cond-expr","locations":[{"start":{"line":500,"column":61},"end":{"line":500,"column":70}},{"start":{"line":500,"column":73},"end":{"line":500,"column":87}}]},"28":{"loc":{"start":{"line":506,"column":23},"end":{"line":508,"column":82}},"type":"cond-expr","locations":[{"start":{"line":507,"column":26},"end":{"line":507,"column":79}},{"start":{"line":508,"column":26},"end":{"line":508,"column":82}}]},"29":{"loc":{"start":{"line":514,"column":17},"end":{"line":536,"column":null}},"type":"binary-expr","locations":[{"start":{"line":514,"column":17},"end":{"line":514,"column":35}},{"start":{"line":515,"column":18},"end":{"line":535,"column":null}}]},"30":{"loc":{"start":{"line":524,"column":55},"end":{"line":524,"column":116}},"type":"cond-expr","locations":[{"start":{"line":524,"column":97},"end":{"line":524,"column":111}},{"start":{"line":524,"column":114},"end":{"line":524,"column":116}}]},"31":{"loc":{"start":{"line":527,"column":25},"end":{"line":527,"column":98}},"type":"cond-expr","locations":[{"start":{"line":527,"column":67},"end":{"line":527,"column":76}},{"start":{"line":527,"column":79},"end":{"line":527,"column":98}}]},"32":{"loc":{"start":{"line":541,"column":17},"end":{"line":546,"column":null}},"type":"binary-expr","locations":[{"start":{"line":541,"column":17},"end":{"line":541,"column":40}},{"start":{"line":541,"column":44},"end":{"line":541,"column":63}},{"start":{"line":541,"column":67},"end":{"line":541,"column":81}},{"start":{"line":542,"column":18},"end":{"line":545,"column":null}}]}},"s":{"0":1,"1":1,"2":1,"3":1,"4":1,"5":1,"6":1,"7":1,"8":1,"9":1,"10":1,"11":1,"12":1,"13":1119,"14":1119,"15":1119,"16":3357,"17":3357,"18":3357,"19":3357,"20":1119,"21":1119,"22":1119,"23":1119,"24":1119,"25":1078,"26":1078,"27":1119,"28":1119,"29":1119,"30":1119,"31":1119,"32":8,"33":8,"34":1,"35":1,"36":1,"37":7,"38":7,"39":7,"40":7,"41":7,"42":7,"43":7,"44":7,"45":7,"46":6,"47":6,"48":5,"49":4,"50":4,"51":1,"52":1,"53":2,"54":2,"55":2,"56":2,"57":1,"58":1119,"59":1076,"60":1,"61":1,"62":0,"63":0,"64":0,"65":0,"66":0,"67":0,"68":8,"69":0,"70":0,"71":1,"72":1},"f":{"0":1119,"1":3357,"2":3357,"3":3357,"4":3357,"5":1078,"6":1078,"7":1119,"8":8,"9":1,"10":7,"11":4,"12":1,"13":1,"14":1076,"15":1,"16":1,"17":0,"18":0,"19":0,"20":0,"21":0,"22":0,"23":8,"24":0,"25":0},"b":{"0":[3357,1119],"1":[1119],"2":[1119,1119,30,0,0,0],"3":[1119,1119],"4":[1],"5":[1,0],"6":[7,7],"7":[7,7],"8":[4,1],"9":[5,4],"10":[4,0],"11":[0,4],"12":[1,0],"13":[2,0],"14":[2,0],"15":[1106,13],"16":[0,1119],"17":[1119,4,4,4],"18":[0,4],"19":[0,1119],"20":[0,0],"21":[0,0],"22":[0,0],"23":[0,0],"24":[0,0],"25":[0,0],"26":[0,0],"27":[0,0],"28":[0,0],"29":[0,0],"30":[0,0],"31":[0,0],"32":[0,0,0,0]}}
,"/Users/mraible/dev/foundry-sample-charlotte-toolkit/ui/extensions/charlotte-toolkit-ui/src/components/QueryForm.tsx": {"path":"/Users/mraible/dev/foundry-sample-charlotte-toolkit/ui/extensions/charlotte-toolkit-ui/src/components/QueryForm.tsx","statementMap":{"0":{"start":{"line":3,"column":0},"end":{"line":3,"column":81}},"1":{"start":{"line":4,"column":0},"end":{"line":4,"column":26}},"2":{"start":{"line":7,"column":0},"end":{"line":7,"column":61}},"3":{"start":{"line":10,"column":0},"end":{"line":10,"column":63}},"4":{"start":{"line":11,"column":0},"end":{"line":11,"column":65}},"5":{"start":{"line":12,"column":0},"end":{"line":12,"column":51}},"6":{"start":{"line":13,"column":0},"end":{"line":13,"column":49}},"7":{"start":{"line":39,"column":18},"end":{"line":120,"column":null}},"8":{"start":{"line":63,"column":30},"end":{"line":66,"column":5}},"9":{"start":{"line":64,"column":21},"end":{"line":64,"column":50}},"10":{"start":{"line":65,"column":6},"end":{"line":65,"column":33}},"11":{"start":{"line":68,"column":4},"end":{"line":119,"column":6}},"12":{"start":{"line":90,"column":12},"end":{"line":90,"column":41}},"13":{"start":{"line":123,"column":0},"end":{"line":123,"column":36}},"14":{"start":{"line":125,"column":0},"end":{"line":125,"column":25}}},"fnMap":{"0":{"name":"(anonymous_1)","decl":{"start":{"line":40,"column":2},"end":{"line":40,"column":3}},"loc":{"start":{"line":62,"column":23},"end":{"line":120,"column":3}}},"1":{"name":"(anonymous_2)","decl":{"start":{"line":63,"column":30},"end":{"line":63,"column":31}},"loc":{"start":{"line":63,"column":49},"end":{"line":66,"column":5}}},"2":{"name":"(anonymous_3)","decl":{"start":{"line":89,"column":39},"end":{"line":89,"column":45}},"loc":{"start":{"line":90,"column":12},"end":{"line":90,"column":41}}}},"branchMap":{},"s":{"0":1,"1":1,"2":1,"3":1,"4":1,"5":1,"6":1,"7":1,"8":26,"9":0,"10":0,"11":26,"12":78,"13":1,"14":1},"f":{"0":26,"1":0,"2":78},"b":{}}
,"/Users/mraible/dev/foundry-sample-charlotte-toolkit/ui/extensions/charlotte-toolkit-ui/src/components/ResponseDisplay.tsx": {"path":"/Users/mraible/dev/foundry-sample-charlotte-toolkit/ui/extensions/charlotte-toolkit-ui/src/components/ResponseDisplay.tsx","statementMap":{"0":{"start":{"line":3,"column":0},"end":{"line":3,"column":72}},"1":{"start":{"line":4,"column":0},"end":{"line":4,"column":26}},"2":{"start":{"line":5,"column":0},"end":{"line":5,"column":43}},"3":{"start":{"line":7,"column":0},"end":{"line":7,"column":69}},"4":{"start":{"line":9,"column":0},"end":{"line":9,"column":53}},"5":{"start":{"line":10,"column":0},"end":{"line":10,"column":56}},"6":{"start":{"line":11,"column":0},"end":{"line":11,"column":40}},"7":{"start":{"line":17,"column":27},"end":{"line":60,"column":1}},"8":{"start":{"line":18,"column":18},"end":{"line":18,"column":22}},"9":{"start":{"line":21,"column":2},"end":{"line":28,"column":5}},"10":{"start":{"line":22,"column":19},"end":{"line":26,"column":17}},"11":{"start":{"line":25,"column":27},"end":{"line":25,"column":40}},"12":{"start":{"line":27,"column":4},"end":{"line":27,"column":33}},"13":{"start":{"line":31,"column":2},"end":{"line":35,"column":5}},"14":{"start":{"line":33,"column":29},"end":{"line":33,"column":77}},"15":{"start":{"line":34,"column":4},"end":{"line":34,"column":68}},"16":{"start":{"line":38,"column":2},"end":{"line":39,"column":25}},"17":{"start":{"line":42,"column":2},"end":{"line":42,"column":133}},"18":{"start":{"line":45,"column":2},"end":{"line":45,"column":98}},"19":{"start":{"line":46,"column":2},"end":{"line":46,"column":96}},"20":{"start":{"line":47,"column":2},"end":{"line":47,"column":96}},"21":{"start":{"line":50,"column":2},"end":{"line":53,"column":4}},"22":{"start":{"line":52,"column":13},"end":{"line":52,"column":71}},"23":{"start":{"line":56,"column":2},"end":{"line":56,"column":53}},"24":{"start":{"line":57,"column":2},"end":{"line":57,"column":46}},"25":{"start":{"line":59,"column":2},"end":{"line":59,"column":19}},"26":{"start":{"line":68,"column":24},"end":{"line":195,"column":null}},"27":{"start":{"line":71,"column":22},"end":{"line":71,"column":47}},"28":{"start":{"line":74,"column":48},"end":{"line":74,"column":90}},"29":{"start":{"line":77,"column":4},"end":{"line":96,"column":18}},"30":{"start":{"line":78,"column":6},"end":{"line":93,"column":7}},"31":{"start":{"line":79,"column":8},"end":{"line":79,"column":54}},"32":{"start":{"line":81,"column":23},"end":{"line":83,"column":16}},"33":{"start":{"line":82,"column":10},"end":{"line":82,"column":50}},"34":{"start":{"line":85,"column":23},"end":{"line":87,"column":17}},"35":{"start":{"line":86,"column":10},"end":{"line":86,"column":52}},"36":{"start":{"line":89,"column":8},"end":{"line":92,"column":10}},"37":{"start":{"line":90,"column":10},"end":{"line":90,"column":31}},"38":{"start":{"line":91,"column":10},"end":{"line":91,"column":31}},"39":{"start":{"line":95,"column":6},"end":{"line":95,"column":22}},"40":{"start":{"line":99,"column":4},"end":{"line":120,"column":5}},"41":{"start":{"line":100,"column":6},"end":{"line":119,"column":8}},"42":{"start":{"line":123,"column":4},"end":{"line":133,"column":5}},"43":{"start":{"line":124,"column":6},"end":{"line":132,"column":8}},"44":{"start":{"line":136,"column":4},"end":{"line":146,"column":5}},"45":{"start":{"line":137,"column":6},"end":{"line":145,"column":8}},"46":{"start":{"line":149,"column":27},"end":{"line":149,"column":64}},"47":{"start":{"line":151,"column":4},"end":{"line":194,"column":5}},"48":{"start":{"line":154,"column":6},"end":{"line":161,"column":8}},"49":{"start":{"line":167,"column":6},"end":{"line":193,"column":8}},"50":{"start":{"line":198,"column":0},"end":{"line":198,"column":48}},"51":{"start":{"line":200,"column":0},"end":{"line":200,"column":31}}},"fnMap":{"0":{"name":"(anonymous_1)","decl":{"start":{"line":17,"column":27},"end":{"line":17,"column":28}},"loc":{"start":{"line":17,"column":52},"end":{"line":60,"column":1}}},"1":{"name":"(anonymous_2)","decl":{"start":{"line":21,"column":78},"end":{"line":21,"column":79}},"loc":{"start":{"line":21,"column":96},"end":{"line":28,"column":3}}},"2":{"name":"(anonymous_3)","decl":{"start":{"line":25,"column":11},"end":{"line":25,"column":12}},"loc":{"start":{"line":25,"column":27},"end":{"line":25,"column":40}}},"3":{"name":"(anonymous_4)","decl":{"start":{"line":31,"column":74},"end":{"line":31,"column":75}},"loc":{"start":{"line":31,"column":115},"end":{"line":35,"column":3}}},"4":{"name":"(anonymous_5)","decl":{"start":{"line":52,"column":4},"end":{"line":52,"column":9}},"loc":{"start":{"line":52,"column":13},"end":{"line":52,"column":71}}},"5":{"name":"(anonymous_6)","decl":{"start":{"line":69,"column":2},"end":{"line":69,"column":3}},"loc":{"start":{"line":69,"column":68},"end":{"line":195,"column":3}}},"6":{"name":"(anonymous_7)","decl":{"start":{"line":77,"column":20},"end":{"line":77,"column":23}},"loc":{"start":{"line":77,"column":25},"end":{"line":96,"column":5}}},"7":{"name":"(anonymous_8)","decl":{"start":{"line":81,"column":34},"end":{"line":81,"column":37}},"loc":{"start":{"line":81,"column":39},"end":{"line":83,"column":9}}},"8":{"name":"(anonymous_9)","decl":{"start":{"line":85,"column":34},"end":{"line":85,"column":37}},"loc":{"start":{"line":85,"column":39},"end":{"line":87,"column":9}}},"9":{"name":"(anonymous_10)","decl":{"start":{"line":89,"column":15},"end":{"line":89,"column":18}},"loc":{"start":{"line":89,"column":20},"end":{"line":92,"column":9}}},"10":{"name":"(anonymous_11)","decl":{"start":{"line":95,"column":13},"end":{"line":95,"column":16}},"loc":{"start":{"line":95,"column":18},"end":{"line":95,"column":21}}}},"branchMap":{"0":{"loc":{"start":{"line":78,"column":6},"end":{"line":93,"column":7}},"type":"if","locations":[{"start":{"line":78,"column":6},"end":{"line":93,"column":7}}]},"1":{"loc":{"start":{"line":99,"column":4},"end":{"line":120,"column":5}},"type":"if","locations":[{"start":{"line":99,"column":4},"end":{"line":120,"column":5}}]},"2":{"loc":{"start":{"line":123,"column":4},"end":{"line":133,"column":5}},"type":"if","locations":[{"start":{"line":123,"column":4},"end":{"line":133,"column":5}}]},"3":{"loc":{"start":{"line":136,"column":4},"end":{"line":146,"column":5}},"type":"if","locations":[{"start":{"line":136,"column":4},"end":{"line":146,"column":5}}]},"4":{"loc":{"start":{"line":151,"column":4},"end":{"line":194,"column":5}},"type":"if","locations":[{"start":{"line":151,"column":4},"end":{"line":194,"column":5}},{"start":{"line":162,"column":11},"end":{"line":194,"column":5}}]}},"s":{"0":1,"1":1,"2":1,"3":1,"4":1,"5":1,"6":1,"7":1,"8":10,"9":10,"10":1,"11":3,"12":1,"13":10,"14":0,"15":0,"16":10,"17":10,"18":10,"19":10,"20":10,"21":10,"22":0,"23":10,"24":10,"25":10,"26":1,"27":30,"28":30,"29":30,"30":28,"31":6,"32":6,"33":1,"34":6,"35":1,"36":6,"37":6,"38":6,"39":22,"40":30,"41":8,"42":22,"43":4,"44":18,"45":4,"46":14,"47":14,"48":4,"49":10,"50":1,"51":1},"f":{"0":10,"1":1,"2":3,"3":0,"4":0,"5":30,"6":28,"7":1,"8":1,"9":6,"10":22},"b":{"0":[6],"1":[8],"2":[4],"3":[4],"4":[4,10]}}
,"/Users/mraible/dev/foundry-sample-charlotte-toolkit/ui/extensions/charlotte-toolkit-ui/src/components/TruncatedText.tsx": {"path":"/Users/mraible/dev/foundry-sample-charlotte-toolkit/ui/extensions/charlotte-toolkit-ui/src/components/TruncatedText.tsx","statementMap":{"0":{"start":{"line":3,"column":0},"end":{"line":3,"column":64}},"1":{"start":{"line":4,"column":0},"end":{"line":4,"column":26}},"2":{"start":{"line":30,"column":59},"end":{"line":55,"column":1}},"3":{"start":{"line":37,"column":22},"end":{"line":37,"column":50}},"4":{"start":{"line":39,"column":2},"end":{"line":52,"column":3}},"5":{"start":{"line":40,"column":4},"end":{"line":51,"column":6}},"6":{"start":{"line":54,"column":2},"end":{"line":54,"column":25}},"7":{"start":{"line":30,"column":13},"end":{"line":30,"column":59}},"8":{"start":{"line":57,"column":0},"end":{"line":57,"column":29}}},"fnMap":{"0":{"name":"(anonymous_1)","decl":{"start":{"line":30,"column":59},"end":{"line":30,"column":60}},"loc":{"start":{"line":35,"column":5},"end":{"line":55,"column":1}}}},"branchMap":{"0":{"loc":{"start":{"line":34,"column":2},"end":{"line":34,"column":19}},"type":"default-arg","locations":[{"start":{"line":34,"column":14},"end":{"line":34,"column":19}}]},"1":{"loc":{"start":{"line":39,"column":2},"end":{"line":52,"column":3}},"type":"if","locations":[{"start":{"line":39,"column":2},"end":{"line":52,"column":3}}]}},"s":{"0":1,"1":1,"2":1,"3":31,"4":31,"5":26,"6":5,"7":1,"8":1},"f":{"0":31},"b":{"0":[20],"1":[26]}}
,"/Users/mraible/dev/foundry-sample-charlotte-toolkit/ui/extensions/charlotte-toolkit-ui/src/components/form/AdvancedOptionsPanel.tsx": {"path":"/Users/mraible/dev/foundry-sample-charlotte-toolkit/ui/extensions/charlotte-toolkit-ui/src/components/form/AdvancedOptionsPanel.tsx","statementMap":{"0":{"start":{"line":3,"column":0},"end":{"line":3,"column":null}},"1":{"start":{"line":14,"column":0},"end":{"line":14,"column":40}},"2":{"start":{"line":16,"column":0},"end":{"line":16,"column":60}},"3":{"start":{"line":31,"column":66},"end":{"line":297,"column":1}},"4":{"start":{"line":44,"column":46},"end":{"line":44,"column":58}},"5":{"start":{"line":47,"column":54},"end":{"line":47,"column":66}},"6":{"start":{"line":50,"column":28},"end":{"line":55,"column":3}},"7":{"start":{"line":51,"column":4},"end":{"line":54,"column":5}},"8":{"start":{"line":52,"column":6},"end":{"line":52,"column":58}},"9":{"start":{"line":53,"column":6},"end":{"line":53,"column":28}},"10":{"start":{"line":58,"column":31},"end":{"line":60,"column":3}},"11":{"start":{"line":59,"column":4},"end":{"line":59,"column":58}},"12":{"start":{"line":59,"column":44},"end":{"line":59,"column":55}},"13":{"start":{"line":63,"column":33},"end":{"line":68,"column":3}},"14":{"start":{"line":64,"column":4},"end":{"line":67,"column":5}},"15":{"start":{"line":65,"column":6},"end":{"line":65,"column":70}},"16":{"start":{"line":66,"column":6},"end":{"line":66,"column":32}},"17":{"start":{"line":71,"column":36},"end":{"line":73,"column":3}},"18":{"start":{"line":72,"column":4},"end":{"line":72,"column":66}},"19":{"start":{"line":72,"column":52},"end":{"line":72,"column":63}},"20":{"start":{"line":75,"column":2},"end":{"line":296,"column":4}},"21":{"start":{"line":84,"column":16},"end":{"line":84,"column":70}},"22":{"start":{"line":106,"column":16},"end":{"line":106,"column":88}},"23":{"start":{"line":111,"column":16},"end":{"line":111,"column":45}},"24":{"start":{"line":139,"column":18},"end":{"line":140,"column":null}},"25":{"start":{"line":150,"column":37},"end":{"line":150,"column":64}},"26":{"start":{"line":170,"column":20},"end":{"line":170,"column":75}},"27":{"start":{"line":173,"column":20},"end":{"line":176,"column":21}},"28":{"start":{"line":174,"column":22},"end":{"line":174,"column":41}},"29":{"start":{"line":175,"column":22},"end":{"line":175,"column":42}},"30":{"start":{"line":211,"column":45},"end":{"line":211,"column":99}},"31":{"start":{"line":238,"column":18},"end":{"line":239,"column":null}},"32":{"start":{"line":249,"column":37},"end":{"line":249,"column":69}},"33":{"start":{"line":268,"column":18},"end":{"line":268,"column":77}},"34":{"start":{"line":271,"column":18},"end":{"line":274,"column":19}},"35":{"start":{"line":272,"column":20},"end":{"line":272,"column":39}},"36":{"start":{"line":273,"column":20},"end":{"line":273,"column":45}},"37":{"start":{"line":299,"column":0},"end":{"line":299,"column":36}}},"fnMap":{"0":{"name":"(anonymous_9)","decl":{"start":{"line":31,"column":66},"end":{"line":31,"column":67}},"loc":{"start":{"line":42,"column":5},"end":{"line":297,"column":1}}},"1":{"name":"(anonymous_10)","decl":{"start":{"line":50,"column":28},"end":{"line":50,"column":31}},"loc":{"start":{"line":50,"column":33},"end":{"line":55,"column":3}}},"2":{"name":"(anonymous_11)","decl":{"start":{"line":58,"column":31},"end":{"line":58,"column":32}},"loc":{"start":{"line":58,"column":49},"end":{"line":60,"column":3}}},"3":{"name":"(anonymous_12)","decl":{"start":{"line":59,"column":34},"end":{"line":59,"column":35}},"loc":{"start":{"line":59,"column":44},"end":{"line":59,"column":55}}},"4":{"name":"(anonymous_13)","decl":{"start":{"line":63,"column":33},"end":{"line":63,"column":36}},"loc":{"start":{"line":63,"column":38},"end":{"line":68,"column":3}}},"5":{"name":"(anonymous_14)","decl":{"start":{"line":71,"column":36},"end":{"line":71,"column":37}},"loc":{"start":{"line":71,"column":54},"end":{"line":73,"column":3}}},"6":{"name":"(anonymous_15)","decl":{"start":{"line":72,"column":42},"end":{"line":72,"column":43}},"loc":{"start":{"line":72,"column":52},"end":{"line":72,"column":63}}},"7":{"name":"(anonymous_16)","decl":{"start":{"line":83,"column":26},"end":{"line":83,"column":27}},"loc":{"start":{"line":84,"column":16},"end":{"line":84,"column":70}}},"8":{"name":"(anonymous_17)","decl":{"start":{"line":105,"column":26},"end":{"line":105,"column":27}},"loc":{"start":{"line":106,"column":16},"end":{"line":106,"column":88}}},"9":{"name":"(anonymous_18)","decl":{"start":{"line":110,"column":39},"end":{"line":110,"column":45}},"loc":{"start":{"line":111,"column":16},"end":{"line":111,"column":45}}},"10":{"name":"(anonymous_19)","decl":{"start":{"line":138,"column":31},"end":{"line":138,"column":32}},"loc":{"start":{"line":139,"column":18},"end":{"line":140,"column":null}}},"11":{"name":"(anonymous_20)","decl":{"start":{"line":150,"column":31},"end":{"line":150,"column":34}},"loc":{"start":{"line":150,"column":37},"end":{"line":150,"column":64}}},"12":{"name":"(anonymous_21)","decl":{"start":{"line":169,"column":29},"end":{"line":169,"column":30}},"loc":{"start":{"line":170,"column":20},"end":{"line":170,"column":75}}},"13":{"name":"(anonymous_22)","decl":{"start":{"line":172,"column":29},"end":{"line":172,"column":30}},"loc":{"start":{"line":172,"column":56},"end":{"line":177,"column":19}}},"14":{"name":"(anonymous_23)","decl":{"start":{"line":211,"column":25},"end":{"line":211,"column":26}},"loc":{"start":{"line":211,"column":45},"end":{"line":211,"column":99}}},"15":{"name":"(anonymous_24)","decl":{"start":{"line":237,"column":35},"end":{"line":237,"column":36}},"loc":{"start":{"line":238,"column":18},"end":{"line":239,"column":null}}},"16":{"name":"(anonymous_25)","decl":{"start":{"line":249,"column":31},"end":{"line":249,"column":34}},"loc":{"start":{"line":249,"column":37},"end":{"line":249,"column":69}}},"17":{"name":"(anonymous_26)","decl":{"start":{"line":267,"column":27},"end":{"line":267,"column":28}},"loc":{"start":{"line":268,"column":18},"end":{"line":268,"column":77}}},"18":{"name":"(anonymous_27)","decl":{"start":{"line":270,"column":27},"end":{"line":270,"column":28}},"loc":{"start":{"line":270,"column":54},"end":{"line":275,"column":17}}}},"branchMap":{"0":{"loc":{"start":{"line":51,"column":4},"end":{"line":54,"column":5}},"type":"if","locations":[{"start":{"line":51,"column":4},"end":{"line":54,"column":5}}]},"1":{"loc":{"start":{"line":51,"column":8},"end":{"line":51,"column":53}},"type":"binary-expr","locations":[{"start":{"line":51,"column":8},"end":{"line":51,"column":29}},{"start":{"line":51,"column":33},"end":{"line":51,"column":53}}]},"2":{"loc":{"start":{"line":64,"column":4},"end":{"line":67,"column":5}},"type":"if","locations":[{"start":{"line":64,"column":4},"end":{"line":67,"column":5}}]},"3":{"loc":{"start":{"line":130,"column":13},"end":{"line":162,"column":null}},"type":"cond-expr","locations":[{"start":{"line":131,"column":14},"end":{"line":157,"column":null}},{"start":{"line":160,"column":14},"end":{"line":160,"column":null}}]},"4":{"loc":{"start":{"line":164,"column":13},"end":{"line":186,"column":null}},"type":"binary-expr","locations":[{"start":{"line":164,"column":13},"end":{"line":164,"column":33}},{"start":{"line":165,"column":14},"end":{"line":185,"column":null}}]},"5":{"loc":{"start":{"line":173,"column":20},"end":{"line":176,"column":21}},"type":"if","locations":[{"start":{"line":173,"column":20},"end":{"line":176,"column":21}}]},"6":{"loc":{"start":{"line":188,"column":13},"end":{"line":191,"column":null}},"type":"binary-expr","locations":[{"start":{"line":188,"column":13},"end":{"line":188,"column":34}},{"start":{"line":189,"column":14},"end":{"line":189,"column":null}}]},"7":{"loc":{"start":{"line":229,"column":13},"end":{"line":261,"column":null}},"type":"cond-expr","locations":[{"start":{"line":230,"column":14},"end":{"line":256,"column":null}},{"start":{"line":259,"column":14},"end":{"line":259,"column":null}}]},"8":{"loc":{"start":{"line":271,"column":18},"end":{"line":274,"column":19}},"type":"if","locations":[{"start":{"line":271,"column":18},"end":{"line":274,"column":19}}]}},"s":{"0":0,"1":0,"2":0,"3":0,"4":0,"5":0,"6":0,"7":0,"8":0,"9":0,"10":0,"11":0,"12":0,"13":0,"14":0,"15":0,"16":0,"17":0,"18":0,"19":0,"20":0,"21":0,"22":0,"23":0,"24":0,"25":0,"26":0,"27":0,"28":0,"29":0,"30":0,"31":0,"32":0,"33":0,"34":0,"35":0,"36":0,"37":0},"f":{"0":0,"1":0,"2":0,"3":0,"4":0,"5":0,"6":0,"7":0,"8":0,"9":0,"10":0,"11":0,"12":0,"13":0,"14":0,"15":0,"16":0,"17":0,"18":0},"b":{"0":[0],"1":[0,0],"2":[0],"3":[0,0],"4":[0,0],"5":[0],"6":[0,0],"7":[0,0],"8":[0]}}
,"/Users/mraible/dev/foundry-sample-charlotte-toolkit/ui/extensions/charlotte-toolkit-ui/src/components/form/ContextEntitySelector.tsx": {"path":"/Users/mraible/dev/foundry-sample-charlotte-toolkit/ui/extensions/charlotte-toolkit-ui/src/components/form/ContextEntitySelector.tsx","statementMap":{"0":{"start":{"line":3,"column":0},"end":{"line":3,"column":null}},"1":{"start":{"line":11,"column":0},"end":{"line":11,"column":26}},"2":{"start":{"line":14,"column":0},"end":{"line":14,"column":56}},"3":{"start":{"line":15,"column":0},"end":{"line":15,"column":45}},"4":{"start":{"line":24,"column":68},"end":{"line":164,"column":1}},"5":{"start":{"line":30,"column":28},"end":{"line":30,"column":64}},"6":{"start":{"line":33,"column":26},"end":{"line":41,"column":3}},"7":{"start":{"line":34,"column":19},"end":{"line":39,"column":6}},"8":{"start":{"line":35,"column":52},"end":{"line":35,"column":73}},"9":{"start":{"line":36,"column":50},"end":{"line":36,"column":69}},"10":{"start":{"line":37,"column":48},"end":{"line":37,"column":65}},"11":{"start":{"line":38,"column":51},"end":{"line":38,"column":71}},"12":{"start":{"line":40,"column":4},"end":{"line":40,"column":18}},"13":{"start":{"line":44,"column":24},"end":{"line":50,"column":3}},"14":{"start":{"line":45,"column":4},"end":{"line":49,"column":6}},"15":{"start":{"line":52,"column":36},"end":{"line":65,"column":3}},"16":{"start":{"line":53,"column":19},"end":{"line":53,"column":48}},"17":{"start":{"line":54,"column":26},"end":{"line":54,"column":38}},"18":{"start":{"line":56,"column":4},"end":{"line":64,"column":5}},"19":{"start":{"line":57,"column":29},"end":{"line":57,"column":99}},"20":{"start":{"line":57,"column":68},"end":{"line":57,"column":98}},"21":{"start":{"line":58,"column":6},"end":{"line":61,"column":7}},"22":{"start":{"line":59,"column":8},"end":{"line":59,"column":48}},"23":{"start":{"line":60,"column":8},"end":{"line":60,"column":47}},"24":{"start":{"line":63,"column":6},"end":{"line":63,"column":37}},"25":{"start":{"line":67,"column":2},"end":{"line":80,"column":3}},"26":{"start":{"line":68,"column":4},"end":{"line":79,"column":6}},"27":{"start":{"line":82,"column":23},"end":{"line":82,"column":40}},"28":{"start":{"line":84,"column":2},"end":{"line":163,"column":4}},"29":{"start":{"line":96,"column":30},"end":{"line":96,"column":92}},"30":{"start":{"line":96,"column":71},"end":{"line":96,"column":91}},"31":{"start":{"line":97,"column":8},"end":{"line":97,"column":52}},"32":{"start":{"line":97,"column":40},"end":{"line":97,"column":52}},"33":{"start":{"line":99,"column":28},"end":{"line":104,"column":15}},"34":{"start":{"line":106,"column":8},"end":{"line":106,"column":38}},"35":{"start":{"line":106,"column":26},"end":{"line":106,"column":38}},"36":{"start":{"line":107,"column":22},"end":{"line":107,"column":69}},"37":{"start":{"line":109,"column":8},"end":{"line":160,"column":10}},"38":{"start":{"line":123,"column":14},"end":{"line":124,"column":null}},"39":{"start":{"line":150,"column":56},"end":{"line":150,"column":81}},"40":{"start":{"line":151,"column":18},"end":{"line":155,"column":20}},"41":{"start":{"line":166,"column":0},"end":{"line":166,"column":37}}},"fnMap":{"0":{"name":"(anonymous_1)","decl":{"start":{"line":24,"column":68},"end":{"line":24,"column":69}},"loc":{"start":{"line":29,"column":5},"end":{"line":164,"column":1}}},"1":{"name":"(anonymous_2)","decl":{"start":{"line":33,"column":26},"end":{"line":33,"column":29}},"loc":{"start":{"line":33,"column":31},"end":{"line":41,"column":3}}},"2":{"name":"(anonymous_3)","decl":{"start":{"line":35,"column":45},"end":{"line":35,"column":48}},"loc":{"start":{"line":35,"column":52},"end":{"line":35,"column":73}}},"3":{"name":"(anonymous_4)","decl":{"start":{"line":36,"column":43},"end":{"line":36,"column":46}},"loc":{"start":{"line":36,"column":50},"end":{"line":36,"column":69}}},"4":{"name":"(anonymous_5)","decl":{"start":{"line":37,"column":41},"end":{"line":37,"column":44}},"loc":{"start":{"line":37,"column":48},"end":{"line":37,"column":65}}},"5":{"name":"(anonymous_6)","decl":{"start":{"line":38,"column":44},"end":{"line":38,"column":47}},"loc":{"start":{"line":38,"column":51},"end":{"line":38,"column":71}}},"6":{"name":"(anonymous_7)","decl":{"start":{"line":44,"column":24},"end":{"line":44,"column":25}},"loc":{"start":{"line":44,"column":59},"end":{"line":50,"column":3}}},"7":{"name":"(anonymous_8)","decl":{"start":{"line":52,"column":36},"end":{"line":52,"column":37}},"loc":{"start":{"line":52,"column":55},"end":{"line":65,"column":3}}},"8":{"name":"(anonymous_9)","decl":{"start":{"line":57,"column":58},"end":{"line":57,"column":64}},"loc":{"start":{"line":57,"column":68},"end":{"line":57,"column":98}}},"9":{"name":"(anonymous_10)","decl":{"start":{"line":95,"column":45},"end":{"line":95,"column":46}},"loc":{"start":{"line":95,"column":61},"end":{"line":161,"column":7}}},"10":{"name":"(anonymous_11)","decl":{"start":{"line":96,"column":61},"end":{"line":96,"column":67}},"loc":{"start":{"line":96,"column":71},"end":{"line":96,"column":91}}},"11":{"name":"(anonymous_12)","decl":{"start":{"line":122,"column":31},"end":{"line":122,"column":37}},"loc":{"start":{"line":123,"column":14},"end":{"line":124,"column":null}}},"12":{"name":"(anonymous_13)","decl":{"start":{"line":149,"column":18},"end":{"line":149,"column":21}},"loc":{"start":{"line":149,"column":23},"end":{"line":156,"column":17}}}},"branchMap":{"0":{"loc":{"start":{"line":46,"column":6},"end":{"line":48,"column":62}},"type":"binary-expr","locations":[{"start":{"line":46,"column":6},"end":{"line":46,"column":23}},{"start":{"line":47,"column":6},"end":{"line":47,"column":25}},{"start":{"line":48,"column":6},"end":{"line":48,"column":62}}]},"1":{"loc":{"start":{"line":48,"column":41},"end":{"line":48,"column":61}},"type":"binary-expr","locations":[{"start":{"line":48,"column":41},"end":{"line":48,"column":55}},{"start":{"line":48,"column":59},"end":{"line":48,"column":61}}]},"2":{"loc":{"start":{"line":56,"column":4},"end":{"line":64,"column":5}},"type":"if","locations":[{"start":{"line":56,"column":4},"end":{"line":64,"column":5}},{"start":{"line":62,"column":11},"end":{"line":64,"column":5}}]},"3":{"loc":{"start":{"line":58,"column":6},"end":{"line":61,"column":7}},"type":"if","locations":[{"start":{"line":58,"column":6},"end":{"line":61,"column":7}}]},"4":{"loc":{"start":{"line":67,"column":2},"end":{"line":80,"column":3}},"type":"if","locations":[{"start":{"line":67,"column":2},"end":{"line":80,"column":3}}]},"5":{"loc":{"start":{"line":87,"column":13},"end":{"line":87,"column":40}},"type":"binary-expr","locations":[{"start":{"line":87,"column":13},"end":{"line":87,"column":34}},{"start":{"line":87,"column":38},"end":{"line":87,"column":40}}]},"6":{"loc":{"start":{"line":97,"column":8},"end":{"line":97,"column":52}},"type":"if","locations":[{"start":{"line":97,"column":8},"end":{"line":97,"column":52}}]},"7":{"loc":{"start":{"line":106,"column":8},"end":{"line":106,"column":38}},"type":"if","locations":[{"start":{"line":106,"column":8},"end":{"line":106,"column":38}}]},"8":{"loc":{"start":{"line":112,"column":13},"end":{"line":112,"column":39}},"type":"binary-expr","locations":[{"start":{"line":112,"column":13},"end":{"line":112,"column":22}},{"start":{"line":112,"column":26},"end":{"line":112,"column":39}}]},"9":{"loc":{"start":{"line":126,"column":27},"end":{"line":126,"column":70}},"type":"cond-expr","locations":[{"start":{"line":126,"column":51},"end":{"line":126,"column":65}},{"start":{"line":126,"column":68},"end":{"line":126,"column":70}}]},"10":{"loc":{"start":{"line":129,"column":17},"end":{"line":130,"column":null}},"type":"binary-expr","locations":[{"start":{"line":129,"column":18},"end":{"line":129,"column":42}},{"start":{"line":129,"column":46},"end":{"line":129,"column":73}},{"start":{"line":130,"column":18},"end":{"line":130,"column":61}}]},"11":{"loc":{"start":{"line":132,"column":17},"end":{"line":132,"column":83}},"type":"binary-expr","locations":[{"start":{"line":132,"column":17},"end":{"line":132,"column":42}},{"start":{"line":132,"column":46},"end":{"line":132,"column":83}}]},"12":{"loc":{"start":{"line":133,"column":17},"end":{"line":133,"column":95}},"type":"binary-expr","locations":[{"start":{"line":133,"column":17},"end":{"line":133,"column":41}},{"start":{"line":133,"column":45},"end":{"line":133,"column":95}}]},"13":{"loc":{"start":{"line":134,"column":17},"end":{"line":134,"column":94}},"type":"binary-expr","locations":[{"start":{"line":134,"column":17},"end":{"line":134,"column":46}},{"start":{"line":134,"column":50},"end":{"line":134,"column":94}}]},"14":{"loc":{"start":{"line":135,"column":17},"end":{"line":135,"column":101}},"type":"binary-expr","locations":[{"start":{"line":135,"column":17},"end":{"line":135,"column":47}},{"start":{"line":135,"column":51},"end":{"line":135,"column":101}}]},"15":{"loc":{"start":{"line":138,"column":17},"end":{"line":138,"column":98}},"type":"binary-expr","locations":[{"start":{"line":138,"column":17},"end":{"line":138,"column":37}},{"start":{"line":138,"column":41},"end":{"line":138,"column":56}},{"start":{"line":138,"column":60},"end":{"line":138,"column":98}}]},"16":{"loc":{"start":{"line":139,"column":17},"end":{"line":140,"column":null}},"type":"binary-expr","locations":[{"start":{"line":139,"column":17},"end":{"line":139,"column":41}},{"start":{"line":139,"column":45},"end":{"line":139,"column":60}},{"start":{"line":140,"column":18},"end":{"line":140,"column":68}}]},"17":{"loc":{"start":{"line":142,"column":17},"end":{"line":143,"column":null}},"type":"binary-expr","locations":[{"start":{"line":142,"column":17},"end":{"line":142,"column":40}},{"start":{"line":142,"column":44},"end":{"line":142,"column":59}},{"start":{"line":143,"column":18},"end":{"line":143,"column":68}}]},"18":{"loc":{"start":{"line":145,"column":17},"end":{"line":146,"column":null}},"type":"binary-expr","locations":[{"start":{"line":145,"column":17},"end":{"line":145,"column":39}},{"start":{"line":145,"column":43},"end":{"line":145,"column":58}},{"start":{"line":146,"column":18},"end":{"line":146,"column":59}}]}},"s":{"0":0,"1":0,"2":0,"3":0,"4":0,"5":0,"6":0,"7":0,"8":0,"9":0,"10":0,"11":0,"12":0,"13":0,"14":0,"15":0,"16":0,"17":0,"18":0,"19":0,"20":0,"21":0,"22":0,"23":0,"24":0,"25":0,"26":0,"27":0,"28":0,"29":0,"30":0,"31":0,"32":0,"33":0,"34":0,"35":0,"36":0,"37":0,"38":0,"39":0,"40":0,"41":0},"f":{"0":0,"1":0,"2":0,"3":0,"4":0,"5":0,"6":0,"7":0,"8":0,"9":0,"10":0,"11":0,"12":0},"b":{"0":[0,0,0],"1":[0,0],"2":[0,0],"3":[0],"4":[0],"5":[0,0],"6":[0],"7":[0],"8":[0,0],"9":[0,0],"10":[0,0,0],"11":[0,0],"12":[0,0],"13":[0,0],"14":[0,0],"15":[0,0,0],"16":[0,0,0],"17":[0,0,0],"18":[0,0,0]}}
,"/Users/mraible/dev/foundry-sample-charlotte-toolkit/ui/extensions/charlotte-toolkit-ui/src/components/form/PromptTextarea.tsx": {"path":"/Users/mraible/dev/foundry-sample-charlotte-toolkit/ui/extensions/charlotte-toolkit-ui/src/components/form/PromptTextarea.tsx","statementMap":{"0":{"start":{"line":3,"column":0},"end":{"line":3,"column":73}},"1":{"start":{"line":4,"column":0},"end":{"line":4,"column":49}},"2":{"start":{"line":11,"column":54},"end":{"line":75,"column":1}},"3":{"start":{"line":13,"column":22},"end":{"line":13,"column":39}},"4":{"start":{"line":16,"column":2},"end":{"line":35,"column":9}},"5":{"start":{"line":17,"column":4},"end":{"line":34,"column":5}},"6":{"start":{"line":18,"column":22},"end":{"line":18,"column":41}},"7":{"start":{"line":21,"column":6},"end":{"line":21,"column":40}},"8":{"start":{"line":24,"column":6},"end":{"line":33,"column":13}},"9":{"start":{"line":25,"column":8},"end":{"line":25,"column":38}},"10":{"start":{"line":26,"column":33},"end":{"line":26,"column":67}},"11":{"start":{"line":27,"column":8},"end":{"line":27,"column":55}},"12":{"start":{"line":30,"column":8},"end":{"line":32,"column":15}},"13":{"start":{"line":31,"column":10},"end":{"line":31,"column":61}},"14":{"start":{"line":38,"column":30},"end":{"line":58,"column":3}},"15":{"start":{"line":39,"column":19},"end":{"line":39,"column":50}},"16":{"start":{"line":40,"column":21},"end":{"line":40,"column":33}},"17":{"start":{"line":43,"column":4},"end":{"line":54,"column":5}},"18":{"start":{"line":44,"column":22},"end":{"line":44,"column":41}},"19":{"start":{"line":45,"column":28},"end":{"line":45,"column":48}},"20":{"start":{"line":48,"column":24},"end":{"line":48,"column":59}},"21":{"start":{"line":51,"column":6},"end":{"line":53,"column":7}},"22":{"start":{"line":52,"column":8},"end":{"line":52,"column":48}},"23":{"start":{"line":57,"column":4},"end":{"line":57,"column":23}},"24":{"start":{"line":60,"column":2},"end":{"line":74,"column":4}},"25":{"start":{"line":77,"column":0},"end":{"line":77,"column":30}}},"fnMap":{"0":{"name":"(anonymous_9)","decl":{"start":{"line":11,"column":54},"end":{"line":11,"column":55}},"loc":{"start":{"line":11,"column":78},"end":{"line":75,"column":1}}},"1":{"name":"(anonymous_10)","decl":{"start":{"line":16,"column":12},"end":{"line":16,"column":15}},"loc":{"start":{"line":16,"column":17},"end":{"line":35,"column":3}}},"2":{"name":"(anonymous_11)","decl":{"start":{"line":24,"column":17},"end":{"line":24,"column":20}},"loc":{"start":{"line":24,"column":22},"end":{"line":33,"column":7}}},"3":{"name":"(anonymous_12)","decl":{"start":{"line":30,"column":19},"end":{"line":30,"column":22}},"loc":{"start":{"line":30,"column":24},"end":{"line":32,"column":9}}},"4":{"name":"(anonymous_13)","decl":{"start":{"line":38,"column":30},"end":{"line":38,"column":31}},"loc":{"start":{"line":38,"column":49},"end":{"line":58,"column":3}}}},"branchMap":{"0":{"loc":{"start":{"line":17,"column":4},"end":{"line":34,"column":5}},"type":"if","locations":[{"start":{"line":17,"column":4},"end":{"line":34,"column":5}}]},"1":{"loc":{"start":{"line":43,"column":4},"end":{"line":54,"column":5}},"type":"if","locations":[{"start":{"line":43,"column":4},"end":{"line":54,"column":5}}]},"2":{"loc":{"start":{"line":51,"column":6},"end":{"line":53,"column":7}},"type":"if","locations":[{"start":{"line":51,"column":6},"end":{"line":53,"column":7}}]}},"s":{"0":0,"1":0,"2":0,"3":0,"4":0,"5":0,"6":0,"7":0,"8":0,"9":0,"10":0,"11":0,"12":0,"13":0,"14":0,"15":0,"16":0,"17":0,"18":0,"19":0,"20":0,"21":0,"22":0,"23":0,"24":0,"25":0},"f":{"0":0,"1":0,"2":0,"3":0,"4":0},"b":{"0":[0],"1":[0],"2":[0]}}
,"/Users/mraible/dev/foundry-sample-charlotte-toolkit/ui/extensions/charlotte-toolkit-ui/src/components/form/SubmitSection.tsx": {"path":"/Users/mraible/dev/foundry-sample-charlotte-toolkit/ui/extensions/charlotte-toolkit-ui/src/components/form/SubmitSection.tsx","statementMap":{"0":{"start":{"line":3,"column":0},"end":{"line":3,"column":83}},"1":{"start":{"line":4,"column":0},"end":{"line":4,"column":26}},"2":{"start":{"line":14,"column":52},"end":{"line":47,"column":1}},"3":{"start":{"line":21,"column":2},"end":{"line":46,"column":4}},"4":{"start":{"line":29,"column":12},"end":{"line":29,"column":72}},"5":{"start":{"line":49,"column":0},"end":{"line":49,"column":29}}},"fnMap":{"0":{"name":"(anonymous_1)","decl":{"start":{"line":14,"column":52},"end":{"line":14,"column":53}},"loc":{"start":{"line":20,"column":5},"end":{"line":47,"column":1}}},"1":{"name":"(anonymous_2)","decl":{"start":{"line":28,"column":22},"end":{"line":28,"column":23}},"loc":{"start":{"line":29,"column":12},"end":{"line":29,"column":72}}}},"branchMap":{"0":{"loc":{"start":{"line":38,"column":20},"end":{"line":38,"column":66}},"type":"binary-expr","locations":[{"start":{"line":38,"column":20},"end":{"line":38,"column":27}},{"start":{"line":38,"column":31},"end":{"line":38,"column":44}},{"start":{"line":38,"column":48},"end":{"line":38,"column":66}}]},"1":{"loc":{"start":{"line":41,"column":38},"end":{"line":41,"column":74}},"type":"cond-expr","locations":[{"start":{"line":41,"column":48},"end":{"line":41,"column":65}},{"start":{"line":41,"column":68},"end":{"line":41,"column":74}}]},"2":{"loc":{"start":{"line":42,"column":11},"end":{"line":42,"column":62}},"type":"cond-expr","locations":[{"start":{"line":42,"column":21},"end":{"line":42,"column":35}},{"start":{"line":42,"column":38},"end":{"line":42,"column":62}}]}},"s":{"0":1,"1":1,"2":1,"3":26,"4":2,"5":1},"f":{"0":26,"1":2},"b":{"0":[26,22,16],"1":[4,18],"2":[4,18]}}
,"/Users/mraible/dev/foundry-sample-charlotte-toolkit/ui/extensions/charlotte-toolkit-ui/src/components/markdown/CodeBlock.tsx": {"path":"/Users/mraible/dev/foundry-sample-charlotte-toolkit/ui/extensions/charlotte-toolkit-ui/src/components/markdown/CodeBlock.tsx","statementMap":{"0":{"start":{"line":3,"column":0},"end":{"line":3,"column":91}},"1":{"start":{"line":4,"column":0},"end":{"line":4,"column":26}},"2":{"start":{"line":6,"column":0},"end":{"line":6,"column":68}},"3":{"start":{"line":13,"column":51},"end":{"line":53,"column":1}},"4":{"start":{"line":14,"column":41},"end":{"line":14,"column":61}},"5":{"start":{"line":16,"column":21},"end":{"line":18,"column":3}},"6":{"start":{"line":17,"column":4},"end":{"line":17,"column":38}},"7":{"start":{"line":20,"column":19},"end":{"line":20,"column":64}},"8":{"start":{"line":22,"column":2},"end":{"line":52,"column":4}},"9":{"start":{"line":13,"column":13},"end":{"line":13,"column":51}}},"fnMap":{"0":{"name":"(anonymous_1)","decl":{"start":{"line":13,"column":51},"end":{"line":13,"column":52}},"loc":{"start":{"line":13,"column":79},"end":{"line":53,"column":1}}},"1":{"name":"(anonymous_2)","decl":{"start":{"line":16,"column":21},"end":{"line":16,"column":24}},"loc":{"start":{"line":16,"column":26},"end":{"line":18,"column":3}}}},"branchMap":{"0":{"loc":{"start":{"line":20,"column":19},"end":{"line":20,"column":64}},"type":"binary-expr","locations":[{"start":{"line":20,"column":19},"end":{"line":20,"column":54}},{"start":{"line":20,"column":58},"end":{"line":20,"column":64}}]},"1":{"loc":{"start":{"line":28,"column":12},"end":{"line":30,"column":52}},"type":"cond-expr","locations":[{"start":{"line":29,"column":16},"end":{"line":29,"column":38}},{"start":{"line":30,"column":16},"end":{"line":30,"column":52}}]},"2":{"loc":{"start":{"line":41,"column":14},"end":{"line":41,"column":null}},"type":"cond-expr","locations":[{"start":{"line":41,"column":45},"end":{"line":41,"column":59}},{"start":{"line":41,"column":62},"end":{"line":41,"column":null}}]}},"s":{"0":1,"1":1,"2":1,"3":1,"4":22,"5":22,"6":4,"7":22,"8":22,"9":1},"f":{"0":22,"1":4},"b":{"0":[22,13],"1":[3,19],"2":[3,19]}}
,"/Users/mraible/dev/foundry-sample-charlotte-toolkit/ui/extensions/charlotte-toolkit-ui/src/components/markdown/InlineCode.tsx": {"path":"/Users/mraible/dev/foundry-sample-charlotte-toolkit/ui/extensions/charlotte-toolkit-ui/src/components/markdown/InlineCode.tsx","statementMap":{"0":{"start":{"line":3,"column":0},"end":{"line":3,"column":81}},"1":{"start":{"line":4,"column":0},"end":{"line":4,"column":26}},"2":{"start":{"line":6,"column":0},"end":{"line":6,"column":55}},"3":{"start":{"line":7,"column":0},"end":{"line":7,"column":68}},"4":{"start":{"line":14,"column":53},"end":{"line":72,"column":1}},"5":{"start":{"line":15,"column":15},"end":{"line":15,"column":31}},"6":{"start":{"line":16,"column":18},"end":{"line":16,"column":42}},"7":{"start":{"line":17,"column":41},"end":{"line":17,"column":61}},"8":{"start":{"line":19,"column":24},"end":{"line":22,"column":3}},"9":{"start":{"line":20,"column":4},"end":{"line":20,"column":24}},"10":{"start":{"line":21,"column":4},"end":{"line":21,"column":26}},"11":{"start":{"line":24,"column":2},"end":{"line":69,"column":3}},"12":{"start":{"line":25,"column":25},"end":{"line":25,"column":57}},"13":{"start":{"line":27,"column":25},"end":{"line":27,"column":45}},"14":{"start":{"line":29,"column":4},"end":{"line":68,"column":6}},"15":{"start":{"line":71,"column":2},"end":{"line":71,"column":55}},"16":{"start":{"line":14,"column":13},"end":{"line":14,"column":53}}},"fnMap":{"0":{"name":"(anonymous_1)","decl":{"start":{"line":14,"column":53},"end":{"line":14,"column":54}},"loc":{"start":{"line":14,"column":81},"end":{"line":72,"column":1}}},"1":{"name":"(anonymous_2)","decl":{"start":{"line":19,"column":24},"end":{"line":19,"column":25}},"loc":{"start":{"line":19,"column":48},"end":{"line":22,"column":3}}}},"branchMap":{"0":{"loc":{"start":{"line":24,"column":2},"end":{"line":69,"column":3}},"type":"if","locations":[{"start":{"line":24,"column":2},"end":{"line":69,"column":3}}]},"1":{"loc":{"start":{"line":36,"column":12},"end":{"line":38,"column":55}},"type":"cond-expr","locations":[{"start":{"line":37,"column":16},"end":{"line":37,"column":38}},{"start":{"line":38,"column":16},"end":{"line":38,"column":55}}]},"2":{"loc":{"start":{"line":53,"column":12},"end":{"line":55,"column":67}},"type":"cond-expr","locations":[{"start":{"line":54,"column":16},"end":{"line":54,"column":38}},{"start":{"line":55,"column":16},"end":{"line":55,"column":67}}]},"3":{"loc":{"start":{"line":63,"column":64},"end":{"line":63,"column":128}},"type":"cond-expr","locations":[{"start":{"line":63,"column":95},"end":{"line":63,"column":109}},{"start":{"line":63,"column":112},"end":{"line":63,"column":128}}]}},"s":{"0":0,"1":0,"2":0,"3":0,"4":0,"5":0,"6":0,"7":0,"8":0,"9":0,"10":0,"11":0,"12":0,"13":0,"14":0,"15":0,"16":0},"f":{"0":0,"1":0},"b":{"0":[0],"1":[0,0],"2":[0,0],"3":[0,0]}}
,"/Users/mraible/dev/foundry-sample-charlotte-toolkit/ui/extensions/charlotte-toolkit-ui/src/components/markdown/index.ts": {"path":"/Users/mraible/dev/foundry-sample-charlotte-toolkit/ui/extensions/charlotte-toolkit-ui/src/components/markdown/index.ts","statementMap":{"0":{"start":{"line":3,"column":0},"end":{"line":3,"column":61}},"1":{"start":{"line":4,"column":0},"end":{"line":4,"column":26}},"2":{"start":{"line":6,"column":0},"end":{"line":6,"column":40}},"3":{"start":{"line":7,"column":0},"end":{"line":7,"column":42}},"4":{"start":{"line":9,"column":0},"end":{"line":9,"column":9}},"5":{"start":{"line":9,"column":9},"end":{"line":9,"column":40}},"6":{"start":{"line":10,"column":0},"end":{"line":10,"column":9}},"7":{"start":{"line":10,"column":9},"end":{"line":10,"column":42}},"8":{"start":{"line":13,"column":33},"end":{"line":40,"column":1}},"9":{"start":{"line":14,"column":18},"end":{"line":14,"column":29}},"10":{"start":{"line":15,"column":13},"end":{"line":18,"column":28}},"11":{"start":{"line":20,"column":23},"end":{"line":27,"column":4}},"12":{"start":{"line":29,"column":19},"end":{"line":29,"column":76}},"13":{"start":{"line":31,"column":2},"end":{"line":39,"column":4}},"14":{"start":{"line":13,"column":13},"end":{"line":13,"column":33}},"15":{"start":{"line":42,"column":24},"end":{"line":52,"column":1}},"16":{"start":{"line":43,"column":2},"end":{"line":51,"column":4}},"17":{"start":{"line":42,"column":13},"end":{"line":42,"column":24}},"18":{"start":{"line":54,"column":39},"end":{"line":63,"column":2}},"19":{"start":{"line":54,"column":46},"end":{"line":63,"column":2}},"20":{"start":{"line":56,"column":4},"end":{"line":58,"column":74}},"21":{"start":{"line":61,"column":4},"end":{"line":61,"column":73}},"22":{"start":{"line":62,"column":46},"end":{"line":62,"column":99}},"23":{"start":{"line":54,"column":13},"end":{"line":54,"column":39}}},"fnMap":{"0":{"name":"(anonymous_1)","decl":{"start":{"line":9,"column":9},"end":{"line":9,"column":18}},"loc":{"start":{"line":9,"column":9},"end":{"line":9,"column":40}}},"1":{"name":"(anonymous_2)","decl":{"start":{"line":10,"column":9},"end":{"line":10,"column":19}},"loc":{"start":{"line":10,"column":9},"end":{"line":10,"column":42}}},"2":{"name":"(anonymous_3)","decl":{"start":{"line":13,"column":33},"end":{"line":13,"column":34}},"loc":{"start":{"line":13,"column":72},"end":{"line":40,"column":1}}},"3":{"name":"(anonymous_4)","decl":{"start":{"line":42,"column":24},"end":{"line":42,"column":25}},"loc":{"start":{"line":42,"column":56},"end":{"line":52,"column":1}}},"4":{"name":"(anonymous_5)","decl":{"start":{"line":54,"column":39},"end":{"line":54,"column":42}},"loc":{"start":{"line":54,"column":46},"end":{"line":63,"column":2}}},"5":{"name":"(anonymous_6)","decl":{"start":{"line":55,"column":8},"end":{"line":55,"column":9}},"loc":{"start":{"line":55,"column":66},"end":{"line":59,"column":3}}},"6":{"name":"(anonymous_7)","decl":{"start":{"line":60,"column":11},"end":{"line":60,"column":12}},"loc":{"start":{"line":61,"column":4},"end":{"line":61,"column":73}}},"7":{"name":"(anonymous_8)","decl":{"start":{"line":62,"column":6},"end":{"line":62,"column":7}},"loc":{"start":{"line":62,"column":46},"end":{"line":62,"column":99}}}},"branchMap":{"0":{"loc":{"start":{"line":29,"column":19},"end":{"line":29,"column":76}},"type":"binary-expr","locations":[{"start":{"line":29,"column":19},"end":{"line":29,"column":67}},{"start":{"line":29,"column":71},"end":{"line":29,"column":76}}]},"1":{"loc":{"start":{"line":56,"column":11},"end":{"line":58,"column":73}},"type":"cond-expr","locations":[{"start":{"line":57,"column":8},"end":{"line":57,"column":74}},{"start":{"line":58,"column":8},"end":{"line":58,"column":73}}]}},"s":{"0":0,"1":0,"2":0,"3":0,"4":0,"5":0,"6":0,"7":0,"8":0,"9":0,"10":0,"11":0,"12":0,"13":0,"14":0,"15":0,"16":0,"17":0,"18":0,"19":0,"20":0,"21":0,"22":0,"23":0},"f":{"0":0,"1":0,"2":0,"3":0,"4":0,"5":0,"6":0,"7":0},"b":{"0":[0,0],"1":[0,0]}}
,"/Users/mraible/dev/foundry-sample-charlotte-toolkit/ui/extensions/charlotte-toolkit-ui/src/components/security/IocDisplay.tsx": {"path":"/Users/mraible/dev/foundry-sample-charlotte-toolkit/ui/extensions/charlotte-toolkit-ui/src/components/security/IocDisplay.tsx","statementMap":{"0":{"start":{"line":3,"column":0},"end":{"line":3,"column":82}},"1":{"start":{"line":4,"column":0},"end":{"line":4,"column":53}},"2":{"start":{"line":7,"column":0},"end":{"line":7,"column":55}},"3":{"start":{"line":13,"column":53},"end":{"line":89,"column":1}},"4":{"start":{"line":14,"column":38},"end":{"line":14,"column":75}},"5":{"start":{"line":16,"column":18},"end":{"line":26,"column":8}},"6":{"start":{"line":17,"column":4},"end":{"line":25,"column":5}},"7":{"start":{"line":18,"column":6},"end":{"line":18,"column":47}},"8":{"start":{"line":19,"column":6},"end":{"line":19,"column":69}},"9":{"start":{"line":19,"column":29},"end":{"line":19,"column":66}},"10":{"start":{"line":20,"column":6},"end":{"line":22,"column":15}},"11":{"start":{"line":21,"column":8},"end":{"line":21,"column":72}},"12":{"start":{"line":21,"column":31},"end":{"line":21,"column":69}},"13":{"start":{"line":28,"column":24},"end":{"line":78,"column":3}},"14":{"start":{"line":29,"column":4},"end":{"line":29,"column":50}},"15":{"start":{"line":29,"column":38},"end":{"line":29,"column":50}},"16":{"start":{"line":31,"column":4},"end":{"line":77,"column":6}},"17":{"start":{"line":41,"column":33},"end":{"line":41,"column":53}},"18":{"start":{"line":43,"column":12},"end":{"line":73,"column":14}},"19":{"start":{"line":60,"column":37},"end":{"line":60,"column":56}},"20":{"start":{"line":80,"column":2},"end":{"line":88,"column":4}},"21":{"start":{"line":13,"column":13},"end":{"line":13,"column":53}}},"fnMap":{"0":{"name":"(anonymous_9)","decl":{"start":{"line":13,"column":53},"end":{"line":13,"column":54}},"loc":{"start":{"line":13,"column":66},"end":{"line":89,"column":1}}},"1":{"name":"(anonymous_10)","decl":{"start":{"line":16,"column":30},"end":{"line":16,"column":35}},"loc":{"start":{"line":16,"column":66},"end":{"line":26,"column":3}}},"2":{"name":"(anonymous_11)","decl":{"start":{"line":19,"column":20},"end":{"line":19,"column":24}},"loc":{"start":{"line":19,"column":29},"end":{"line":19,"column":66}}},"3":{"name":"(anonymous_12)","decl":{"start":{"line":20,"column":17},"end":{"line":20,"column":20}},"loc":{"start":{"line":20,"column":22},"end":{"line":22,"column":7}}},"4":{"name":"(anonymous_13)","decl":{"start":{"line":21,"column":22},"end":{"line":21,"column":26}},"loc":{"start":{"line":21,"column":31},"end":{"line":21,"column":69}}},"5":{"name":"(anonymous_14)","decl":{"start":{"line":28,"column":24},"end":{"line":28,"column":25}},"loc":{"start":{"line":28,"column":70},"end":{"line":78,"column":3}}},"6":{"name":"(anonymous_15)","decl":{"start":{"line":39,"column":21},"end":{"line":39,"column":22}},"loc":{"start":{"line":39,"column":37},"end":{"line":74,"column":11}}},"7":{"name":"(anonymous_16)","decl":{"start":{"line":60,"column":31},"end":{"line":60,"column":34}},"loc":{"start":{"line":60,"column":37},"end":{"line":60,"column":56}}}},"branchMap":{"0":{"loc":{"start":{"line":29,"column":4},"end":{"line":29,"column":50}},"type":"if","locations":[{"start":{"line":29,"column":4},"end":{"line":29,"column":50}}]},"1":{"loc":{"start":{"line":29,"column":8},"end":{"line":29,"column":36}},"type":"binary-expr","locations":[{"start":{"line":29,"column":8},"end":{"line":29,"column":14}},{"start":{"line":29,"column":18},"end":{"line":29,"column":36}}]},"2":{"loc":{"start":{"line":49,"column":22},"end":{"line":51,"column":74}},"type":"cond-expr","locations":[{"start":{"line":50,"column":26},"end":{"line":50,"column":48}},{"start":{"line":51,"column":26},"end":{"line":51,"column":74}}]},"3":{"loc":{"start":{"line":64,"column":30},"end":{"line":64,"column":90}},"type":"cond-expr","locations":[{"start":{"line":64,"column":62},"end":{"line":64,"column":76}},{"start":{"line":64,"column":79},"end":{"line":64,"column":90}}]},"4":{"loc":{"start":{"line":66,"column":26},"end":{"line":66,"column":91}},"type":"cond-expr","locations":[{"start":{"line":66,"column":58},"end":{"line":66,"column":72}},{"start":{"line":66,"column":75},"end":{"line":66,"column":91}}]}},"s":{"0":0,"1":0,"2":0,"3":0,"4":0,"5":0,"6":0,"7":0,"8":0,"9":0,"10":0,"11":0,"12":0,"13":0,"14":0,"15":0,"16":0,"17":0,"18":0,"19":0,"20":0,"21":0},"f":{"0":0,"1":0,"2":0,"3":0,"4":0,"5":0,"6":0,"7":0},"b":{"0":[0],"1":[0,0],"2":[0,0],"3":[0,0],"4":[0,0]}}
,"/Users/mraible/dev/foundry-sample-charlotte-toolkit/ui/extensions/charlotte-toolkit-ui/src/components/security/MitreDisplay.tsx": {"path":"/Users/mraible/dev/foundry-sample-charlotte-toolkit/ui/extensions/charlotte-toolkit-ui/src/components/security/MitreDisplay.tsx","statementMap":{"0":{"start":{"line":3,"column":0},"end":{"line":3,"column":91}},"1":{"start":{"line":4,"column":0},"end":{"line":4,"column":53}},"2":{"start":{"line":7,"column":0},"end":{"line":7,"column":68}},"3":{"start":{"line":8,"column":0},"end":{"line":8,"column":52}},"4":{"start":{"line":14,"column":57},"end":{"line":179,"column":1}},"5":{"start":{"line":15,"column":38},"end":{"line":15,"column":75}},"6":{"start":{"line":17,"column":23},"end":{"line":27,"column":8}},"7":{"start":{"line":18,"column":4},"end":{"line":26,"column":5}},"8":{"start":{"line":19,"column":6},"end":{"line":19,"column":47}},"9":{"start":{"line":20,"column":6},"end":{"line":20,"column":64}},"10":{"start":{"line":20,"column":29},"end":{"line":20,"column":61}},"11":{"start":{"line":21,"column":6},"end":{"line":23,"column":15}},"12":{"start":{"line":22,"column":8},"end":{"line":22,"column":67}},"13":{"start":{"line":22,"column":31},"end":{"line":22,"column":64}},"14":{"start":{"line":29,"column":2},"end":{"line":29,"column":58}},"15":{"start":{"line":29,"column":46},"end":{"line":29,"column":58}},"16":{"start":{"line":32,"column":33},"end":{"line":62,"column":3}},"17":{"start":{"line":34,"column":24},"end":{"line":34,"column":65}},"18":{"start":{"line":35,"column":17},"end":{"line":35,"column":61}},"19":{"start":{"line":38,"column":20},"end":{"line":51,"column":6}},"20":{"start":{"line":53,"column":25},"end":{"line":53,"column":49}},"21":{"start":{"line":55,"column":4},"end":{"line":59,"column":5}},"22":{"start":{"line":56,"column":6},"end":{"line":58,"column":7}},"23":{"start":{"line":56,"column":35},"end":{"line":56,"column":65}},"24":{"start":{"line":57,"column":8},"end":{"line":57,"column":22}},"25":{"start":{"line":61,"column":4},"end":{"line":61,"column":16}},"26":{"start":{"line":65,"column":32},"end":{"line":84,"column":3}},"27":{"start":{"line":66,"column":4},"end":{"line":66,"column":34}},"28":{"start":{"line":66,"column":17},"end":{"line":66,"column":34}},"29":{"start":{"line":68,"column":4},"end":{"line":83,"column":5}},"30":{"start":{"line":71,"column":8},"end":{"line":71,"column":25}},"31":{"start":{"line":74,"column":8},"end":{"line":74,"column":24}},"32":{"start":{"line":77,"column":8},"end":{"line":77,"column":25}},"33":{"start":{"line":80,"column":8},"end":{"line":80,"column":25}},"34":{"start":{"line":82,"column":8},"end":{"line":82,"column":25}},"35":{"start":{"line":87,"column":27},"end":{"line":93,"column":3}},"36":{"start":{"line":88,"column":4},"end":{"line":88,"column":27}},"37":{"start":{"line":88,"column":17},"end":{"line":88,"column":27}},"38":{"start":{"line":89,"column":4},"end":{"line":92,"column":17}},"39":{"start":{"line":91,"column":19},"end":{"line":91,"column":63}},"40":{"start":{"line":95,"column":2},"end":{"line":178,"column":4}},"41":{"start":{"line":98,"column":38},"end":{"line":98,"column":83}},"42":{"start":{"line":99,"column":23},"end":{"line":99,"column":56}},"43":{"start":{"line":100,"column":30},"end":{"line":100,"column":59}},"44":{"start":{"line":101,"column":27},"end":{"line":101,"column":51}},"45":{"start":{"line":103,"column":8},"end":{"line":175,"column":10}},"46":{"start":{"line":127,"column":37},"end":{"line":127,"column":112}},"47":{"start":{"line":161,"column":18},"end":{"line":162,"column":null}},"48":{"start":{"line":14,"column":13},"end":{"line":14,"column":57}}},"fnMap":{"0":{"name":"(anonymous_9)","decl":{"start":{"line":14,"column":57},"end":{"line":14,"column":58}},"loc":{"start":{"line":14,"column":76},"end":{"line":179,"column":1}}},"1":{"name":"(anonymous_10)","decl":{"start":{"line":17,"column":35},"end":{"line":17,"column":40}},"loc":{"start":{"line":17,"column":78},"end":{"line":27,"column":3}}},"2":{"name":"(anonymous_11)","decl":{"start":{"line":20,"column":20},"end":{"line":20,"column":24}},"loc":{"start":{"line":20,"column":29},"end":{"line":20,"column":61}}},"3":{"name":"(anonymous_12)","decl":{"start":{"line":21,"column":17},"end":{"line":21,"column":20}},"loc":{"start":{"line":21,"column":22},"end":{"line":23,"column":7}}},"4":{"name":"(anonymous_13)","decl":{"start":{"line":22,"column":22},"end":{"line":22,"column":26}},"loc":{"start":{"line":22,"column":31},"end":{"line":22,"column":64}}},"5":{"name":"(anonymous_14)","decl":{"start":{"line":32,"column":33},"end":{"line":32,"column":34}},"loc":{"start":{"line":32,"column":78},"end":{"line":62,"column":3}}},"6":{"name":"(anonymous_15)","decl":{"start":{"line":56,"column":24},"end":{"line":56,"column":31}},"loc":{"start":{"line":56,"column":35},"end":{"line":56,"column":65}}},"7":{"name":"(anonymous_16)","decl":{"start":{"line":65,"column":32},"end":{"line":65,"column":33}},"loc":{"start":{"line":65,"column":116},"end":{"line":84,"column":3}}},"8":{"name":"(anonymous_17)","decl":{"start":{"line":87,"column":27},"end":{"line":87,"column":28}},"loc":{"start":{"line":87,"column":61},"end":{"line":93,"column":3}}},"9":{"name":"(anonymous_18)","decl":{"start":{"line":91,"column":11},"end":{"line":91,"column":15}},"loc":{"start":{"line":91,"column":19},"end":{"line":91,"column":63}}},"10":{"name":"(anonymous_19)","decl":{"start":{"line":97,"column":22},"end":{"line":97,"column":23}},"loc":{"start":{"line":97,"column":43},"end":{"line":176,"column":7}}},"11":{"name":"(anonymous_20)","decl":{"start":{"line":127,"column":31},"end":{"line":127,"column":34}},"loc":{"start":{"line":127,"column":37},"end":{"line":127,"column":112}}},"12":{"name":"(anonymous_21)","decl":{"start":{"line":160,"column":42},"end":{"line":160,"column":43}},"loc":{"start":{"line":161,"column":18},"end":{"line":162,"column":null}}}},"branchMap":{"0":{"loc":{"start":{"line":29,"column":2},"end":{"line":29,"column":58}},"type":"if","locations":[{"start":{"line":29,"column":2},"end":{"line":29,"column":58}}]},"1":{"loc":{"start":{"line
[...]
:8,"column":85}},"4":{"start":{"line":11,"column":0},"end":{"line":11,"column":null}},"5":{"start":{"line":12,"column":2},"end":{"line":12,"column":null}},"6":{"start":{"line":13,"column":2},"end":{"line":13,"column":null}},"7":{"start":{"line":14,"column":2},"end":{"line":14,"column":null}},"8":{"start":{"line":15,"column":2},"end":{"line":15,"column":null}},"9":{"start":{"line":16,"column":2},"end":{"line":16,"column":null}},"10":{"start":{"line":17,"column":2},"end":{"line":17,"column":null}},"11":{"start":{"line":18,"column":2},"end":{"line":18,"column":null}},"12":{"start":{"line":19,"column":2},"end":{"line":19,"column":null}},"13":{"start":{"line":25,"column":33},"end":{"line":37,"column":1}},"14":{"start":{"line":26,"column":35},"end":{"line":26,"column":37}},"15":{"start":{"line":28,"column":2},"end":{"line":28,"column":33}},"16":{"start":{"line":28,"column":18},"end":{"line":28,"column":33}},"17":{"start":{"line":31,"column":2},"end":{"line":31,"column":46}},"18":{"start":{"line":32,"column":2},"end":{"line":32,"column":50}},"19":{"start":{"line":33,"column":2},"end":{"line":33,"column":48}},"20":{"start":{"line":34,"column":2},"end":{"line":34,"column":48}},"21":{"start":{"line":36,"column":2},"end":{"line":36,"column":17}},"22":{"start":{"line":42,"column":34},"end":{"line":68,"column":1}},"23":{"start":{"line":43,"column":2},"end":{"line":43,"column":29}},"24":{"start":{"line":43,"column":19},"end":{"line":43,"column":29}},"25":{"start":{"line":45,"column":35},"end":{"line":45,"column":37}},"26":{"start":{"line":48,"column":2},"end":{"line":51,"column":3}},"27":{"start":{"line":49,"column":30},"end":{"line":49,"column":76}},"28":{"start":{"line":50,"column":4},"end":{"line":50,"column":39}},"29":{"start":{"line":54,"column":23},"end":{"line":54,"column":57}},"30":{"start":{"line":55,"column":2},"end":{"line":65,"column":3}},"31":{"start":{"line":56,"column":25},"end":{"line":56,"column":65}},"32":{"start":{"line":57,"column":21},"end":{"line":57,"column":50}},"33":{"start":{"line":60,"column":4},"end":{"line":60,"column":50}},"34":{"start":{"line":61,"column":4},"end":{"line":61,"column":58}},"35":{"start":{"line":62,"column":4},"end":{"line":62,"column":63}},"36":{"start":{"line":63,"column":4},"end":{"line":63,"column":46}},"37":{"start":{"line":64,"column":4},"end":{"line":64,"column":58}},"38":{"start":{"line":67,"column":2},"end":{"line":67,"column":17}},"39":{"start":{"line":42,"column":13},"end":{"line":42,"column":34}},"40":{"start":{"line":73,"column":0},"end":{"line":73,"column":34}},"41":{"start":{"line":75,"column":0},"end":{"line":75,"column":9}},"42":{"start":{"line":75,"column":9},"end":{"line":75,"column":25}},"43":{"start":{"line":75,"column":25},"end":{"line":75,"column":80}},"44":{"start":{"line":76,"column":0},"end":{"line":76,"column":9}},"45":{"start":{"line":76,"column":9},"end":{"line":76,"column":23}},"46":{"start":{"line":76,"column":23},"end":{"line":76,"column":43}},"47":{"start":{"line":76,"column":43},"end":{"line":76,"column":94}},"48":{"start":{"line":77,"column":0},"end":{"line":77,"column":9}},"49":{"start":{"line":77,"column":9},"end":{"line":77,"column":21}},"50":{"start":{"line":77,"column":21},"end":{"line":77,"column":68}},"51":{"start":{"line":78,"column":0},"end":{"line":78,"column":9}},"52":{"start":{"line":78,"column":9},"end":{"line":78,"column":33}},"53":{"start":{"line":78,"column":33},"end":{"line":78,"column":85}}},"fnMap":{"0":{"name":"(anonymous_0)","decl":{"start":{"line":12,"column":2},"end":{"line":12,"column":14}},"loc":{"start":{"line":12,"column":2},"end":{"line":12,"column":null}}},"1":{"name":"(anonymous_1)","decl":{"start":{"line":13,"column":2},"end":{"line":13,"column":23}},"loc":{"start":{"line":13,"column":2},"end":{"line":13,"column":null}}},"2":{"name":"(anonymous_2)","decl":{"start":{"line":14,"column":2},"end":{"line":14,"column":16}},"loc":{"start":{"line":14,"column":2},"end":{"line":14,"column":null}}},"3":{"name":"(anonymous_3)","decl":{"start":{"line":15,"column":2},"end":{"line":15,"column":19}},"loc":{"start":{"line":15,"column":2},"end":{"line":15,"column":null}}},"4":{"name":"(anonymous_4)","decl":{"start":{"line":16,"column":2},"end":{"line":16,"column":19}},"loc":{"start":{"line":16,"column":2},"end":{"line":16,"column":null}}},"5":{"name":"(anonymous_5)","decl":{"start":{"line":17,"column":2},"end":{"line":17,"column":12}},"loc":{"start":{"line":17,"column":2},"end":{"line":17,"column":null}}},"6":{"name":"(anonymous_6)","decl":{"start":{"line":18,"column":2},"end":{"line":18,"column":16}},"loc":{"start":{"line":18,"column":2},"end":{"line":18,"column":null}}},"7":{"name":"(anonymous_7)","decl":{"start":{"line":19,"column":2},"end":{"line":19,"column":23}},"loc":{"start":{"line":19,"column":2},"end":{"line":19,"column":null}}},"8":{"name":"(anonymous_8)","decl":{"start":{"line":25,"column":33},"end":{"line":25,"column":34}},"loc":{"start":{"line":25,"column":69},"end":{"line":37,"column":1}}},"9":{"name":"(anonymous_9)","decl":{"start":{"line":42,"column":34},"end":{"line":42,"column":35}},"loc":{"start":{"line":42,"column":71},"end":{"line":68,"column":1}}},"10":{"name":"(anonymous_10)","decl":{"start":{"line":75,"column":9},"end":{"line":75,"column":23}},"loc":{"start":{"line":75,"column":9},"end":{"line":75,"column":25}}},"11":{"name":"(anonymous_11)","decl":{"start":{"line":75,"column":25},"end":{"line":75,"column":52}},"loc":{"start":{"line":75,"column":25},"end":{"line":75,"column":80}}},"12":{"name":"(anonymous_12)","decl":{"start":{"line":76,"column":9},"end":{"line":76,"column":21}},"loc":{"start":{"line":76,"column":9},"end":{"line":76,"column":23}}},"13":{"name":"(anonymous_13)","decl":{"start":{"line":76,"column":23},"end":{"line":76,"column":41}},"loc":{"start":{"line":76,"column":23},"end":{"line":76,"column":43}}},"14":{"name":"(anonymous_14)","decl":{"start":{"line":76,"column":43},"end":{"line":76,"column":68}},"loc":{"start":{"line":76,"column":43},"end":{"line":76,"column":94}}},"15":{"name":"(anonymous_15)","decl":{"start":{"line":77,"column":9},"end":{"line":77,"column":19}},"loc":{"start":{"line":77,"column":9},"end":{"line":77,"column":21}}},"16":{"name":"(anonymous_16)","decl":{"start":{"line":77,"column":21},"end":{"line":77,"column":44}},"loc":{"start":{"line":77,"column":21},"end":{"line":77,"column":68}}},"17":{"name":"(anonymous_17)","decl":{"start":{"line":78,"column":9},"end":{"line":78,"column":31}},"loc":{"start":{"line":78,"column":9},"end":{"line":78,"column":33}}},"18":{"name":"(anonymous_18)","decl":{"start":{"line":78,"column":33},"end":{"line":78,"column":58}},"loc":{"start":{"line":78,"column":33},"end":{"line":78,"column":85}}}},"branchMap":{"0":{"loc":{"start":{"line":28,"column":2},"end":{"line":28,"column":33}},"type":"if","locations":[{"start":{"line":28,"column":2},"end":{"line":28,"column":33}}]},"1":{"loc":{"start":{"line":43,"column":2},"end":{"line":43,"column":29}},"type":"if","locations":[{"start":{"line":43,"column":2},"end":{"line":43,"column":29}}]},"2":{"loc":{"start":{"line":48,"column":2},"end":{"line":51,"column":3}},"type":"if","locations":[{"start":{"line":48,"column":2},"end":{"line":51,"column":3}}]},"3":{"loc":{"start":{"line":48,"column":6},"end":{"line":48,"column":52}},"type":"binary-expr","locations":[{"start":{"line":48,"column":6},"end":{"line":48,"column":26}},{"start":{"line":48,"column":30},"end":{"line":48,"column":52}}]},"4":{"loc":{"start":{"line":55,"column":2},"end":{"line":65,"column":3}},"type":"if","locations":[{"start":{"line":55,"column":2},"end":{"line":65,"column":3}}]},"5":{"loc":{"start":{"line":56,"column":25},"end":{"line":56,"column":65}},"type":"binary-expr","locations":[{"start":{"line":56,"column":25},"end":{"line":56,"column":59}},{"start":{"line":56,"column":63},"end":{"line":56,"column":65}}]}},"s":{"0":0,"1":0,"2":0,"3":0,"4":0,"5":0,"6":0,"7":0,"8":0,"9":0,"10":0,"11":0,"12":0,"13":0,"14":0,"15":0,"16":0,"17":0,"18":0,"19":0,"20":0,"21":0,"22":0,"23":0,"24":0,"25":0,"26":0,"27":0,"28":0,"29":0,"30":0,"31":0,"32":0,"33":0,"34":0,"35":0,"36":0,"37":0,"38":0,"39":0,"40":0,"41":0,"42":0,"43":0,"44":0,"45":0,"46":0,"47":0,"48":0,"49":0,"50":0,"51":0,"52":0,"53":0},"f":{"0":0,"1":0,"2":0,"3":0,"4":0,"5":0,"6":0,"7":0,"8":0,"9":0,"10":0,"11":0,"12":0,"13":0,"14":0,"15":0,"16":0,"17":0,"18":0},"b":{"0":[0],"1":[0],"2":[0],"3":[0,0],"4":[0],"5":[0,0]}}
,"/Users/mraible/dev/foundry-sample-charlotte-toolkit/ui/extensions/charlotte-toolkit-ui/src/utils/security/iocCore.ts": {"path":"/Users/mraible/dev/foundry-sample-charlotte-toolkit/ui/extensions/charlotte-toolkit-ui/src/utils/security/iocCore.ts","statementMap":{"0":{"start":{"line":9,"column":29},"end":{"line":40,"column":1}},"1":{"start":{"line":10,"column":2},"end":{"line":10,"column":53}},"2":{"start":{"line":10,"column":41},"end":{"line":10,"column":53}},"3":{"start":{"line":13,"column":17},"end":{"line":13,"column":83}},"4":{"start":{"line":14,"column":2},"end":{"line":14,"column":28}},"5":{"start":{"line":14,"column":14},"end":{"line":14,"column":28}},"6":{"start":{"line":18,"column":4},"end":{"line":19,"column":null}},"7":{"start":{"line":21,"column":2},"end":{"line":21,"column":24}},"8":{"start":{"line":21,"column":12},"end":{"line":21,"column":24}},"9":{"start":{"line":24,"column":19},"end":{"line":24,"column":99}},"10":{"start":{"line":25,"column":2},"end":{"line":25,"column":32}},"11":{"start":{"line":25,"column":16},"end":{"line":25,"column":32}},"12":{"start":{"line":28,"column":16},"end":{"line":28,"column":65}},"13":{"start":{"line":29,"column":2},"end":{"line":29,"column":26}},"14":{"start":{"line":29,"column":13},"end":{"line":29,"column":26}},"15":{"start":{"line":32,"column":21},"end":{"line":32,"column":53}},"16":{"start":{"line":33,"column":2},"end":{"line":33,"column":36}},"17":{"start":{"line":33,"column":18},"end":{"line":33,"column":36}},"18":{"start":{"line":36,"column":17},"end":{"line":36,"column":94}},"19":{"start":{"line":37,"column":2},"end":{"line":37,"column":28}},"20":{"start":{"line":37,"column":14},"end":{"line":37,"column":28}},"21":{"start":{"line":39,"column":2},"end":{"line":39,"column":14}},"22":{"start":{"line":9,"column":13},"end":{"line":9,"column":29}},"23":{"start":{"line":49,"column":25},"end":{"line":55,"column":1}},"24":{"start":{"line":50,"column":2},"end":{"line":50,"column":50}},"25":{"start":{"line":50,"column":39},"end":{"line":50,"column":50}},"26":{"start":{"line":51,"column":2},"end":{"line":54,"column":28}},"27":{"start":{"line":49,"column":13},"end":{"line":49,"column":25}},"28":{"start":{"line":60,"column":29},"end":{"line":63,"column":1}},"29":{"start":{"line":61,"column":2},"end":{"line":61,"column":50}},"30":{"start":{"line":61,"column":39},"end":{"line":61,"column":50}},"31":{"start":{"line":62,"column":2},"end":{"line":62,"column":37}},"32":{"start":{"line":60,"column":13},"end":{"line":60,"column":29}},"33":{"start":{"line":68,"column":28},"end":{"line":71,"column":1}},"34":{"start":{"line":69,"column":2},"end":{"line":69,"column":50}},"35":{"start":{"line":69,"column":39},"end":{"line":69,"column":50}},"36":{"start":{"line":70,"column":2},"end":{"line":70,"column":49}},"37":{"start":{"line":68,"column":13},"end":{"line":68,"column":28}},"38":{"start":{"line":76,"column":36},"end":{"line":91,"column":1}},"39":{"start":{"line":80,"column":22},"end":{"line":80,"column":53}},"40":{"start":{"line":82,"column":2},"end":{"line":90,"column":3}},"41":{"start":{"line":84,"column":6},"end":{"line":84,"column":82}},"42":{"start":{"line":86,"column":6},"end":{"line":86,"column":37}},"43":{"start":{"line":89,"column":6},"end":{"line":89,"column":30}},"44":{"start":{"line":76,"column":13},"end":{"line":76,"column":36}},"45":{"start":{"line":96,"column":34},"end":{"line":115,"column":1}},"46":{"start":{"line":99,"column":2},"end":{"line":114,"column":3}},"47":{"start":{"line":101,"column":6},"end":{"line":101,"column":23}},"48":{"start":{"line":103,"column":6},"end":{"line":103,"column":23}},"49":{"start":{"line":105,"column":6},"end":{"line":105,"column":23}},"50":{"start":{"line":107,"column":6},"end":{"line":107,"column":23}},"51":{"start":{"line":109,"column":6},"end":{"line":109,"column":23}},"52":{"start":{"line":111,"column":6},"end":{"line":111,"column":23}},"53":{"start":{"line":113,"column":6},"end":{"line":113,"column":23}},"54":{"start":{"line":96,"column":13},"end":{"line":96,"column":34}},"55":{"start":{"line":120,"column":13},"end":{"line":134,"column":2}}},"fnMap":{"0":{"name":"(anonymous_0)","decl":{"start":{"line":9,"column":29},"end":{"line":9,"column":30}},"loc":{"start":{"line":9,"column":62},"end":{"line":40,"column":1}}},"1":{"name":"(anonymous_1)","decl":{"start":{"line":49,"column":25},"end":{"line":49,"column":26}},"loc":{"start":{"line":49,"column":49},"end":{"line":55,"column":1}}},"2":{"name":"(anonymous_2)","decl":{"start":{"line":60,"column":29},"end":{"line":60,"column":30}},"loc":{"start":{"line":60,"column":53},"end":{"line":63,"column":1}}},"3":{"name":"(anonymous_3)","decl":{"start":{"line":68,"column":28},"end":{"line":68,"column":29}},"loc":{"start":{"line":68,"column":52},"end":{"line":71,"column":1}}},"4":{"name":"(anonymous_4)","decl":{"start":{"line":76,"column":36},"end":{"line":76,"column":null}},"loc":{"start":{"line":79,"column":12},"end":{"line":91,"column":1}}},"5":{"name":"(anonymous_5)","decl":{"start":{"line":96,"column":34},"end":{"line":96,"column":null}},"loc":{"start":{"line":98,"column":51},"end":{"line":115,"column":1}}}},"branchMap":{"0":{"loc":{"start":{"line":10,"column":2},"end":{"line":10,"column":53}},"type":"if","locations":[{"start":{"line":10,"column":2},"end":{"line":10,"column":53}}]},"1":{"loc":{"start":{"line":10,"column":6},"end":{"line":10,"column":39}},"type":"binary-expr","locations":[{"start":{"line":10,"column":6},"end":{"line":10,"column":11}},{"start":{"line":10,"column":15},"end":{"line":10,"column":39}}]},"2":{"loc":{"start":{"line":14,"column":2},"end":{"line":14,"column":28}},"type":"if","locations":[{"start":{"line":14,"column":2},"end":{"line":14,"column":28}}]},"3":{"loc":{"start":{"line":21,"column":2},"end":{"line":21,"column":24}},"type":"if","locations":[{"start":{"line":21,"column":2},"end":{"line":21,"column":24}}]},"4":{"loc":{"start":{"line":25,"column":2},"end":{"line":25,"column":32}},"type":"if","locations":[{"start":{"line":25,"column":2},"end":{"line":25,"column":32}}]},"5":{"loc":{"start":{"line":28,"column":16},"end":{"line":28,"column":65}},"type":"binary-expr","locations":[{"start":{"line":28,"column":16},"end":{"line":28,"column":41}},{"start":{"line":28,"column":45},"end":{"line":28,"column":65}}]},"6":{"loc":{"start":{"line":29,"column":2},"end":{"line":29,"column":26}},"type":"if","locations":[{"start":{"line":29,"column":2},"end":{"line":29,"column":26}}]},"7":{"loc":{"start":{"line":33,"column":2},"end":{"line":33,"column":36}},"type":"if","locations":[{"start":{"line":33,"column":2},"end":{"line":33,"column":36}}]},"8":{"loc":{"start":{"line":36,"column":17},"end":{"line":36,"column":94}},"type":"binary-expr","locations":[{"start":{"line":36,"column":17},"end":{"line":36,"column":49}},{"start":{"line":36,"column":53},"end":{"line":36,"column":72}},{"start":{"line":36,"column":76},"end":{"line":36,"column":94}}]},"9":{"loc":{"start":{"line":37,"column":2},"end":{"line":37,"column":28}},"type":"if","locations":[{"start":{"line":37,"column":2},"end":{"line":37,"column":28}}]},"10":{"loc":{"start":{"line":50,"column":2},"end":{"line":50,"column":50}},"type":"if","locations":[{"start":{"line":50,"column":2},"end":{"line":50,"column":50}}]},"11":{"loc":{"start":{"line":50,"column":6},"end":{"line":50,"column":37}},"type":"binary-expr","locations":[{"start":{"line":50,"column":6},"end":{"line":50,"column":10}},{"start":{"line":50,"column":14},"end":{"line":50,"column":37}}]},"12":{"loc":{"start":{"line":61,"column":2},"end":{"line":61,"column":50}},"type":"if","locations":[{"start":{"line":61,"column":2},"end":{"line":61,"column":50}}]},"13":{"loc":{"start":{"line":61,"column":6},"end":{"line":61,"column":37}},"type":"binary-expr","locations":[{"start":{"line":61,"column":6},"end":{"line":61,"column":10}},{"start":{"line":61,"column":14},"end":{"line":61,"column":37}}]},"14":{"loc":{"start":{"line":69,"column":2},"end":{"line":69,"column":50}},"type":"if","locations":[{"start":{"line":69,"column":2},"end":{"line":69,"column":50}}]},"15":{"loc":{"start":{"line":69,"column":6},"end":{"line":69,"column":37}},"type":"binary-expr","locations":[{"start":{"line":69,"column":6},"end":{"line":69,"column":10}},{"start":{"line":69,"column":14},"end":{"line":69,"column":37}}]},"16":{"loc":{"start":{"line":78,"column":2},"end":{"line":78,"column":46}},"type":"default-arg","locations":[{"start":{"line":78,"column":40},"end":{"line":78,"column":46}}]},"17":{"loc":{"start":{"line":82,"column":2},"end":{"line":90,"column":3}},"type":"switch","locations":[{"start":{"line":83,"column":4},"end":{"line":84,"column":82}},{"start":{"line":85,"column":4},"end":{"line":86,"column":37}},{"start":{"line":87,"column":4},"end":{"line":87,"column":16}},{"start":{"line":88,"column":4},"end":{"line":89,"column":30}}]},"18":{"loc":{"start":{"line":99,"column":2},"end":{"line":114,"column":3}},"type":"switch","locations":[{"start":{"line":100,"column":4},"end":{"line":101,"column":23}},{"start":{"line":102,"column":4},"end":{"line":103,"column":23}},{"start":{"line":104,"column":4},"end":{"line":105,"column":23}},{"start":{"line":106,"column":4},"end":{"line":107,"column":23}},{"start":{"line":108,"column":4},"end":{"line":109,"column":23}},{"start":{"line":110,"column":4},"end":{"line":111,"column":23}},{"start":{"line":112,"column":4},"end":{"line":113,"column":23}}]}},"s":{"0":0,"1":0,"2":0,"3":0,"4":0,"5":0,"6":0,"7":0,"8":0,"9":0,"10":0,"11":0,"12":0,"13":0,"14":0,"15":0,"16":0,"17":0,"18":0,"19":0,"20":0,"21":0,"22":0,"23":0,"24":0,"25":0,"26":0,"27":0,"28":0,"29":0,"30":0,"31":0,"32":0,"33":0,"34":0,"35":0,"36":0,"37":0,"38":0,"39":0,"40":0,"41":0,"42":0,"43":0,"44":0,"45":0,"46":0,"47":0,"48":0,"49":0,"50":0,"51":0,"52":0,"53":0,"54":0,"55":0},"f":{"0":0,"1":0,"2":0,"3":0,"4":0,"5":0},"b":{"0":[0],"1":[0,0],"2":[0],"3":[0],"4":[0],"5":[0,0],"6":[0],"7":[0],"8":[0,0,0],"9":[0],"10":[0],"11":[0,0],"12":[0],"13":[0,0],"14":[0],"15":[0,0],"16":[0],"17":[0,0,0,0],"18":[0,0,0,0,0,0,0]}}
,"/Users/mraible/dev/foundry-sample-charlotte-toolkit/ui/extensions/charlotte-toolkit-ui/src/utils/security/iocUtils.ts": {"path":"/Users/mraible/dev/foundry-sample-charlotte-toolkit/ui/extensions/charlotte-toolkit-ui/src/utils/security/iocUtils.ts","statementMap":{"0":{"start":{"line":10,"column":39},"end":{"line":31,"column":1}},"1":{"start":{"line":13,"column":2},"end":{"line":29,"column":3}},"2":{"start":{"line":15,"column":19},"end":{"line":15,"column":50}},"3":{"start":{"line":18,"column":4},"end":{"line":26,"column":5}},"4":{"start":{"line":25,"column":6},"end":{"line":25,"column":50}},"5":{"start":{"line":30,"column":2},"end":{"line":30,"column":14}},"6":{"start":{"line":10,"column":13},"end":{"line":10,"column":39}}},"fnMap":{"0":{"name":"(anonymous_0)","decl":{"start":{"line":10,"column":39},"end":{"line":10,"column":null}},"loc":{"start":{"line":12,"column":39},"end":{"line":31,"column":1}}}},"branchMap":{"0":{"loc":{"start":{"line":18,"column":4},"end":{"line":26,"column":5}},"type":"if","locations":[{"start":{"line":18,"column":4},"end":{"line":26,"column":5}}]},"1":{"loc":{"start":{"line":19,"column":6},"end":{"line":23,"column":29}},"type":"binary-expr","locations":[{"start":{"line":19,"column":6},"end":{"line":19,"column":12}},{"start":{"line":20,"column":6},"end":{"line":20,"column":32}},{"start":{"line":21,"column":6},"end":{"line":21,"column":30}},{"start":{"line":22,"column":6},"end":{"line":22,"column":25}},{"start":{"line":23,"column":6},"end":{"line":23,"column":29}}]}},"s":{"0":0,"1":0,"2":0,"3":0,"4":0,"5":0,"6":0},"f":{"0":0},"b":{"0":[0],"1":[0,0,0,0,0]}}
}
