TN:
SF:src/components/App.tsx
FN:12,App
FN:33,(anonymous_2)
FNF:2
FNH:2
FNDA:12,App
FNDA:1,(anonymous_2)
DA:3,1
DA:5,1
DA:6,1
DA:7,1
DA:13,12
DA:16,12
DA:17,4
DA:33,1
DA:47,8
DA:48,3
DA:61,5
DA:81,1
LF:12
LH:12
BRDA:16,0,0,4
BRDA:47,1,0,3
BRF:2
BRH:2
end_of_record
TN:
SF:src/components/ErrorBoundary.tsx
FN:17,(anonymous_0)
FN:26,(anonymous_1)
FN:33,(anonymous_2)
FN:47,(anonymous_3)
FN:55,(anonymous_4)
FN:159,(anonymous_5)
FNF:6
FNH:6
FNDA:31,(anonymous_0)
FNDA:33,(anonymous_1)
FNDA:16,(anonymous_2)
FNDA:2,(anonymous_3)
FNDA:83,(anonymous_4)
FNDA:1,(anonymous_5)
DA:3,1
DA:16,1
DA:18,31
DA:19,30
DA:27,33
DA:36,16
DA:42,16
DA:43,1
DA:47,30
DA:48,2
DA:56,83
DA:58,49
DA:59,3
DA:63,46
DA:159,1
DA:174,34
LF:16
LH:16
BRDA:42,0,0,1
BRDA:56,1,0,49
BRDA:58,2,0,3
BRDA:109,3,0,46
BRDA:109,3,1,46
BRDA:131,4,0,46
BRDA:131,4,1,16
BRF:7
BRH:7
end_of_record
TN:
SF:src/components/Home.tsx
FN:63,(anonymous_10)
FN:89,(anonymous_11)
FN:90,(anonymous_12)
FN:91,(anonymous_13)
FN:92,(anonymous_14)
FN:135,(anonymous_15)
FN:136,(anonymous_16)
FN:143,(anonymous_17)
FN:176,(anonymous_18)
FN:180,(anonymous_19)
FN:203,(anonymous_20)
FN:247,(anonymous_21)
FN:258,(anonymous_22)
FN:287,(anonymous_23)
FN:339,(anonymous_24)
FN:341,(anonymous_25)
FN:343,(anonymous_26)
FN:345,(anonymous_27)
FN:347,(anonymous_28)
FN:349,(anonymous_29)
FN:353,(anonymous_30)
FN:358,(anonymous_31)
FN:360,(anonymous_32)
FN:386,(anonymous_33)
FN:389,(anonymous_34)
FN:523,(anonymous_35)
FNF:26
FNH:18
FNDA:1119,(anonymous_10)
FNDA:3357,(anonymous_11)
FNDA:3357,(anonymous_12)
FNDA:3357,(anonymous_13)
FNDA:3357,(anonymous_14)
FNDA:1078,(anonymous_15)
FNDA:1078,(anonymous_16)
FNDA:1119,(anonymous_17)
FNDA:8,(anonymous_18)
FNDA:1,(anonymous_19)
FNDA:7,(anonymous_20)
FNDA:4,(anonymous_21)
FNDA:1,(anonymous_22)
FNDA:1,(anonymous_23)
FNDA:1076,(anonymous_24)
FNDA:1,(anonymous_25)
FNDA:1,(anonymous_26)
FNDA:0,(anonymous_27)
FNDA:0,(anonymous_28)
FNDA:0,(anonymous_29)
FNDA:0,(anonymous_30)
FNDA:0,(anonymous_31)
FNDA:0,(anonymous_32)
FNDA:8,(anonymous_33)
FNDA:0,(anonymous_34)
FNDA:0,(anonymous_35)
DA:3,1
DA:14,1
DA:16,1
DA:17,1
DA:18,1
DA:19,1
DA:20,1
DA:21,1
DA:26,1
DA:34,1
DA:36,1
DA:37,1
DA:63,1
DA:64,1119
DA:84,1119
DA:87,1119
DA:89,3357
DA:90,3357
DA:91,3357
DA:92,3357
DA:106,1119
DA:118,1119
DA:126,1119
DA:132,1119
DA:135,1119
DA:136,1078
DA:143,1119
DA:144,1119
DA:152,1119
DA:162,1119
DA:176,1119
DA:178,8
DA:179,8
DA:180,1
DA:184,1
DA:188,7
DA:191,7
DA:201,7
DA:203,7
DA:213,7
DA:215,7
DA:217,7
DA:229,7
DA:233,6
DA:236,6
DA:246,5
DA:247,4
DA:258,1
DA:270,2
DA:271,2
DA:274,2
DA:287,2
DA:311,1119
DA:339,1076
DA:341,1
DA:343,1
DA:345,0
DA:347,0
DA:349,0
DA:354,0
DA:358,0
DA:361,0
DA:387,8
DA:389,0
DA:523,0
DA:557,1
DA:559,1
LF:67
LH:59
BRDA:92,0,0,3357
BRDA:92,0,1,1119
BRDA:144,1,0,1119
BRDA:145,2,0,1119
BRDA:145,2,1,1119
BRDA:145,2,2,30
BRDA:145,2,3,0
BRDA:145,2,4,0
BRDA:145,2,5,0
BRDA:159,3,0,1119
BRDA:159,3,1,1119
BRDA:179,4,0,1
BRDA:182,5,0,1
BRDA:182,5,1,0
BRDA:198,6,0,7
BRDA:198,6,1,7
BRDA:224,7,0,7
BRDA:224,7,1,7
BRDA:246,8,0,4
BRDA:246,8,1,1
BRDA:246,9,0,5
BRDA:246,9,1,4
BRDA:249,10,0,4
BRDA:249,10,1,0
BRDA:250,11,0,0
BRDA:250,11,1,4
BRDA:261,12,0,1
BRDA:261,12,1,0
BRDA:281,13,0,2
BRDA:281,13,1,0
BRDA:282,14,0,2
BRDA:282,14,1,0
BRDA:323,15,0,1106
BRDA:323,15,1,13
BRDA:329,16,0,0
BRDA:329,16,1,1119
BRDA:369,17,0,1119
BRDA:369,17,1,4
BRDA:369,17,2,4
BRDA:369,17,3,4
BRDA:378,18,0,0
BRDA:378,18,1,4
BRDA:409,19,0,0
BRDA:409,19,1,1119
BRDA:413,20,0,0
BRDA:413,20,1,0
BRDA:428,21,0,0
BRDA:428,21,1,0
BRDA:433,22,0,0
BRDA:433,22,1,0
BRDA:471,23,0,0
BRDA:471,23,1,0
BRDA:474,24,0,0
BRDA:474,24,1,0
BRDA:480,25,0,0
BRDA:480,25,1,0
BRDA:497,26,0,0
BRDA:497,26,1,0
BRDA:500,27,0,0
BRDA:500,27,1,0
BRDA:506,28,0,0
BRDA:506,28,1,0
BRDA:514,29,0,0
BRDA:514,29,1,0
BRDA:524,30,0,0
BRDA:524,30,1,0
BRDA:527,31,0,0
BRDA:527,31,1,0
BRDA:541,32,0,0
BRDA:541,32,1,0
BRDA:541,32,2,0
BRDA:541,32,3,0
BRF:72
BRH:32
end_of_record
TN:
SF:src/components/QueryForm.tsx
FN:40,(anonymous_1)
FN:63,(anonymous_2)
FN:89,(anonymous_3)
FNF:3
FNH:2
FNDA:26,(anonymous_1)
FNDA:0,(anonymous_2)
FNDA:78,(anonymous_3)
DA:3,1
DA:4,1
DA:7,1
DA:10,1
DA:11,1
DA:12,1
DA:13,1
DA:39,1
DA:63,26
DA:64,0
DA:65,0
DA:68,26
DA:90,78
DA:123,1
DA:125,1
LF:15
LH:13
BRF:0
BRH:0
end_of_record
TN:
SF:src/components/ResponseDisplay.tsx
FN:17,(anonymous_1)
FN:21,(anonymous_2)
FN:25,(anonymous_3)
FN:31,(anonymous_4)
FN:52,(anonymous_5)
FN:69,(anonymous_6)
FN:77,(anonymous_7)
FN:81,(anonymous_8)
FN:85,(anonymous_9)
FN:89,(anonymous_10)
FN:95,(anonymous_11)
FNF:11
FNH:9
FNDA:10,(anonymous_1)
FNDA:1,(anonymous_2)
FNDA:3,(anonymous_3)
FNDA:0,(anonymous_4)
FNDA:0,(anonymous_5)
FNDA:30,(anonymous_6)
FNDA:28,(anonymous_7)
FNDA:1,(anonymous_8)
FNDA:1,(anonymous_9)
FNDA:6,(anonymous_10)
FNDA:22,(anonymous_11)
DA:3,1
DA:4,1
DA:5,1
DA:7,1
DA:9,1
DA:10,1
DA:11,1
DA:17,1
DA:18,10
DA:21,10
DA:22,1
DA:25,3
DA:27,1
DA:31,10
DA:33,0
DA:34,0
DA:38,10
DA:42,10
DA:45,10
DA:46,10
DA:47,10
DA:50,10
DA:52,0
DA:56,10
DA:57,10
DA:59,10
DA:68,1
DA:71,30
DA:74,30
DA:77,30
DA:78,28
DA:79,6
DA:81,6
DA:82,1
DA:85,6
DA:86,1
DA:89,6
DA:90,6
DA:91,6
DA:95,22
DA:99,30
DA:100,8
DA:123,22
DA:124,4
DA:136,18
DA:137,4
DA:149,14
DA:151,14
DA:154,4
DA:167,10
DA:198,1
DA:200,1
LF:52
LH:49
BRDA:78,0,0,6
BRDA:99,1,0,8
BRDA:123,2,0,4
BRDA:136,3,0,4
BRDA:151,4,0,4
BRDA:151,4,1,10
BRF:6
BRH:6
end_of_record
TN:
SF:src/components/TruncatedText.tsx
FN:30,(anonymous_1)
FNF:1
FNH:1
FNDA:31,(anonymous_1)
DA:3,1
DA:4,1
DA:30,1
DA:37,31
DA:39,31
DA:40,26
DA:54,5
DA:57,1
LF:8
LH:8
BRDA:34,0,0,20
BRDA:39,1,0,26
BRF:2
BRH:2
end_of_record
TN:
SF:src/components/form/AdvancedOptionsPanel.tsx
FN:31,(anonymous_9)
FN:50,(anonymous_10)
FN:58,(anonymous_11)
FN:59,(anonymous_12)
FN:63,(anonymous_13)
FN:71,(anonymous_14)
FN:72,(anonymous_15)
FN:83,(anonymous_16)
FN:105,(anonymous_17)
FN:110,(anonymous_18)
FN:138,(anonymous_19)
FN:150,(anonymous_20)
FN:169,(anonymous_21)
FN:172,(anonymous_22)
FN:211,(anonymous_23)
FN:237,(anonymous_24)
FN:249,(anonymous_25)
FN:267,(anonymous_26)
FN:270,(anonymous_27)
FNF:19
FNH:0
FNDA:0,(anonymous_9)
FNDA:0,(anonymous_10)
FNDA:0,(anonymous_11)
FNDA:0,(anonymous_12)
FNDA:0,(anonymous_13)
FNDA:0,(anonymous_14)
FNDA:0,(anonymous_15)
FNDA:0,(anonymous_16)
FNDA:0,(anonymous_17)
FNDA:0,(anonymous_18)
FNDA:0,(anonymous_19)
FNDA:0,(anonymous_20)
FNDA:0,(anonymous_21)
FNDA:0,(anonymous_22)
FNDA:0,(anonymous_23)
FNDA:0,(anonymous_24)
FNDA:0,(anonymous_25)
FNDA:0,(anonymous_26)
FNDA:0,(anonymous_27)
DA:3,0
DA:14,0
DA:16,0
DA:31,0
DA:44,0
DA:47,0
DA:50,0
DA:51,0
DA:52,0
DA:53,0
DA:58,0
DA:59,0
DA:63,0
DA:64,0
DA:65,0
DA:66,0
DA:71,0
DA:72,0
DA:75,0
DA:84,0
DA:106,0
DA:111,0
DA:139,0
DA:150,0
DA:170,0
DA:173,0
DA:174,0
DA:175,0
DA:211,0
DA:238,0
DA:249,0
DA:268,0
DA:271,0
DA:272,0
DA:273,0
DA:299,0
LF:36
LH:0
BRDA:51,0,0,0
BRDA:51,1,0,0
BRDA:51,1,1,0
BRDA:64,2,0,0
BRDA:130,3,0,0
BRDA:130,3,1,0
BRDA:164,4,0,0
BRDA:164,4,1,0
BRDA:173,5,0,0
BRDA:188,6,0,0
BRDA:188,6,1,0
BRDA:229,7,0,0
BRDA:229,7,1,0
BRDA:271,8,0,0
BRF:14
BRH:0
end_of_record
TN:
SF:src/components/form/ContextEntitySelector.tsx
FN:24,(anonymous_1)
FN:33,(anonymous_2)
FN:35,(anonymous_3)
FN:36,(anonymous_4)
FN:37,(anonymous_5)
FN:38,(anonymous_6)
FN:44,(anonymous_7)
FN:52,(anonymous_8)
FN:57,(anonymous_9)
FN:95,(anonymous_10)
FN:96,(anonymous_11)
FN:122,(anonymous_12)
FN:149,(anonymous_13)
FNF:13
FNH:0
FNDA:0,(anonymous_1)
FNDA:0,(anonymous_2)
FNDA:0,(anonymous_3)
FNDA:0,(anonymous_4)
FNDA:0,(anonymous_5)
FNDA:0,(anonymous_6)
FNDA:0,(anonymous_7)
FNDA:0,(anonymous_8)
FNDA:0,(anonymous_9)
FNDA:0,(anonymous_10)
FNDA:0,(anonymous_11)
FNDA:0,(anonymous_12)
FNDA:0,(anonymous_13)
DA:3,0
DA:11,0
DA:14,0
DA:15,0
DA:24,0
DA:30,0
DA:33,0
DA:34,0
DA:35,0
DA:36,0
DA:37,0
DA:38,0
DA:40,0
DA:44,0
DA:45,0
DA:52,0
DA:53,0
DA:54,0
DA:56,0
DA:57,0
DA:58,0
DA:59,0
DA:60,0
DA:63,0
DA:67,0
DA:68,0
DA:82,0
DA:84,0
DA:96,0
DA:97,0
DA:99,0
DA:106,0
DA:107,0
DA:109,0
DA:123,0
DA:150,0
DA:151,0
DA:166,0
LF:38
LH:0
BRDA:46,0,0,0
BRDA:46,0,1,0
BRDA:46,0,2,0
BRDA:48,1,0,0
BRDA:48,1,1,0
BRDA:56,2,0,0
BRDA:56,2,1,0
BRDA:58,3,0,0
BRDA:67,4,0,0
BRDA:87,5,0,0
BRDA:87,5,1,0
BRDA:97,6,0,0
BRDA:106,7,0,0
BRDA:112,8,0,0
BRDA:112,8,1,0
BRDA:126,9,0,0
BRDA:126,9,1,0
BRDA:129,10,0,0
BRDA:129,10,1,0
BRDA:129,10,2,0
BRDA:132,11,0,0
BRDA:132,11,1,0
BRDA:133,12,0,0
BRDA:133,12,1,0
BRDA:134,13,0,0
BRDA:134,13,1,0
BRDA:135,14,0,0
BRDA:135,14,1,0
BRDA:138,15,0,0
BRDA:138,15,1,0
BRDA:138,15,2,0
BRDA:139,16,0,0
BRDA:139,16,1,0
BRDA:139,16,2,0
BRDA:142,17,0,0
BRDA:142,17,1,0
BRDA:142,17,2,0
BRDA:145,18,0,0
BRDA:145,18,1,0
BRDA:145,18,2,0
BRF:40
BRH:0
end_of_record
TN:
SF:src/components/form/PromptTextarea.tsx
FN:11,(anonymous_9)
FN:16,(anonymous_10)
FN:24,(anonymous_11)
FN:30,(anonymous_12)
FN:38,(anonymous_13)
FNF:5
FNH:0
FNDA:0,(anonymous_9)
FNDA:0,(anonymous_10)
FNDA:0,(anonymous_11)
FNDA:0,(anonymous_12)
FNDA:0,(anonymous_13)
DA:3,0
DA:4,0
DA:11,0
DA:13,0
DA:16,0
DA:17,0
DA:18,0
DA:21,0
DA:24,0
DA:25,0
DA:26,0
DA:27,0
DA:30,0
DA:31,0
DA:38,0
DA:39,0
DA:40,0
DA:43,0
DA:44,0
DA:45,0
DA:48,0
DA:51,0
DA:52,0
DA:57,0
DA:60,0
DA:77,0
LF:26
LH:0
BRDA:17,0,0,0
BRDA:43,1,0,0
BRDA:51,2,0,0
BRF:3
BRH:0
end_of_record
TN:
SF:src/components/form/SubmitSection.tsx
FN:14,(anonymous_1)
FN:28,(anonymous_2)
FNF:2
FNH:2
FNDA:26,(anonymous_1)
FNDA:2,(anonymous_2)
DA:3,1
DA:4,1
DA:14,1
DA:21,26
DA:29,2
DA:49,1
LF:6
LH:6
BRDA:38,0,0,26
BRDA:38,0,1,22
BRDA:38,0,2,16
BRDA:41,1,0,4
BRDA:41,1,1,18
BRDA:42,2,0,4
BRDA:42,2,1,18
BRF:7
BRH:7
end_of_record
TN:
SF:src/components/markdown/CodeBlock.tsx
FN:13,(anonymous_1)
FN:16,(anonymous_2)
FNF:2
FNH:2
FNDA:22,(anonymous_1)
FNDA:4,(anonymous_2)
DA:3,1
DA:4,1
DA:6,1
DA:13,1
DA:14,22
DA:16,22
DA:17,4
DA:20,22
DA:22,22
LF:9
LH:9
BRDA:20,0,0,22
BRDA:20,0,1,13
BRDA:28,1,0,3
BRDA:28,1,1,19
BRDA:41,2,0,3
BRDA:41,2,1,19
BRF:6
BRH:6
end_of_record
TN:
SF:src/components/markdown/InlineCode.tsx
FN:14,(anonymous_1)
FN:19,(anonymous_2)
FNF:2
FNH:0
FNDA:0,(anonymous_1)
FNDA:0,(anonymous_2)
DA:3,0
DA:4,0
DA:6,0
DA:7,0
DA:14,0
DA:15,0
DA:16,0
DA:17,0
DA:19,0
DA:20,0
DA:21,0
DA:24,0
DA:25,0
DA:27,0
DA:29,0
DA:71,0
LF:16
LH:0
BRDA:24,0,0,0
BRDA:36,1,0,0
BRDA:36,1,1,0
BRDA:53,2,0,0
BRDA:53,2,1,0
BRDA:63,3,0,0
BRDA:63,3,1,0
BRF:7
BRH:0
end_of_record
TN:
SF:src/components/markdown/index.ts
FN:9,(anonymous_1)
FN:10,(anonymous_2)
FN:13,(anonymous_3)
FN:42,(anonymous_4)
FN:54,(anonymous_5)
FN:55,(anonymous_6)
FN:60,(anonymous_7)
FN:62,(anonymous_8)
FNF:8
FNH:0
FNDA:0,(anonymous_1)
FNDA:0,(anonymous_2)
FNDA:0,(anonymous_3)
FNDA:0,(anonymous_4)
FNDA:0,(anonymous_5)
FNDA:0,(anonymous_6)
FNDA:0,(anonymous_7)
FNDA:0,(anonymous_8)
DA:3,0
DA:4,0
DA:6,0
DA:7,0
DA:9,0
DA:10,0
DA:13,0
DA:14,0
DA:15,0
DA:20,0
DA:29,0
DA:31,0
DA:42,0
DA:43,0
DA:54,0
DA:56,0
DA:61,0
DA:62,0
LF:18
LH:0
BRDA:29,0,0,0
BRDA:29,0,1,0
BRDA:56,1,0,0
BRDA:56,1,1,0
BRF:4
BRH:0
end_of_record
TN:
SF:src/components/security/IocDisplay.tsx
FN:13,(anonymous_9)
FN:16,(anonymous_10)
FN:19,(anonymous_11)
FN:20,(anonymous_12)
FN:21,(anonymous_13)
FN:28,(anonymous_14)
FN:39,(anonymous_15)
FN:60,(anonymous_16)
FNF:8
FNH:0
FNDA:0,(anonymous_9)
FNDA:0,(anonymous_10)
FNDA:0,(anonymous_11)
FNDA:0,(anonymous_12)
FNDA:0,(anonymous_13)
FNDA:0,(anonymous_14)
FNDA:0,(anonymous_15)
FNDA:0,(anonymous_16)
DA:3,0
DA:4,0
DA:7,0
DA:13,0
DA:14,0
DA:16,0
DA:17,0
DA:18,0
DA:19,0
DA:20,0
DA:21,0
DA:28,0
DA:29,0
DA:31,0
DA:41,0
DA:43,0
DA:60,0
DA:80,0
LF:18
LH:0
BRDA:29,0,0,0
BRDA:29,1,0,0
BRDA:29,1,1,0
BRDA:49,2,0,0
BRDA:49,2,1,0
BRDA:64,3,0,0
BRDA:64,3,1,0
BRDA:66,4,0,0
BRDA:66,4,1,0
BRF:9
BRH:0
end_of_record
TN:
SF:src/components/security/MitreDisplay.tsx
FN:14,(anonymous_9)
FN:17,(anonymous_10)
FN:20,(anonymous_11)
FN:21,(anonymous_12)
FN:22,(anonymous_13)
FN:32,(anonymous_14)
FN:56,(anonymous_15)
FN:65,(anonymous_16)
FN:87,(anonymous_17)
FN:91,(anonymous_18)
FN:97,(anonymous_19)
FN:127,(anonymous_20)
FN:160,(anonymous_21)
FNF:13
FNH:0
FNDA:0,(anonymous_9)
FNDA:0,(anonymous_10)
FNDA:0,(anonymous_11)
FNDA:0,(anonymous_12)
FNDA:0,(anonymous_13)
FNDA:0,(anonymous_14)
FNDA:0,(anonymous_15)
FNDA:0,(anonymous_16)
FNDA:0,(anonymous_17)
FNDA:0,(anonymous_18)
FNDA:0,(anonymous_19)
FNDA:0,(anonymous_20)
FNDA:0,(anonymous_21)
DA:3,0
DA:4,0
DA:7,0
DA:8,0
DA:14,0
DA:15,0
DA:17,0
DA:18,0
DA:19,0
DA:20,0
DA:21,0
DA:22,0
DA:29,0
DA:32,0
DA:34,0
DA:35,0
DA:38,0
DA:53,0
DA:55,0
DA:56,0
DA:57,0
DA:61,0
DA:65,0
DA:66,0
DA:68,0
DA:71,0
DA:74,0
DA:77,0
DA:80,0
DA:82,0
DA:87,0
DA:88,0
DA:89,0
DA:91,0
DA:95,0
DA:98,0
DA:99,0
DA:100,0
DA:101,0
DA:103,0
DA:127,0
DA:161,0
LF:42
LH:0
BRDA:29,0,0,0
BRDA:29,1,0,0
BRDA:29,1,1,0
BRDA:34,2,0,0
BRDA:34,2,1,0
BRDA:35,3,0,0
BRDA:35,3,1,0
BRDA:56,4,0,0
BRDA:66,5,0,0
BRDA:68,6,0,0
BRDA:68,6,1,0
BRDA:68,6,2,0
BRDA:68,6,3,0
BRDA:68,6,4,0
BRDA:68,6,5,0
BRDA:68,6,6,0
BRDA:68,6,7,0
BRDA:68,6,8,0
BRDA:88,7,0,0
BRDA:116,8,0,0
BRDA:116,8,1,0
BRDA:131,9,0,0
BRDA:131,9,1,0
BRDA:132,10,0,0
BRDA:132,10,1,0
BRDA:144,11,0,0
BRDA:144,11,1,0
BRDA:159,12,0,0
BRDA:159,12,1,0
BRF:29
BRH:0
end_of_record
TN:
SF:src/components/security/StructuredSecurityAnalysis.tsx
FN:21,(anonymous_1)
FN:51,(anonymous_2)
FN:100,(anonymous_3)
FN:123,(anonymous_4)
FN:145,(anonymous_5)
FNF:5
FNH:0
FNDA:0,(anonymous_1)
FNDA:0,(anonymous_2)
FNDA:0,(anonymous_3)
FNDA:0,(anonymous_4)
FNDA:0,(anonymous_5)
DA:3,0
DA:4,0
DA:5,0
DA:10,0
DA:11,0
DA:13,0
DA:14,0
DA:21,0
DA:26,0
DA:28,0
DA:52,0
DA:101,0
DA:124,0
DA:146,0
LF:14
LH:0
BRDA:50,0,0,0
BRDA:50,0,1,0
BRDA:62,1,0,0
BRDA:62,1,1,0
BRDA:62,1,2,0
BRDA:62,1,3,0
BRDA:62,1,4,0
BRDA:62,1,5,0
BRDA:62,1,6,0
BRDA:63,2,0,0
BRDA:63,2,1,0
BRDA:64,3,0,0
BRDA:64,3,1,0
BRDA:65,4,0,0
BRDA:65,4,1,0
BRDA:66,5,0,0
BRDA:66,5,1,0
BRDA:67,6,0,0
BRDA:67,6,1,0
BRDA:78,7,0,0
BRDA:78,7,1,0
BRDA:78,7,2,0
BRDA:91,8,0,0
BRDA:91,8,1,0
BRDA:98,9,0,0
BRDA:98,9,1,0
BRDA:114,10,0,0
BRDA:114,10,1,0
BRDA:134,11,0,0
BRDA:134,11,1,0
BRDA:144,12,0,0
BRDA:144,12,1,0
BRF:32
BRH:0
end_of_record
TN:
SF:src/components/security/index.ts
FN:3,(anonymous_0)
FN:4,(anonymous_1)
FN:5,(anonymous_2)
FNF:3
FNH:0
FNDA:0,(anonymous_0)
FNDA:0,(anonymous_1)
FNDA:0,(anonymous_2)
DA:3,0
DA:4,0
DA:5,0
LF:3
LH:0
BRF:0
BRH:0
end_of_record
TN:
SF:src/hooks/useContextProcessor.ts
FN:15,(anonymous_0)
FN:19,(anonymous_1)
FN:24,(anonymous_2)
FNF:3
FNH:0
FNDA:0,(anonymous_0)
FNDA:0,(anonymous_1)
FNDA:0,(anonymous_2)
DA:3,0
DA:6,0
DA:15,0
DA:19,0
DA:20,0
DA:24,0
DA:25,0
DA:28,0
LF:8
LH:0
BRF:0
BRH:0
end_of_record
TN:
SF:src/hooks/useCopyManager.ts
FN:30,(anonymous_0)
FN:38,(anonymous_1)
FNF:2
FNH:0
FNDA:0,(anonymous_0)
FNDA:0,(anonymous_1)
DA:3,0
DA:5,0
DA:10,0
DA:12,0
DA:30,0
DA:34,0
DA:37,0
DA:40,0
DA:43,0
DA:46,0
DA:51,0
LF:11
LH:0
BRF:0
BRH:0
end_of_record
TN:
SF:src/hooks/useCopyToClipboard.ts
FN:15,(anonymous_0)
FN:18,(anonymous_1)
FN:23,(anonymous_2)
FNF:3
FNH:3
FNDA:36,(anonymous_0)
FNDA:16,(anonymous_1)
FNDA:14,(anonymous_2)
DA:3,1
DA:15,1
DA:16,36
DA:18,36
DA:19,16
DA:20,16
DA:21,14
DA:23,14
DA:24,14
DA:31,36
LF:10
LH:10
BRDA:18,0,0,11
BRF:1
BRH:1
end_of_record
TN:
SF:src/hooks/useFalconApi.ts
FN:9,useFalconApi
FN:13,(anonymous_2)
FN:15,(anonymous_3)
FN:16,initializeFalcon
FNF:4
FNH:0
FNDA:0,useFalconApi
FNDA:0,(anonymous_2)
FNDA:0,(anonymous_3)
FNDA:0,initializeFalcon
DA:2,0
DA:3,0
DA:9,0
DA:10,0
DA:11,0
DA:13,0
DA:15,0
DA:17,0
DA:18,0
DA:19,0
DA:20,0
DA:22,0
DA:24,0
DA:25,0
DA:29,0
DA:32,0
LF:16
LH:0
BRDA:22,0,0,0
BRDA:22,0,1,0
BRF:2
BRH:0
end_of_record
TN:
SF:src/hooks/useJsonDataManager.ts
FN:83,(anonymous_0)
FN:97,(anonymous_1)
FN:130,(anonymous_2)
FN:161,(anonymous_3)
FN:170,(anonymous_4)
FN:187,(anonymous_5)
FN:196,(anonymous_6)
FN:225,(anonymous_7)
FN:231,(anonymous_8)
FN:237,(anonymous_9)
FN:251,(anonymous_10)
FNF:11
FNH:0
FNDA:0,(anonymous_0)
FNDA:0,(anonymous_1)
FNDA:0,(anonymous_2)
FNDA:0,(anonymous_3)
FNDA:0,(anonymous_4)
FNDA:0,(anonymous_5)
FNDA:0,(anonymous_6)
FNDA:0,(anonymous_7)
FNDA:0,(anonymous_8)
FNDA:0,(anonymous_9)
FNDA:0,(anonymous_10)
DA:3,0
DA:6,0
DA:7,0
DA:83,0
DA:88,0
DA:91,0
DA:92,0
DA:93,0
DA:94,0
DA:97,0
DA:98,0
DA:100,0
DA:102,0
DA:120,0
DA:124,0
DA:129,0
DA:139,0
DA:142,0
DA:151,0
DA:154,0
DA:160,0
DA:170,0
DA:171,0
DA:173,0
DA:186,0
DA:196,0
DA:197,0
DA:198,0
DA:201,0
DA:215,0
DA:225,0
DA:226,0
DA:227,0
DA:231,0
DA:232,0
DA:233,0
DA:237,0
DA:238,0
DA:239,0
DA:240,0
DA:243,0
DA:246,0
DA:247,0
DA:251,0
DA:252,0
DA:253,0
DA:256,0
LF:47
LH:0
BRDA:98,0,0,0
BRDA:107,1,0,0
BRDA:107,1,1,0
BRDA:108,2,0,0
BRDA:108,2,1,0
BRDA:171,3,0,0
BRDA:176,4,0,0
BRDA:176,4,1,0
BRDA:197,5,0,0
BRDA:207,6,0,0
BRDA:207,6,1,0
BRDA:208,7,0,0
BRDA:208,7,1,0
BRDA:209,8,0,0
BRDA:209,8,1,0
BRDA:210,9,0,0
BRDA:210,9,1,0
BRDA:226,10,0,0
BRDA:226,10,1,0
BRDA:232,11,0,0
BRDA:232,11,1,0
BRDA:238,12,0,0
BRDA:252,13,0,0
BRDA:252,13,1,0
BRF:24
BRH:0
end_of_record
TN:
SF:src/hooks/useTabManager.ts
FN:27,(anonymous_9)
FN:37,(anonymous_10)
FN:42,(anonymous_11)
FN:49,(anonymous_12)
FNF:4
FNH:0
FNDA:0,(anonymous_9)
FNDA:0,(anonymous_10)
FNDA:0,(anonymous_11)
FNDA:0,(anonymous_12)
DA:3,0
DA:4,0
DA:27,0
DA:33,0
DA:34,0
DA:37,0
DA:38,0
DA:42,0
DA:43,0
DA:44,0
DA:49,0
DA:50,0
DA:52,0
DA:53,0
DA:60,0
DA:61,0
DA:68,0
DA:69,0
DA:76,0
DA:79,0
LF:20
LH:0
BRDA:43,0,0,0
BRDA:43,1,0,0
BRDA:43,1,1,0
BRDA:50,2,0,0
BRDA:52,3,0,0
BRDA:60,4,0,0
BRDA:68,5,0,0
BRF:7
BRH:0
end_of_record
TN:
SF:src/services/workflow/WorkflowContentExtractor.ts
FN:15,(anonymous_0)
FN:61,(anonymous_1)
FN:63,(anonymous_2)
FN:79,(anonymous_3)
FN:104,(anonymous_4)
FN:120,(anonymous_5)
FN:154,(anonymous_6)
FN:162,(anonymous_7)
FN:171,(anonymous_8)
FN:182,(anonymous_9)
FN:201,(anonymous_10)
FN:211,(anonymous_11)
FN:244,(anonymous_12)
FN:315,(anonymous_13)
FN:323,(anonymous_14)
FNF:15
FNH:15
FNDA:34,(anonymous_0)
FNDA:41,(anonymous_1)
FNDA:119,(anonymous_2)
FNDA:16,(anonymous_3)
FNDA:11,(anonymous_4)
FNDA:6,(anonymous_5)
FNDA:6,(anonymous_6)
FNDA:7,(anonymous_7)
FNDA:4,(anonymous_8)
FNDA:13,(anonymous_9)
FNDA:29,(anonymous_10)
FNDA:26,(anonymous_11)
FNDA:17,(anonymous_12)
FNDA:14,(anonymous_13)
FNDA:26,(anonymous_14)
DA:15,1
DA:16,34
DA:17,2
DA:20,32
DA:24,32
DA:25,32
DA:26,6
DA:29,26
DA:30,10
DA:34,16
DA:38,32
DA:39,6
DA:40,6
DA:44,26
DA:45,1
DA:49,25
DA:53,25
DA:61,1
DA:62,41
DA:64,119
DA:68,41
DA:69,33
DA:71,8
DA:79,1
DA:81,16
DA:82,2
DA:85,14
DA:86,1
DA:89,13
DA:90,2
DA:93,11
DA:94,1
DA:98,10
DA:99,2
DA:103,8
DA:104,11
DA:107,8
DA:108,2
DA:112,6
DA:120,1
DA:121,6
DA:122,6
DA:123,0
DA:126,6
DA:127,6
DA:128,0
DA:131,6
DA:133,6
DA:134,2
DA:137,4
DA:138,4
DA:139,1
DA:142,3
DA:143,1
DA:147,2
DA:154,1
DA:161,6
DA:163,7
DA:169,6
DA:171,4
DA:182,1
DA:190,13
DA:191,4
DA:199,9
DA:200,9
DA:202,29
DA:210,9
DA:211,26
DA:213,9
DA:214,2
DA:218,9
DA:221,9
DA:222,9
DA:223,2
DA:224,7
DA:225,5
DA:226,2
DA:227,1
DA:228,1
DA:231,9
DA:244,1
DA:254,17
DA:256,17
DA:257,4
DA:267,13
DA:268,13
DA:269,13
DA:272,13
DA:273,13
DA:275,13
DA:276,13
DA:277,2
DA:278,2
DA:280,11
DA:281,1
DA:282,10
DA:283,1
DA:288,13
DA:289,1
DA:290,12
DA:291,7
DA:292,5
DA:293,1
DA:296,13
DA:297,2
DA:300,13
DA:315,1
DA:316,14
DA:317,5
DA:320,9
DA:323,9
DA:324,26
DA:325,5
DA:330,9
DA:331,4
DA:338,9
DA:339,4
DA:345,9
LF:118
LH:116
BRDA:16,0,0,2
BRDA:25,1,0,6
BRDA:25,1,1,26
BRDA:29,2,0,10
BRDA:29,2,1,16
BRDA:38,3,0,6
BRDA:38,4,0,32
BRDA:38,4,1,29
BRDA:44,5,0,1
BRDA:64,6,0,119
BRDA:64,6,1,13
BRDA:64,6,2,11
BRDA:68,7,0,33
BRDA:81,8,0,2
BRDA:85,9,0,1
BRDA:89,10,0,2
BRDA:93,11,0,1
BRDA:98,12,0,2
BRDA:104,13,0,11
BRDA:104,13,1,2
BRDA:107,14,0,2
BRDA:107,15,0,8
BRDA:107,15,1,2
BRDA:122,16,0,0
BRDA:127,17,0,0
BRDA:133,18,0,2
BRDA:137,19,0,4
BRDA:137,20,0,4
BRDA:137,20,1,4
BRDA:138,21,0,1
BRDA:142,22,0,1
BRDA:163,23,0,7
BRDA:163,23,1,3
BRDA:163,23,2,3
BRDA:163,23,3,3
BRDA:169,24,0,4
BRDA:190,25,0,4
BRDA:190,26,0,13
BRDA:190,26,1,11
BRDA:202,27,0,29
BRDA:202,27,1,21
BRDA:202,27,2,19
BRDA:202,27,3,18
BRDA:202,27,4,15
BRDA:211,28,0,26
BRDA:211,28,1,26
BRDA:213,29,0,2
BRDA:214,30,0,1
BRDA:214,30,1,1
BRDA:222,31,0,2
BRDA:222,31,1,7
BRDA:224,32,0,5
BRDA:224,32,1,2
BRDA:226,33,0,1
BRDA:228,34,0,1
BRDA:228,34,1,0
BRDA:256,35,0,4
BRDA:256,36,0,17
BRDA:256,36,1,14
BRDA:280,37,0,1
BRDA:280,37,1,10
BRDA:280,38,0,11
BRDA:280,38,1,1
BRDA:282,39,0,1
BRDA:282,40,0,10
BRDA:282,40,1,9
BRDA:288,41,0,1
BRDA:288,41,1,12
BRDA:290,42,0,7
BRDA:290,42,1,5
BRDA:292,43,0,1
BRDA:296,44,0,2
BRDA:296,45,0,13
BRDA:296,45,1,12
BRDA:316,46,0,5
BRDA:316,47,0,14
BRDA:316,47,1,12
BRDA:324,48,0,5
BRDA:324,49,0,26
BRDA:324,49,1,22
BRDA:324,49,2,22
BRDA:330,50,0,4
BRDA:330,51,0,9
BRDA:330,51,1,5
BRDA:338,52,0,4
BRDA:338,53,0,9
BRDA:338,53,1,6
BRF:87
BRH:84
end_of_record
TN:
SF:src/services/workflow/WorkflowExecutor.ts
FN:21,(anonymous_0)
FN:46,(anonymous_1)
FN:74,(anonymous_2)
FN:108,(anonymous_3)
FN:204,(anonymous_4)
FN:224,(anonymous_5)
FNF:6
FNH:6
FNDA:16,(anonymous_0)
FNDA:17,(anonymous_1)
FNDA:7,(anonymous_2)
FNDA:19,(anonymous_3)
FNDA:4,(anonymous_4)
FNDA:11,(anonymous_5)
DA:6,1
DA:7,1
DA:8,1
DA:9,1
DA:10,1
DA:11,1
DA:12,1
DA:21,1
DA:22,16
DA:28,16
DA:30,14
DA:31,2
DA:34,12
DA:35,1
DA:38,11
DA:46,1
DA:47,17
DA:48,2
DA:51,15
DA:52,15
DA:61,15
DA:62,14
DA:65,1
DA:74,1
DA:75,7
DA:76,2
DA:79,5
DA:80,5
DA:89,5
DA:94,5
DA:108,1
DA:116,19
DA:120,19
DA:121,19
DA:122,2
DA:129,17
DA:130,17
DA:132,1
DA:140,16
DA:141,16
DA:144,16
DA:145,11
DA:150,11
DA:151,1
DA:155,10
DA:157,9
DA:158,2
DA:160,2
DA:168,7
DA:171,7
DA:172,7
DA:179,7
DA:183,7
DA:191,7
DA:204,1
DA:215,4
DA:224,1
DA:228,11
DA:229,11
DA:233,10
DA:234,2
DA:237,8
DA:238,1
DA:241,7
DA:242,7
DA:245,4
LF:66
LH:66
BRDA:30,0,0,2
BRDA:30,1,0,14
BRDA:30,1,1,14
BRDA:31,2,0,2
BRDA:31,2,1,1
BRDA:34,3,0,1
BRDA:34,4,0,12
BRDA:34,4,1,12
BRDA:47,5,0,2
BRDA:62,6,0,14
BRDA:62,6,1,13
BRDA:75,7,0,2
BRDA:121,8,0,2
BRDA:124,9,0,2
BRDA:124,9,1,1
BRDA:130,10,0,1
BRDA:150,11,0,1
BRDA:157,12,0,2
BRDA:158,13,0,2
BRDA:158,13,1,1
BRDA:172,14,0,2
BRDA:233,15,0,2
BRDA:233,16,0,10
BRDA:233,16,1,10
BRDA:234,17,0,2
BRDA:234,17,1,1
BRDA:237,18,0,1
BRDA:237,19,0,8
BRDA:237,19,1,8
BRDA:242,20,0,7
BRDA:242,20,1,1
BRF:31
BRH:31
end_of_record
TN:
SF:src/services/workflow/WorkflowPayloadBuilder.ts
FN:17,(anonymous_0)
FN:67,(anonymous_1)
FN:78,(anonymous_2)
FN:114,(anonymous_3)
FN:174,(anonymous_4)
FN:201,(anonymous_5)
FN:239,(anonymous_6)
FN:290,(anonymous_7)
FN:303,(anonymous_8)
FNF:9
FNH:9
FNDA:21,(anonymous_0)
FNDA:28,(anonymous_1)
FNDA:21,(anonymous_2)
FNDA:22,(anonymous_3)
FNDA:6,(anonymous_4)
FNDA:6,(anonymous_5)
FNDA:9,(anonymous_6)
FNDA:3,(anonymous_7)
FNDA:3,(anonymous_8)
DA:3,1
DA:5,1
DA:17,1
DA:18,21
DA:21,21
DA:24,21
DA:25,21
DA:28,21
DA:30,21
DA:34,18
DA:37,18
DA:38,3
DA:39,3
DA:46,3
DA:50,21
DA:57,21
DA:59,21
DA:67,1
DA:68,28
DA:78,1
DA:85,21
DA:86,19
DA:90,21
DA:91,19
DA:95,21
DA:96,18
DA:100,21
DA:101,17
DA:102,16
DA:104,1
DA:114,1
DA:121,22
DA:124,22
DA:125,2
DA:128,18
DA:129,2
DA:132,16
DA:133,2
DA:137,14
DA:138,1
DA:141,13
DA:142,1
DA:145,12
DA:146,1
DA:150,11
DA:151,3
DA:154,11
DA:155,2
DA:158,11
DA:159,2
DA:162,11
DA:174,1
DA:178,6
DA:181,6
DA:187,6
DA:190,6
DA:191,6
DA:193,6
DA:201,1
DA:202,6
DA:231,6
DA:239,1
DA:247,9
DA:248,9
DA:249,9
DA:251,9
DA:252,9
DA:255,9
DA:256,2
DA:257,2
DA:258,7
DA:259,1
DA:260,1
DA:264,9
DA:265,4
DA:268,9
DA:269,1
DA:272,9
DA:273,1
DA:276,9
DA:290,1
DA:291,3
DA:303,1
DA:312,3
DA:315,3
LF:85
LH:85
BRDA:30,0,0,18
BRDA:30,0,1,3
BRDA:37,1,0,3
BRDA:85,2,0,19
BRDA:85,3,0,21
BRDA:85,3,1,20
BRDA:90,4,0,19
BRDA:95,5,0,18
BRDA:95,6,0,21
BRDA:95,6,1,20
BRDA:100,7,0,17
BRDA:101,8,0,16
BRDA:101,8,1,1
BRDA:124,9,0,2
BRDA:124,10,0,22
BRDA:124,10,1,19
BRDA:128,11,0,2
BRDA:128,12,0,18
BRDA:128,12,1,16
BRDA:132,13,0,2
BRDA:137,14,0,1
BRDA:137,15,0,14
BRDA:137,15,1,5
BRDA:141,16,0,1
BRDA:141,17,0,13
BRDA:141,17,1,2
BRDA:145,18,0,1
BRDA:145,19,0,12
BRDA:145,19,1,5
BRDA:150,20,0,3
BRDA:154,21,0,2
BRDA:154,22,0,11
BRDA:154,22,1,4
BRDA:158,23,0,2
BRDA:158,24,0,11
BRDA:158,24,1,4
BRDA:164,25,0,11
BRDA:164,25,1,5
BRDA:231,26,0,6
BRDA:231,26,1,1
BRDA:255,27,0,2
BRDA:255,27,1,7
BRDA:258,28,0,1
BRDA:264,29,0,4
BRDA:264,30,0,9
BRDA:264,30,1,7
BRDA:268,31,0,1
BRDA:268,32,0,9
BRDA:268,32,1,2
BRDA:272,33,0,1
BRDA:272,34,0,9
BRDA:272,34,1,2
BRDA:303,35,0,2
BRDA:315,36,0,0
BRF:54
BRH:53
end_of_record
TN:
SF:src/services/workflow/WorkflowPolling.ts
FN:17,(anonymous_0)
FN:102,(anonymous_1)
FN:136,(anonymous_2)
FN:149,(anonymous_3)
FN:158,(anonymous_4)
FNF:5
FNH:5
FNDA:17,(anonymous_0)
FNDA:400,(anonymous_1)
FNDA:199,(anonymous_2)
FNDA:6,(anonymous_3)
FNDA:244,(anonymous_4)
DA:5,1
DA:7,1
DA:17,1
DA:24,17
DA:26,17
DA:27,17
DA:28,17
DA:30,17
DA:31,390
DA:32,390
DA:33,204
DA:41,204
DA:42,9
DA:50,195
DA:51,2
DA:59,193
DA:60,103
DA:61,103
DA:63,101
DA:64,101
DA:66,2
DA:71,90
DA:76,278
DA:83,278
DA:84,6
DA:88,272
DA:89,272
DA:93,0
DA:102,1
DA:110,400
DA:114,214
DA:115,2
DA:118,212
DA:119,2
DA:122,210
DA:124,210
DA:136,1
DA:137,199
DA:149,1
DA:150,6
DA:158,1
DA:159,244
DA:161,244
DA:163,7
DA:166,8
DA:168,104
DA:170,14
DA:172,8
DA:175,103
LF:49
LH:48
BRDA:20,0,0,13
BRDA:24,1,0,13
BRDA:41,2,0,9
BRDA:44,3,0,9
BRDA:44,3,1,7
BRDA:50,4,0,2
BRDA:53,5,0,2
BRDA:53,5,1,1
BRDA:59,6,0,103
BRDA:61,7,0,101
BRDA:61,7,1,2
BRDA:79,8,0,188
BRDA:79,8,1,90
BRDA:83,9,0,6
BRDA:114,10,0,2
BRDA:114,11,0,214
BRDA:114,11,1,214
BRDA:115,12,0,2
BRDA:115,12,1,1
BRDA:118,13,0,2
BRDA:118,14,0,212
BRDA:118,14,1,211
BRDA:138,15,0,199
BRDA:138,15,1,196
BRDA:138,15,2,96
BRDA:150,16,0,6
BRDA:150,16,1,5
BRDA:161,17,0,7
BRDA:161,17,1,5
BRDA:161,17,2,8
BRDA:161,17,3,104
BRDA:161,17,4,14
BRDA:161,17,5,8
BRDA:161,17,6,103
BRF:34
BRH:34
end_of_record
TN:
SF:src/services/workflow/WorkflowValidator.ts
FN:19,(anonymous_0)
FN:62,(anonymous_1)
FN:86,(anonymous_2)
FN:114,(anonymous_3)
FN:146,(anonymous_4)
FNF:5
FNH:5
FNDA:54,(anonymous_0)
FNDA:21,(anonymous_1)
FNDA:26,(anonymous_2)
FNDA:25,(anonymous_3)
FNDA:12,(anonymous_4)
DA:19,1
DA:21,54
DA:22,5
DA:26,47
DA:27,3
DA:31,44
DA:32,4
DA:36,40
DA:37,1
DA:40,39
DA:41,1
DA:45,38
DA:46,1
DA:50,37
DA:51,1
DA:54,36
DA:62,1
DA:63,21
DA:71,21
DA:72,7
DA:78,14
DA:86,1
DA:87,26
DA:88,5
DA:91,21
DA:92,6
DA:96,15
DA:98,14
DA:100,13
DA:106,15
DA:114,1
DA:115,25
DA:116,2
DA:119,23
DA:120,23
DA:123,18
DA:124,4
DA:128,14
DA:129,4
DA:132,10
DA:134,5
DA:146,1
DA:151,12
DA:154,12
DA:155,12
DA:156,2
DA:160,10
DA:161,10
DA:162,1
DA:165,9
DA:166,9
DA:167,0
DA:170,9
DA:171,7
DA:172,7
DA:173,1
DA:178,8
DA:179,2
DA:182,8
DA:183,1
DA:186,8
DA:187,2
DA:190,8
DA:191,2
DA:194,8
LF:65
LH:64
BRDA:21,0,0,5
BRDA:21,1,0,54
BRDA:21,1,1,49
BRDA:21,1,2,48
BRDA:26,2,0,3
BRDA:26,3,0,47
BRDA:26,3,1,44
BRDA:31,4,0,4
BRDA:31,5,0,44
BRDA:31,5,1,43
BRDA:31,5,2,42
BRDA:36,6,0,1
BRDA:36,7,0,40
BRDA:36,7,1,39
BRDA:40,8,0,1
BRDA:40,9,0,39
BRDA:40,9,1,38
BRDA:45,10,0,1
BRDA:45,11,0,38
BRDA:45,11,1,33
BRDA:50,12,0,1
BRDA:50,13,0,37
BRDA:50,13,1,36
BRDA:71,14,0,7
BRDA:87,15,0,5
BRDA:91,16,0,6
BRDA:91,17,0,21
BRDA:91,17,1,18
BRDA:96,18,0,1
BRDA:96,18,1,14
BRDA:98,19,0,1
BRDA:98,19,1,13
BRDA:100,20,0,11
BRDA:100,20,1,2
BRDA:115,21,0,2
BRDA:123,22,0,4
BRDA:123,23,0,18
BRDA:123,23,1,15
BRDA:128,24,0,4
BRDA:136,25,0,5
BRDA:136,25,1,0
BRDA:155,26,0,2
BRDA:161,27,0,1
BRDA:166,28,0,0
BRDA:170,29,0,7
BRDA:172,30,0,1
BRDA:178,31,0,2
BRDA:182,32,0,1
BRDA:186,33,0,2
BRDA:186,34,0,8
BRDA:186,34,1,8
BRDA:190,35,0,2
BRDA:190,36,0,8
BRDA:190,36,1,8
BRDA:196,37,0,8
BRDA:196,37,1,5
BRF:56
BRH:54
end_of_record
TN:
SF:src/services/workflow/index.ts
FN:10,(anonymous_0)
FN:11,(anonymous_1)
FN:12,(anonymous_2)
FN:17,(anonymous_3)
FN:18,(anonymous_4)
FN:19,(anonymous_5)
FN:20,(anonymous_6)
FN:21,(anonymous_7)
FN:26,(anonymous_8)
FN:27,(anonymous_9)
FN:28,(anonymous_10)
FN:29,(anonymous_11)
FN:30,(anonymous_12)
FN:31,(anonymous_13)
FN:32,(anonymous_14)
FN:37,(anonymous_15)
FN:38,(anonymous_16)
FN:39,(anonymous_17)
FN:40,(anonymous_18)
FN:45,(anonymous_19)
FN:46,(anonymous_20)
FN:47,(anonymous_21)
FN:48,(anonymous_22)
FN:62,(anonymous_23)
FN:62,(anonymous_24)
FNF:25
FNH:0
FNDA:0,(anonymous_0)
FNDA:0,(anonymous_1)
FNDA:0,(anonymous_2)
FNDA:0,(anonymous_3)
FNDA:0,(anonymous_4)
FNDA:0,(anonymous_5)
FNDA:0,(anonymous_6)
FNDA:0,(anonymous_7)
FNDA:0,(anonymous_8)
FNDA:0,(anonymous_9)
FNDA:0,(anonymous_10)
FNDA:0,(anonymous_11)
FNDA:0,(anonymous_12)
FNDA:0,(anonymous_13)
FNDA:0,(anonymous_14)
FNDA:0,(anonymous_15)
FNDA:0,(anonymous_16)
FNDA:0,(anonymous_17)
FNDA:0,(anonymous_18)
FNDA:0,(anonymous_19)
FNDA:0,(anonymous_20)
FNDA:0,(anonymous_21)
FNDA:0,(anonymous_22)
FNDA:0,(anonymous_23)
FNDA:0,(anonymous_24)
DA:9,0
DA:10,0
DA:11,0
DA:12,0
DA:16,0
DA:17,0
DA:18,0
DA:19,0
DA:20,0
DA:21,0
DA:25,0
DA:26,0
DA:27,0
DA:28,0
DA:29,0
DA:30,0
DA:31,0
DA:32,0
DA:36,0
DA:37,0
DA:38,0
DA:39,0
DA:40,0
DA:44,0
DA:45,0
DA:46,0
DA:47,0
DA:48,0
DA:62,0
LF:29
LH:0
BRF:0
BRH:0
end_of_record
TN:
SF:src/services/workflow/types.ts
FN:44,(anonymous_0)
FNF:1
FNH:1
FNDA:2,(anonymous_0)
DA:44,2
DA:45,2
DA:46,2
DA:47,2
DA:48,2
DA:49,2
DA:50,2
DA:102,2
LF:8
LH:8
BRDA:44,0,0,2
BRDA:44,0,1,2
BRF:2
BRH:2
end_of_record
TN:
SF:src/utils/badgeUtils.ts
FN:9,(anonymous_0)
FN:26,(anonymous_1)
FN:44,(anonymous_2)
FNF:3
FNH:3
FNDA:22,(anonymous_0)
FNDA:19,(anonymous_1)
FNDA:24,(anonymous_2)
DA:9,1
DA:12,22
DA:14,4
DA:16,3
DA:18,3
DA:20,3
DA:22,9
DA:26,1
DA:29,19
DA:31,4
DA:33,3
DA:35,3
DA:37,9
DA:44,1
DA:47,24
DA:49,5
DA:51,4
DA:53,15
LF:18
LH:18
BRDA:12,0,0,4
BRDA:12,0,1,3
BRDA:12,0,2,3
BRDA:12,0,3,3
BRDA:12,0,4,9
BRDA:29,1,0,4
BRDA:29,1,1,3
BRDA:29,1,2,3
BRDA:29,1,3,9
BRDA:47,2,0,5
BRDA:47,2,1,4
BRDA:47,2,2,15
BRF:12
BRH:12
end_of_record
TN:
SF:src/utils/cache.ts
FN:21,(anonymous_0)
FN:31,(anonymous_1)
FN:57,(anonymous_2)
FN:80,(anonymous_3)
FN:88,(anonymous_4)
FNF:5
FNH:5
FNDA:35,(anonymous_0)
FNDA:194,(anonymous_1)
FNDA:1519,(anonymous_2)
FNDA:3,(anonymous_3)
FNDA:29,(anonymous_4)
DA:5,1
DA:11,1
DA:12,35
DA:22,35
DA:23,35
DA:32,194
DA:34,194
DA:35,106
DA:39,88
DA:40,8
DA:41,8
DA:45,80
DA:46,80
DA:48,80
DA:59,1519
DA:60,1025
DA:61,1025
DA:62,1023
DA:66,1519
DA:73,1519
DA:74,1519
DA:81,3
DA:89,29
DA:94,1
LF:24
LH:24
BRDA:21,0,0,28
BRDA:21,1,0,34
BRDA:34,2,0,106
BRDA:39,3,0,8
BRDA:57,4,0,1512
BRDA:59,5,0,1025
BRDA:59,6,0,1519
BRDA:59,6,1,1027
BRDA:61,7,0,1023
BRF:9
BRH:9
end_of_record
TN:
SF:src/utils/constants.ts
FN:30,(anonymous_0)
FN:31,(anonymous_1)
FN:40,(anonymous_2)
FN:41,(anonymous_3)
FNF:4
FNH:2
FNDA:1133,(anonymous_0)
FNDA:1135,(anonymous_1)
FNDA:0,(anonymous_2)
FNDA:0,(anonymous_3)
DA:4,3
DA:5,3
DA:10,3
DA:11,3
DA:12,3
DA:15,3
DA:21,3
DA:30,3
DA:31,1135
DA:32,1133
DA:40,3
DA:41,0
DA:42,0
DA:46,3
DA:61,3
DA:62,3
DA:63,3
DA:64,3
DA:67,3
DA:70,3
DA:71,3
DA:74,3
LF:22
LH:20
BRDA:32,0,0,1133
BRDA:32,0,1,0
BRDA:42,1,0,0
BRDA:42,1,1,0
BRF:4
BRH:1
end_of_record
TN:
SF:src/utils/contextConstants.ts
FNF:0
FNH:0
DA:4,0
DA:5,0
DA:12,0
DA:23,0
DA:35,0
DA:66,0
LF:6
LH:0
BRF:0
BRH:0
end_of_record
TN:
SF:src/utils/copyUtils.ts
FN:47,(anonymous_0)
FN:90,(anonymous_1)
FN:136,(anonymous_2)
FN:146,(anonymous_3)
FN:156,(anonymous_4)
FN:174,(anonymous_5)
FN:186,(anonymous_6)
FN:196,(anonymous_7)
FN:206,(anonymous_8)
FN:216,(anonymous_9)
FN:227,(anonymous_10)
FN:240,(anonymous_11)
FN:250,(anonymous_12)
FN:260,(anonymous_13)
FN:273,(anonymous_14)
FN:281,(anonymous_15)
FN:289,(anonymous_16)
FN:297,(anonymous_17)
FN:305,(anonymous_18)
FN:315,(anonymous_19)
FN:332,(anonymous_20)
FN:351,(anonymous_21)
FN:374,(anonymous_22)
FN:395,(anonymous_23)
FN:443,(anonymous_24)
FN:453,(anonymous_25)
FN:463,(anonymous_26)
FN:481,(anonymous_27)
FN:493,(anonymous_28)
FN:503,(anonymous_29)
FN:513,(anonymous_30)
FN:523,(anonymous_31)
FN:534,(anonymous_32)
FN:547,(anonymous_33)
FN:557,(anonymous_34)
FN:567,(anonymous_35)
FN:580,(anonymous_36)
FN:588,(anonymous_37)
FN:596,(anonymous_38)
FN:604,(anonymous_39)
FN:612,(anonymous_40)
FN:622,(anonymous_41)
FN:638,(anonymous_42)
FN:661,(anonymous_43)
FN:685,(anonymous_44)
FN:738,(anonymous_45)
FN:753,(anonymous_46)
FNF:47
FNH:20
FNDA:30,(anonymous_0)
FNDA:15,(anonymous_1)
FNDA:2,(anonymous_2)
FNDA:1,(anonymous_3)
FNDA:2,(anonymous_4)
FNDA:0,(anonymous_5)
FNDA:0,(anonymous_6)
FNDA:0,(anonymous_7)
FNDA:0,(anonymous_8)
FNDA:0,(anonymous_9)
FNDA:3,(anonymous_10)
FNDA:0,(anonymous_11)
FNDA:0,(anonymous_12)
FNDA:0,(anonymous_13)
FNDA:6,(anonymous_14)
FNDA:2,(anonymous_15)
FNDA:3,(anonymous_16)
FNDA:1,(anonymous_17)
FNDA:1,(anonymous_18)
FNDA:2,(anonymous_19)
FNDA:0,(anonymous_20)
FNDA:0,(anonymous_21)
FNDA:0,(anonymous_22)
FNDA:11,(anonymous_23)
FNDA:0,(anonymous_24)
FNDA:0,(anonymous_25)
FNDA:0,(anonymous_26)
FNDA:0,(anonymous_27)
FNDA:0,(anonymous_28)
FNDA:0,(anonymous_29)
FNDA:0,(anonymous_30)
FNDA:0,(anonymous_31)
FNDA:0,(anonymous_32)
FNDA:0,(anonymous_33)
FNDA:0,(anonymous_34)
FNDA:0,(anonymous_35)
FNDA:4,(anonymous_36)
FNDA:1,(anonymous_37)
FNDA:2,(anonymous_38)
FNDA:0,(anonymous_39)
FNDA:0,(anonymous_40)
FNDA:1,(anonymous_41)
FNDA:0,(anonymous_42)
FNDA:0,(anonymous_43)
FNDA:20,(anonymous_44)
FNDA:10,(anonymous_45)
FNDA:8,(anonymous_46)
DA:21,1
DA:47,1
DA:48,30
DA:50,24
DA:53,24
DA:54,24
DA:57,24
DA:60,24
DA:61,24
DA:62,24
DA:63,24
DA:66,24
DA:69,24
DA:70,24
DA:73,24
DA:76,24
DA:79,24
DA:80,24
DA:82,24
DA:90,1
DA:91,15
DA:93,12
DA:96,12
DA:97,5
DA:101,12
DA:102,5
DA:103,5
DA:104,5
DA:106,5
DA:107,2
DA:112,12
DA:113,1
DA:114,1
DA:115,1
DA:117,1
DA:118,1
DA:120,1
DA:121,1
DA:123,1
DA:124,1
DA:129,12
DA:130,1
DA:131,1
DA:135,1
DA:136,1
DA:137,2
DA:139,1
DA:141,1
DA:145,1
DA:146,1
DA:147,1
DA:149,1
DA:151,1
DA:155,1
DA:156,1
DA:157,2
DA:159,1
DA:164,12
DA:165,0
DA:166,0
DA:167,0
DA:169,0
DA:173,0
DA:174,0
DA:175,0
DA:177,0
DA:179,0
DA:180,0
DA:181,0
DA:185,0
DA:186,0
DA:187,0
DA:189,0
DA:191,0
DA:195,0
DA:196,0
DA:197,0
DA:199,0
DA:201,0
DA:205,0
DA:206,0
DA:207,0
DA:209,0
DA:211,0
DA:215,0
DA:216,0
DA:217,0
DA:219,0
DA:225,12
DA:226,1
DA:227,1
DA:228,3
DA:230,1
DA:234,12
DA:235,0
DA:239,0
DA:240,0
DA:241,0
DA:243,0
DA:245,0
DA:249,0
DA:250,0
DA:251,0
DA:253,0
DA:255,0
DA:259,0
DA:260,0
DA:261,0
DA:263,0
DA:268,12
DA:269,4
DA:271,4
DA:272,4
DA:273,4
DA:274,6
DA:276,4
DA:279,4
DA:280,1
DA:281,1
DA:282,2
DA:284,1
DA:287,4
DA:288,2
DA:289,2
DA:290,3
DA:292,2
DA:295,4
DA:296,1
DA:297,1
DA:298,1
DA:300,1
DA:303,4
DA:304,1
DA:305,1
DA:306,1
DA:308,1
DA:313,12
DA:314,2
DA:315,2
DA:316,2
DA:317,2
DA:318,1
DA:320,2
DA:321,1
DA:327,12
DA:331,0
DA:332,0
DA:333,0
DA:334,0
DA:335,0
DA:337,0
DA:338,0
DA:344,12
DA:345,0
DA:349,12
DA:350,0
DA:351,0
DA:352,0
DA:354,0
DA:358,12
DA:359,0
DA:361,0
DA:362,0
DA:363,0
DA:364,0
DA:366,0
DA:367,0
DA:369,0
DA:373,0
DA:374,0
DA:375,0
DA:378,0
DA:381,0
DA:382,0
DA:383,0
DA:387,12
DA:395,1
DA:396,11
DA:398,8
DA:401,8
DA:402,4
DA:406,8
DA:407,4
DA:408,4
DA:409,4
DA:411,4
DA:412,2
DA:414,4
DA:418,8
DA:419,0
DA:420,0
DA:421,0
DA:423,0
DA:424,0
DA:426,0
DA:427,0
DA:429,0
DA:430,0
DA:432,0
DA:436,8
DA:437,0
DA:438,0
DA:442,0
DA:443,0
DA:444,0
DA:446,0
DA:448,0
DA:452,0
DA:453,0
DA:454,0
DA:456,0
DA:458,0
DA:462,0
DA:463,0
DA:464,0
DA:466,0
DA:471,8
DA:472,0
DA:473,0
DA:474,0
DA:476,0
DA:480,0
DA:481,0
DA:482,0
DA:484,0
DA:486,0
DA:487,0
DA:488,0
DA:492,0
DA:493,0
DA:494,0
DA:496,0
DA:498,0
DA:502,0
DA:503,0
DA:504,0
DA:506,0
DA:508,0
DA:512,0
DA:513,0
DA:514,0
DA:516,0
DA:518,0
DA:522,0
DA:523,0
DA:524,0
DA:526,0
DA:532,8
DA:533,0
DA:534,0
DA:535,0
DA:537,0
DA:541,8
DA:542,0
DA:546,0
DA:547,0
DA:548,0
DA:550,0
DA:552,0
DA:556,0
DA:557,0
DA:558,0
DA:560,0
DA:562,0
DA:566,0
DA:567,0
DA:568,0
DA:570,0
DA:575,8
DA:576,3
DA:578,3
DA:579,3
DA:580,3
DA:581,4
DA:583,3
DA:586,3
DA:587,1
DA:588,1
DA:589,1
DA:591,1
DA:594,3
DA:595,2
DA:596,2
DA:597,2
DA:599,2
DA:602,3
DA:603,0
DA:604,0
DA:605,0
DA:607,0
DA:610,3
DA:611,0
DA:612,0
DA:613,0
DA:615,0
DA:620,8
DA:621,1
DA:622,1
DA:623,1
DA:624,1
DA:625,1
DA:631,8
DA:632,0
DA:636,8
DA:637,0
DA:638,0
DA:639,0
DA:641,0
DA:645,8
DA:646,0
DA:648,0
DA:649,0
DA:650,0
DA:651,0
DA:653,0
DA:654,0
DA:656,0
DA:660,0
DA:661,0
DA:662,0
DA:665,0
DA:668,0
DA:669,0
DA:670,0
DA:674,8
DA:685,1
DA:691,20
DA:694,7
DA:695,3
DA:698,4
DA:699,1
DA:702,3
DA:713,6
DA:714,3
DA:717,3
DA:721,6
DA:722,3
DA:725,3
DA:728,1
DA:738,1
DA:739,10
DA:740,10
DA:741,9
DA:744,1
DA:753,1
DA:754,8
DA:756,2
DA:758,3
DA:760,2
DA:762,1
LF:350
LH:175
BRDA:48,0,0,6
BRDA:91,1,0,3
BRDA:96,2,0,5
BRDA:101,3,0,5
BRDA:101,4,0,12
BRDA:101,4,1,7
BRDA:103,5,0,5
BRDA:106,6,0,2
BRDA:112,7,0,1
BRDA:114,8,0,1
BRDA:117,9,0,1
BRDA:120,10,0,1
BRDA:123,11,0,1
BRDA:129,12,0,1
BRDA:131,13,0,1
BRDA:132,14,0,1
BRDA:132,14,1,1
BRDA:141,15,0,1
BRDA:142,16,0,1
BRDA:142,16,1,1
BRDA:151,17,0,1
BRDA:152,18,0,1
BRDA:152,18,1,1
BRDA:164,19,0,0
BRDA:166,20,0,0
BRDA:169,21,0,0
BRDA:170,22,0,0
BRDA:170,22,1,0
BRDA:179,23,0,0
BRDA:181,24,0,0
BRDA:182,25,0,0
BRDA:182,25,1,0
BRDA:191,26,0,0
BRDA:192,27,0,0
BRDA:192,27,1,0
BRDA:201,28,0,0
BRDA:202,29,0,0
BRDA:202,29,1,0
BRDA:211,30,0,0
BRDA:212,31,0,0
BRDA:212,31,1,0
BRDA:225,32,0,1
BRDA:225,33,0,12
BRDA:225,33,1,1
BRDA:234,34,0,0
BRDA:235,35,0,0
BRDA:236,36,0,0
BRDA:236,36,1,0
BRDA:245,37,0,0
BRDA:246,38,0,0
BRDA:246,38,1,0
BRDA:255,39,0,0
BRDA:256,40,0,0
BRDA:256,40,1,0
BRDA:268,41,0,4
BRDA:268,42,0,12
BRDA:268,42,1,4
BRDA:271,43,0,4
BRDA:271,44,0,4
BRDA:271,44,1,4
BRDA:279,45,0,1
BRDA:279,46,0,4
BRDA:279,46,1,1
BRDA:287,47,0,2
BRDA:287,48,0,4
BRDA:287,48,1,2
BRDA:295,49,0,1
BRDA:295,50,0,4
BRDA:295,50,1,1
BRDA:303,51,0,1
BRDA:303,52,0,4
BRDA:303,52,1,1
BRDA:313,53,0,2
BRDA:313,54,0,12
BRDA:313,54,1,2
BRDA:317,55,0,1
BRDA:320,56,0,1
BRDA:327,57,0,0
BRDA:328,58,0,12
BRDA:328,58,1,0
BRDA:334,59,0,0
BRDA:337,60,0,0
BRDA:344,61,0,0
BRDA:349,62,0,0
BRDA:349,63,0,12
BRDA:349,63,1,0
BRDA:358,64,0,0
BRDA:358,65,0,12
BRDA:358,65,1,12
BRDA:361,66,0,0
BRDA:363,67,0,0
BRDA:366,68,0,0
BRDA:369,69,0,0
BRDA:370,70,0,0
BRDA:370,70,1,0
BRDA:381,71,0,0
BRDA:396,72,0,3
BRDA:401,73,0,4
BRDA:406,74,0,4
BRDA:406,75,0,8
BRDA:406,75,1,4
BRDA:408,76,0,4
BRDA:411,77,0,2
BRDA:418,78,0,0
BRDA:420,79,0,0
BRDA:423,80,0,0
BRDA:426,81,0,0
BRDA:429,82,0,0
BRDA:436,83,0,0
BRDA:438,84,0,0
BRDA:439,85,0,0
BRDA:439,85,1,0
BRDA:448,86,0,0
BRDA:449,87,0,0
BRDA:449,87,1,0
BRDA:458,88,0,0
BRDA:459,89,0,0
BRDA:459,89,1,0
BRDA:471,90,0,0
BRDA:473,91,0,0
BRDA:476,92,0,0
BRDA:477,93,0,0
BRDA:477,93,1,0
BRDA:486,94,0,0
BRDA:488,95,0,0
BRDA:489,96,0,0
BRDA:489,96,1,0
BRDA:498,97,0,0
BRDA:499,98,0,0
BRDA:499,98,1,0
BRDA:508,99,0,0
BRDA:509,100,0,0
BRDA:509,100,1,0
BRDA:518,101,0,0
BRDA:519,102,0,0
BRDA:519,102,1,0
BRDA:532,103,0,0
BRDA:532,104,0,8
BRDA:532,104,1,0
BRDA:541,105,0,0
BRDA:542,106,0,0
BRDA:543,107,0,0
BRDA:543,107,1,0
BRDA:552,108,0,0
BRDA:553,109,0,0
BRDA:553,109,1,0
BRDA:562,110,0,0
BRDA:563,111,0,0
BRDA:563,111,1,0
BRDA:575,112,0,3
BRDA:575,113,0,8
BRDA:575,113,1,3
BRDA:578,114,0,3
BRDA:578,115,0,3
BRDA:578,115,1,3
BRDA:586,116,0,1
BRDA:586,117,0,3
BRDA:586,117,1,1
BRDA:594,118,0,2
BRDA:594,119,0,3
BRDA:594,119,1,2
BRDA:602,120,0,0
BRDA:602,121,0,3
BRDA:602,121,1,0
BRDA:610,122,0,0
BRDA:610,123,0,3
BRDA:610,123,1,0
BRDA:620,124,0,1
BRDA:620,125,0,8
BRDA:620,125,1,1
BRDA:624,126,0,1
BRDA:631,127,0,0
BRDA:636,128,0,0
BRDA:636,129,0,8
BRDA:636,129,1,0
BRDA:645,130,0,0
BRDA:645,131,0,8
BRDA:645,131,1,8
BRDA:648,132,0,0
BRDA:650,133,0,0
BRDA:653,134,0,0
BRDA:656,135,0,0
BRDA:657,136,0,0
BRDA:657,136,1,0
BRDA:668,137,0,0
BRDA:691,138,0,7
BRDA:691,138,1,6
BRDA:691,138,2,6
BRDA:691,138,3,1
BRDA:694,139,0,3
BRDA:698,140,0,1
BRDA:713,141,0,3
BRDA:721,142,0,3
BRDA:754,143,0,2
BRDA:754,143,1,3
BRDA:754,143,2,2
BRDA:754,143,3,1
BRF:197
BRH:94
end_of_record
TN:
SF:src/utils/helpers.ts
FN:8,(anonymous_0)
FN:9,(anonymous_1)
FN:16,(anonymous_2)
FN:26,(anonymous_3)
FN:47,(anonymous_4)
FN:77,(anonymous_5)
FN:99,(anonymous_6)
FN:120,(anonymous_7)
FNF:8
FNH:8
FNDA:4,(anonymous_0)
FNDA:4,(anonymous_1)
FNDA:7,(anonymous_2)
FNDA:13,(anonymous_3)
FNDA:13,(anonymous_4)
FNDA:18,(anonymous_5)
FNDA:14,(anonymous_6)
FNDA:8,(anonymous_7)
DA:8,2
DA:9,4
DA:16,2
DA:18,7
DA:26,2
DA:27,13
DA:28,13
DA:29,2109
DA:30,2109
DA:31,2109
DA:33,13
DA:47,2
DA:56,13
DA:66,13
DA:67,13
DA:69,13
DA:77,2
DA:78,18
DA:79,5
DA:82,13
DA:83,13
DA:84,1
DA:87,12
DA:88,1
DA:91,11
DA:99,2
DA:100,14
DA:101,2
DA:104,12
DA:105,4
DA:108,8
DA:109,2
DA:112,6
DA:120,2
DA:121,8
DA:126,8
DA:128,8
LF:37
LH:37
BRDA:8,0,0,1
BRDA:29,1,0,2109
BRDA:29,1,1,0
BRDA:60,2,0,12
BRDA:60,2,1,1
BRDA:62,3,0,12
BRDA:62,3,1,1
BRDA:78,4,0,5
BRDA:78,5,0,18
BRDA:78,5,1,14
BRDA:83,6,0,1
BRDA:87,7,0,1
BRDA:100,8,0,2
BRDA:104,9,0,4
BRDA:108,10,0,2
BRDA:108,11,0,8
BRDA:108,11,1,5
BRDA:108,11,2,4
BRF:18
BRH:17
end_of_record
TN:
SF:src/utils/promptEngineer.ts
FN:28,(anonymous_0)
FN:80,(anonymous_1)
FN:109,(anonymous_2)
FN:197,(anonymous_3)
FN:205,(anonymous_4)
FN:213,(anonymous_5)
FN:221,(anonymous_6)
FN:229,(anonymous_7)
FN:237,(anonymous_8)
FNF:9
FNH:0
FNDA:0,(anonymous_0)
FNDA:0,(anonymous_1)
FNDA:0,(anonymous_2)
FNDA:0,(anonymous_3)
FNDA:0,(anonymous_4)
FNDA:0,(anonymous_5)
FNDA:0,(anonymous_6)
FNDA:0,(anonymous_7)
FNDA:0,(anonymous_8)
DA:28,0
DA:29,0
DA:32,0
DA:33,0
DA:37,0
DA:38,0
DA:42,0
DA:43,0
DA:47,0
DA:52,0
DA:55,0
DA:60,0
DA:63,0
DA:68,0
DA:71,0
DA:80,0
DA:82,0
DA:85,0
DA:88,0
DA:91,0
DA:94,0
DA:97,0
DA:100,0
DA:109,0
DA:110,0
DA:189,0
DA:197,0
DA:198,0
DA:205,0
DA:206,0
DA:213,0
DA:214,0
DA:221,0
DA:222,0
DA:229,0
DA:230,0
DA:237,0
DA:238,0
LF:38
LH:0
BRDA:32,0,0,0
BRDA:37,1,0,0
BRDA:42,2,0,0
BRDA:47,3,0,0
BRDA:48,4,0,0
BRDA:48,4,1,0
BRDA:48,4,2,0
BRDA:55,5,0,0
BRDA:56,6,0,0
BRDA:56,6,1,0
BRDA:56,6,2,0
BRDA:63,7,0,0
BRDA:64,8,0,0
BRDA:64,8,1,0
BRDA:64,8,2,0
BRDA:82,9,0,0
BRDA:82,9,1,0
BRDA:82,9,2,0
BRDA:82,9,3,0
BRDA:82,9,4,0
BRDA:82,9,5,0
BRDA:82,9,6,0
BRF:22
BRH:0
end_of_record
TN:
SF:src/utils/queryTemplates.ts
FN:44,(anonymous_0)
FN:57,(anonymous_1)
FN:71,(anonymous_2)
FN:107,(anonymous_3)
FN:118,(anonymous_4)
FN:129,(anonymous_5)
FN:140,(anonymous_6)
FN:160,(anonymous_7)
FN:212,(anonymous_8)
FN:254,(anonymous_9)
FNF:10
FNH:10
FNDA:24,(anonymous_0)
FNDA:15,(anonymous_1)
FNDA:12,(anonymous_2)
FNDA:13,(anonymous_3)
FNDA:3,(anonymous_4)
FNDA:3,(anonymous_5)
FNDA:4,(anonymous_6)
FNDA:8,(anonymous_7)
FNDA:12,(anonymous_8)
FNDA:8,(anonymous_9)
DA:10,1
DA:44,1
DA:45,24
DA:57,1
DA:58,15
DA:71,1
DA:72,12
DA:107,1
DA:108,13
DA:118,1
DA:119,3
DA:129,1
DA:130,3
DA:140,1
DA:141,4
DA:160,1
DA:161,8
DA:163,8
DA:212,1
DA:217,12
DA:219,2
DA:221,2
DA:222,1
DA:224,1
DA:226,2
DA:228,1
DA:230,1
DA:232,1
DA:234,2
DA:237,1
DA:238,1
DA:254,1
DA:259,8
LF:33
LH:33
BRDA:71,0,0,5
BRDA:161,1,0,3
BRDA:161,1,1,5
BRDA:217,2,0,2
BRDA:217,2,1,2
BRDA:217,2,2,2
BRDA:217,2,3,1
BRDA:217,2,4,1
BRDA:217,2,5,1
BRDA:217,2,6,2
BRDA:217,2,7,1
BRDA:221,3,0,1
BRDA:257,4,0,3
BRF:13
BRH:13
end_of_record
TN:
SF:src/utils/socketDetection.ts
FN:40,detectCurrentSocket
FN:93,detectSocketFromUrl
FN:128,detectSocketFromContext
FN:161,detectSocketFromTitle
FN:192,getAllAvailableSockets
FN:193,(anonymous_5)
FN:203,formatSocketInfo
FNF:7
FNH:0
FNDA:0,detectCurrentSocket
FNDA:0,detectSocketFromUrl
FNDA:0,detectSocketFromContext
FNDA:0,detectSocketFromTitle
FNDA:0,getAllAvailableSockets
FNDA:0,(anonymous_5)
FNDA:0,formatSocketInfo
DA:19,0
DA:40,0
DA:42,0
DA:43,0
DA:44,0
DA:45,0
DA:55,0
DA:56,0
DA:57,0
DA:58,0
DA:68,0
DA:69,0
DA:70,0
DA:71,0
DA:81,0
DA:94,0
DA:95,0
DA:96,0
DA:97,0
DA:100,0
DA:102,0
DA:104,0
DA:105,0
DA:109,0
DA:110,0
DA:114,0
DA:115,0
DA:122,0
DA:129,0
DA:131,0
DA:135,0
DA:136,0
DA:140,0
DA:142,0
DA:143,0
DA:145,0
DA:146,0
DA:149,0
DA:155,0
DA:162,0
DA:163,0
DA:164,0
DA:165,0
DA:167,0
DA:169,0
DA:170,0
DA:171,0
DA:174,0
DA:175,0
DA:178,0
DA:179,0
DA:186,0
DA:192,0
DA:193,0
DA:203,0
DA:204,0
DA:205,0
DA:208,0
LF:58
LH:0
BRDA:43,0,0,0
BRDA:43,1,0,0
BRDA:43,1,1,0
BRDA:56,2,0,0
BRDA:56,3,0,0
BRDA:56,3,1,0
BRDA:69,4,0,0
BRDA:69,5,0,0
BRDA:69,5,1,0
BRDA:96,6,0,0
BRDA:96,6,1,0
BRDA:97,7,0,0
BRDA:97,7,1,0
BRDA:104,8,0,0
BRDA:104,9,0,0
BRDA:104,9,1,0
BRDA:109,10,0,0
BRDA:109,11,0,0
BRDA:109,11,1,0
BRDA:114,12,0,0
BRDA:114,13,0,0
BRDA:114,13,1,0
BRDA:129,14,0,0
BRDA:135,15,0,0
BRDA:135,16,0,0
BRDA:135,16,1,0
BRDA:140,17,0,0
BRDA:142,18,0,0
BRDA:142,19,0,0
BRDA:142,19,1,0
BRDA:145,20,0,0
BRDA:145,21,0,0
BRDA:145,21,1,0
BRDA:163,22,0,0
BRDA:163,22,1,0
BRDA:164,23,0,0
BRDA:164,23,1,0
BRDA:165,24,0,0
BRDA:165,24,1,0
BRDA:170,25,0,0
BRDA:170,26,0,0
BRDA:170,26,1,0
BRDA:174,27,0,0
BRDA:174,28,0,0
BRDA:174,28,1,0
BRDA:178,29,0,0
BRDA:178,30,0,0
BRDA:178,30,1,0
BRDA:204,31,0,0
BRF:49
BRH:0
end_of_record
TN:
SF:src/utils/textFormatting.ts
FN:13,(anonymous_0)
FN:14,(anonymous_1)
FN:25,(anonymous_2)
FN:26,(anonymous_3)
FN:36,(anonymous_4)
FN:45,(anonymous_5)
FN:55,(anonymous_6)
FN:129,(anonymous_7)
FN:145,(anonymous_8)
FNF:9
FNH:9
FNDA:5,(anonymous_0)
FNDA:31,(anonymous_1)
FNDA:104,(anonymous_2)
FNDA:104,(anonymous_3)
FNDA:94,(anonymous_4)
FNDA:682,(anonymous_5)
FNDA:46,(anonymous_6)
FNDA:11,(anonymous_7)
FNDA:12,(anonymous_8)
DA:13,1
DA:14,5
DA:15,31
DA:16,5
DA:20,26
DA:23,26
DA:25,104
DA:26,104
DA:29,26
DA:30,6
DA:33,20
DA:34,20
DA:36,20
DA:37,94
DA:40,94
DA:41,94
DA:42,94
DA:45,682
DA:47,94
DA:49,94
DA:50,46
DA:51,46
DA:55,46
DA:60,1
DA:122,1
DA:123,1
DA:129,1
DA:130,11
DA:131,6
DA:135,5
DA:136,5
DA:138,5
DA:145,1
DA:146,12
DA:147,9
DA:151,1
LF:36
LH:36
BRDA:15,0,0,5
BRDA:15,1,0,31
BRDA:15,1,1,27
BRDA:29,2,0,6
BRDA:42,3,0,94
BRDA:42,3,1,94
BRDA:42,3,2,94
BRDA:42,3,3,74
BRDA:47,4,0,94
BRDA:47,4,1,69
BRDA:47,4,2,56
BRDA:49,5,0,46
BRDA:130,6,0,6
BRDA:130,7,0,11
BRDA:130,7,1,8
BRDA:136,8,0,3
BRDA:136,8,1,2
BRDA:146,9,0,3
BRF:18
BRH:18
end_of_record
TN:
SF:src/utils/universalFormatting.ts
FN:11,(anonymous_1)
FN:35,(anonymous_2)
FN:38,(anonymous_3)
FN:46,(anonymous_4)
FN:49,(anonymous_5)
FNF:5
FNH:5
FNDA:20,(anonymous_1)
FNDA:11,(anonymous_2)
FNDA:26,(anonymous_3)
FNDA:7,(anonymous_4)
FNDA:7,(anonymous_5)
DA:4,1
DA:5,1
DA:11,1
DA:12,20
DA:13,5
DA:16,15
DA:18,2
DA:20,4
DA:22,6
DA:24,1
DA:26,1
DA:28,1
DA:35,1
DA:36,11
DA:38,26
DA:39,7
DA:46,1
DA:47,7
DA:49,7
DA:50,7
LF:20
LH:20
BRDA:11,0,0,5
BRDA:12,1,0,5
BRDA:12,2,0,20
BRDA:12,2,1,16
BRDA:16,3,0,2
BRDA:16,3,1,4
BRDA:16,3,2,6
BRDA:16,3,3,1
BRDA:16,3,4,1
BRDA:16,3,5,1
BRDA:36,4,0,4
BRDA:36,5,0,11
BRDA:36,5,1,8
BRDA:46,6,0,2
BRDA:46,7,0,3
BRF:15
BRH:15
end_of_record
TN:
SF:src/utils/context/DomainProcessor.ts
FN:12,(anonymous_0)
FN:17,(anonymous_1)
FN:29,(anonymous_2)
FN:42,(anonymous_3)
FN:57,(anonymous_4)
FN:73,(anonymous_5)
FN:85,(anonymous_6)
FN:95,(anonymous_7)
FN:115,(anonymous_8)
FN:143,(anonymous_9)
FN:172,(anonymous_10)
FN:201,(anonymous_11)
FNF:12
FNH:0
FNDA:0,(anonymous_0)
FNDA:0,(anonymous_1)
FNDA:0,(anonymous_2)
FNDA:0,(anonymous_3)
FNDA:0,(anonymous_4)
FNDA:0,(anonymous_5)
FNDA:0,(anonymous_6)
FNDA:0,(anonymous_7)
FNDA:0,(anonymous_8)
FNDA:0,(anonymous_9)
FNDA:0,(anonymous_10)
FNDA:0,(anonymous_11)
DA:4,0
DA:6,0
DA:12,0
DA:13,0
DA:16,0
DA:17,0
DA:18,0
DA:19,0
DA:20,0
DA:21,0
DA:22,0
DA:28,0
DA:29,0
DA:30,0
DA:31,0
DA:32,0
DA:33,0
DA:34,0
DA:35,0
DA:41,0
DA:42,0
DA:43,0
DA:44,0
DA:45,0
DA:46,0
DA:47,0
DA:48,0
DA:49,0
DA:56,0
DA:57,0
DA:58,0
DA:59,0
DA:60,0
DA:61,0
DA:62,0
DA:68,0
DA:73,0
DA:74,0
DA:76,0
DA:77,0
DA:80,0
DA:81,0
DA:82,0
DA:85,0
DA:86,0
DA:87,0
DA:93,0
DA:95,0
DA:98,0
DA:100,0
DA:115,0
DA:116,0
DA:117,0
DA:119,0
DA:137,0
DA:143,0
DA:144,0
DA:147,0
DA:149,0
DA:150,0
DA:151,0
DA:153,0
DA:167,0
DA:168,0
DA:169,0
DA:172,0
DA:173,0
DA:174,0
DA:191,0
DA:192,0
DA:193,0
DA:197,0
DA:198,0
DA:201,0
DA:202,0
DA:203,0
LF:76
LH:0
BRDA:16,0,0,0
BRDA:16,1,0,0
BRDA:16,1,1,0
BRDA:18,2,0,0
BRDA:18,3,0,0
BRDA:18,3,1,0
BRDA:18,3,2,0
BRDA:19,4,0,0
BRDA:19,4,1,0
BRDA:28,5,0,0
BRDA:28,6,0,0
BRDA:28,6,1,0
BRDA:31,7,0,0
BRDA:31,8,0,0
BRDA:31,8,1,0
BRDA:32,9,0,0
BRDA:32,9,1,0
BRDA:41,10,0,0
BRDA:41,11,0,0
BRDA:41,11,1,0
BRDA:43,12,0,0
BRDA:43,13,0,0
BRDA:43,13,1,0
BRDA:43,13,2,0
BRDA:45,14,0,0
BRDA:45,15,0,0
BRDA:45,15,1,0
BRDA:46,16,0,0
BRDA:46,16,1,0
BRDA:56,17,0,0
BRDA:56,18,0,0
BRDA:56,18,1,0
BRDA:58,19,0,0
BRDA:58,20,0,0
BRDA:58,20,1,0
BRDA:58,20,2,0
BRDA:59,21,0,0
BRDA:59,21,1,0
BRDA:76,22,0,0
BRDA:86,23,0,0
BRDA:98,24,0,0
BRDA:98,24,1,0
BRDA:144,25,0,0
BRDA:147,26,0,0
BRDA:149,27,0,0
BRDA:149,28,0,0
BRDA:149,28,1,0
BRDA:167,29,0,0
BRDA:167,30,0,0
BRDA:167,30,1,0
BRDA:173,31,0,0
BRDA:191,32,0,0
BRDA:197,33,0,0
BRDA:197,34,0,0
BRDA:197,34,1,0
BRDA:202,35,0,0
BRF:56
BRH:0
end_of_record
TN:
SF:src/utils/context/EntityHelpers.ts
FN:14,(anonymous_0)
FN:22,(anonymous_1)
FN:45,(anonymous_2)
FN:60,(anonymous_3)
FN:68,(anonymous_4)
FN:104,(anonymous_5)
FN:106,(anonymous_6)
FN:129,(anonymous_7)
FN:140,(anonymous_8)
FN:146,(anonymous_9)
FN:149,(anonymous_10)
FN:150,(anonymous_11)
FN:151,(anonymous_12)
FN:152,(anonymous_13)
FNF:14
FNH:0
FNDA:0,(anonymous_0)
FNDA:0,(anonymous_1)
FNDA:0,(anonymous_2)
FNDA:0,(anonymous_3)
FNDA:0,(anonymous_4)
FNDA:0,(anonymous_5)
FNDA:0,(anonymous_6)
FNDA:0,(anonymous_7)
FNDA:0,(anonymous_8)
FNDA:0,(anonymous_9)
FNDA:0,(anonymous_10)
FNDA:0,(anonymous_11)
FNDA:0,(anonymous_12)
FNDA:0,(anonymous_13)
DA:4,0
DA:14,0
DA:15,0
DA:16,0
DA:22,0
DA:23,0
DA:24,0
DA:27,0
DA:28,0
DA:30,0
DA:31,0
DA:33,0
DA:34,0
DA:38,0
DA:45,0
DA:46,0
DA:49,0
DA:50,0
DA:52,0
DA:54,0
DA:60,0
DA:61,0
DA:68,0
DA:71,0
DA:72,0
DA:73,0
DA:74,0
DA:77,0
DA:78,0
DA:79,0
DA:88,0
DA:89,0
DA:90,0
DA:91,0
DA:98,0
DA:104,0
DA:105,0
DA:106,0
DA:107,0
DA:110,0
DA:113,0
DA:114,0
DA:115,0
DA:118,0
DA:119,0
DA:120,0
DA:121,0
DA:123,0
DA:129,0
DA:131,0
DA:132,0
DA:133,0
DA:135,0
DA:136,0
DA:139,0
DA:140,0
DA:146,0
DA:147,0
DA:149,0
DA:150,0
DA:151,0
DA:152,0
LF:62
LH:0
BRDA:15,0,0,0
BRDA:24,1,0,0
BRDA:27,2,0,0
BRDA:27,2,1,0
BRDA:28,3,0,0
BRDA:28,3,1,0
BRDA:33,4,0,0
BRDA:33,5,0,0
BRDA:33,5,1,0
BRDA:45,6,0,0
BRDA:46,7,0,0
BRDA:52,8,0,0
BRDA:60,9,0,0
BRDA:71,10,0,0
BRDA:71,11,0,0
BRDA:71,11,1,0
BRDA:73,12,0,0
BRDA:73,13,0,0
BRDA:73,13,1,0
BRDA:78,14,0,0
BRDA:78,15,0,0
BRDA:78,15,1,0
BRDA:88,16,0,0
BRDA:88,17,0,0
BRDA:88,17,1,0
BRDA:88,17,2,0
BRDA:90,18,0,0
BRDA:90,19,0,0
BRDA:90,19,1,0
BRDA:106,20,0,0
BRDA:106,21,0,0
BRDA:106,21,1,0
BRDA:106,22,0,0
BRDA:106,22,1,0
BRDA:106,22,2,0
BRDA:113,23,0,0
BRDA:114,24,0,0
BRDA:114,25,0,0
BRDA:114,25,1,0
BRDA:114,25,2,0
BRDA:115,26,0,0
BRDA:115,27,0,0
BRDA:115,27,1,0
BRDA:118,28,0,0
BRDA:119,29,0,0
BRDA:119,30,0,0
BRDA:119,30,1,0
BRDA:120,31,0,0
BRDA:121,32,0,0
BRDA:131,33,0,0
BRDA:132,34,0,0
BRDA:132,35,0,0
BRDA:132,35,1,0
BRDA:133,36,0,0
BRDA:136,37,0,0
BRDA:136,38,0,0
BRDA:136,38,1,0
BRDA:136,39,0,0
BRDA:136,39,1,0
BRF:59
BRH:0
end_of_record
TN:
SF:src/utils/context/FileProcessor.ts
FN:12,(anonymous_0)
FN:65,(anonymous_1)
FN:74,(anonymous_2)
FN:92,(anonymous_3)
FN:112,(anonymous_4)
FN:141,(anonymous_5)
FN:151,(anonymous_6)
FN:174,(anonymous_7)
FN:179,(anonymous_8)
FN:199,(anonymous_9)
FN:201,(anonymous_10)
FN:226,(anonymous_11)
FN:228,(anonymous_12)
FN:261,(anonymous_13)
FN:305,(anonymous_14)
FN:331,(anonymous_15)
FN:360,(anonymous_16)
FN:399,(anonymous_17)
FN:431,(anonymous_18)
FN:470,(anonymous_19)
FNF:20
FNH:0
FNDA:0,(anonymous_0)
FNDA:0,(anonymous_1)
FNDA:0,(anonymous_2)
FNDA:0,(anonymous_3)
FNDA:0,(anonymous_4)
FNDA:0,(anonymous_5)
FNDA:0,(anonymous_6)
FNDA:0,(anonymous_7)
FNDA:0,(anonymous_8)
FNDA:0,(anonymous_9)
FNDA:0,(anonymous_10)
FNDA:0,(anonymous_11)
FNDA:0,(anonymous_12)
FNDA:0,(anonymous_13)
FNDA:0,(anonymous_14)
FNDA:0,(anonymous_15)
FNDA:0,(anonymous_16)
FNDA:0,(anonymous_17)
FNDA:0,(anonymous_18)
FNDA:0,(anonymous_19)
DA:4,0
DA:6,0
DA:12,0
DA:13,0
DA:16,0
DA:19,0
DA:20,0
DA:21,0
DA:25,0
DA:29,0
DA:30,0
DA:31,0
DA:33,0
DA:39,0
DA:40,0
DA:43,0
DA:48,0
DA:49,0
DA:50,0
DA:52,0
DA:53,0
DA:54,0
DA:57,0
DA:64,0
DA:65,0
DA:66,0
DA:67,0
DA:74,0
DA:75,0
DA:78,0
DA:92,0
DA:93,0
DA:94,0
DA:111,0
DA:112,0
DA:113,0
DA:114,0
DA:134,0
DA:141,0
DA:145,0
DA:147,0
DA:148,0
DA:151,0
DA:152,0
DA:153,0
DA:155,0
DA:156,0
DA:159,0
DA:162,0
DA:163,0
DA:167,0
DA:168,0
DA:174,0
DA:175,0
DA:178,0
DA:179,0
DA:182,0
DA:184,0
DA:199,0
DA:200,0
DA:201,0
DA:203,0
DA:204,0
DA:206,0
DA:225,0
DA:226,0
DA:227,0
DA:228,0
DA:230,0
DA:231,0
DA:233,0
DA:255,0
DA:261,0
DA:262,0
DA:265,0
DA:266,0
DA:269,0
DA:279,0
DA:280,0
DA:281,0
DA:283,0
DA:299,0
DA:300,0
DA:301,0
DA:304,0
DA:305,0
DA:307,0
DA:308,0
DA:325,0
DA:326,0
DA:327,0
DA:330,0
DA:331,0
DA:333,0
DA:334,0
DA:353,0
DA:354,0
DA:356,0
DA:357,0
DA:360,0
DA:361,0
DA:362,0
DA:372,0
DA:373,0
DA:374,0
DA:376,0
DA:393,0
DA:394,0
DA:395,0
DA:398,0
DA:399,0
DA:401,0
DA:402,0
DA:424,0
DA:425,0
DA:427,0
DA:428,0
DA:431,0
DA:432,0
DA:433,0
DA:443,0
DA:444,0
DA:445,0
DA:447,0
DA:464,0
DA:465,0
DA:466,0
DA:469,0
DA:470,0
DA:472,0
DA:473,0
LF:131
LH:0
BRDA:19,0,0,0
BRDA:19,0,1,0
BRDA:20,1,0,0
BRDA:20,1,1,0
BRDA:21,2,0,0
BRDA:21,2,1,0
BRDA:25,3,0,0
BRDA:25,3,1,0
BRDA:25,3,2,0
BRDA:29,4,0,0
BRDA:29,4,1,0
BRDA:33,5,0,0
BRDA:34,6,0,0
BRDA:34,6,1,0
BRDA:34,6,2,0
BRDA:34,6,3,0
BRDA:39,7,0,0
BRDA:48,8,0,0
BRDA:52,9,0,0
BRDA:52,10,0,0
BRDA:52,10,1,0
BRDA:52,10,2,0
BRDA:52,10,3,0
BRDA:53,11,0,0
BRDA:64,12,0,0
BRDA:66,13,0,0
BRDA:66,14,0,0
BRDA:66,14,1,0
BRDA:66,14,2,0
BRDA:111,15,0,0
BRDA:111,16,0,0
BRDA:111,16,1,0
BRDA:147,17,0,0
BRDA:147,18,0,0
BRDA:147,18,1,0
BRDA:152,19,0,0
BRDA:155,20,0,0
BRDA:162,21,0,0
BRDA:162,22,0,0
BRDA:162,22,1,0
BRDA:167,23,0,0
BRDA:167,24,0,0
BRDA:167,24,1,0
BRDA:179,25,0,0
BRDA:179,25,1,0
BRDA:182,26,0,0
BRDA:182,27,0,0
BRDA:182,27,1,0
BRDA:182,27,2,0
BRDA:203,28,0,0
BRDA:225,29,0,0
BRDA:225,30,0,0
BRDA:225,30,1,0
BRDA:230,31,0,0
BRDA:262,32,0,0
BRDA:265,33,0,0
BRDA:279,34,0,0
BRDA:299,35,0,0
BRDA:305,36,0,0
BRDA:305,36,1,0
BRDA:307,37,0,0
BRDA:325,38,0,0
BRDA:331,39,0,0
BRDA:331,39,1,0
BRDA:333,40,0,0
BRDA:353,41,0,0
BRDA:356,42,0,0
BRDA:361,43,0,0
BRDA:372,44,0,0
BRDA:393,45,0,0
BRDA:399,46,0,0
BRDA:399,46,1,0
BRDA:401,47,0,0
BRDA:424,48,0,0
BRDA:427,49,0,0
BRDA:432,50,0,0
BRDA:443,51,0,0
BRDA:464,52,0,0
BRDA:470,53,0,0
BRDA:470,53,1,0
BRDA:472,54,0,0
BRF:81
BRH:0
end_of_record
TN:
SF:src/utils/context/IpProcessor.ts
FN:11,(anonymous_0)
FN:15,(anonymous_1)
FN:32,(anonymous_2)
FNF:3
FNH:0
FNDA:0,(anonymous_0)
FNDA:0,(anonymous_1)
FNDA:0,(anonymous_2)
DA:4,0
DA:6,0
DA:11,0
DA:12,0
DA:14,0
DA:15,0
DA:16,0
DA:26,0
DA:32,0
DA:33,0
DA:36,0
DA:38,0
DA:39,0
DA:49,0
DA:50,0
LF:15
LH:0
BRDA:14,0,0,0
BRDA:14,1,0,0
BRDA:14,1,1,0
BRDA:33,2,0,0
BRDA:36,3,0,0
BRDA:38,4,0,0
BRDA:38,5,0,0
BRDA:38,5,1,0
BRDA:49,6,0,0
BRDA:49,7,0,0
BRDA:49,7,1,0
BRF:11
BRH:0
end_of_record
TN:
SF:src/utils/context/MitreProcessor.ts
FN:9,(anonymous_0)
FN:19,(anonymous_1)
FN:46,(anonymous_2)
FN:71,(anonymous_3)
FN:116,(anonymous_4)
FN:149,(anonymous_5)
FN:157,(anonymous_6)
FN:183,(anonymous_7)
FN:189,(anonymous_8)
FN:208,(anonymous_9)
FNF:10
FNH:0
FNDA:0,(anonymous_0)
FNDA:0,(anonymous_1)
FNDA:0,(anonymous_2)
FNDA:0,(anonymous_3)
FNDA:0,(anonymous_4)
FNDA:0,(anonymous_5)
FNDA:0,(anonymous_6)
FNDA:0,(anonymous_7)
FNDA:0,(anonymous_8)
FNDA:0,(anonymous_9)
DA:4,0
DA:9,0
DA:10,0
DA:12,0
DA:18,0
DA:19,0
DA:20,0
DA:21,0
DA:24,0
DA:25,0
DA:26,0
DA:27,0
DA:28,0
DA:31,0
DA:32,0
DA:34,0
DA:35,0
DA:38,0
DA:45,0
DA:46,0
DA:47,0
DA:48,0
DA:49,0
DA:51,0
DA:52,0
DA:53,0
DA:54,0
DA:56,0
DA:57,0
DA:59,0
DA:60,0
DA:63,0
DA:70,0
DA:71,0
DA:72,0
DA:73,0
DA:74,0
DA:76,0
DA:77,0
DA:78,0
DA:79,0
DA:81,0
DA:82,0
DA:84,0
DA:85,0
DA:88,0
DA:95,0
DA:96,0
DA:97,0
DA:99,0
DA:100,0
DA:101,0
DA:102,0
DA:104,0
DA:105,0
DA:107,0
DA:108,0
DA:111,0
DA:116,0
DA:117,0
DA:120,0
DA:121,0
DA:125,0
DA:126,0
DA:129,0
DA:149,0
DA:150,0
DA:151,0
DA:157,0
DA:158,0
DA:159,0
DA:162,0
DA:163,0
DA:170,0
DA:171,0
DA:172,0
DA:177,0
DA:183,0
DA:184,0
DA:186,0
DA:187,0
DA:189,0
DA:190,0
DA:191,0
DA:192,0
DA:193,0
DA:196,0
DA:197,0
DA:199,0
DA:200,0
DA:203,0
DA:208,0
DA:209,0
DA:211,0
DA:212,0
DA:215,0
DA:216,0
DA:219,0
DA:236,0
LF:99
LH:0
BRDA:10,0,0,0
BRDA:18,1,0,0
BRDA:18,2,0,0
BRDA:18,2,1,0
BRDA:20,3,0,0
BRDA:25,4,0,0
BRDA:26,5,0,0
BRDA:26,5,1,0
BRDA:31,6,0,0
BRDA:31,7,0,0
BRDA:31,7,1,0
BRDA:34,8,0,0
BRDA:34,9,0,0
BRDA:34,9,1,0
BRDA:45,10,0,0
BRDA:45,11,0,0
BRDA:45,11,1,0
BRDA:47,12,0,0
BRDA:51,13,0,0
BRDA:52,14,0,0
BRDA:52,14,1,0
BRDA:56,15,0,0
BRDA:56,16,0,0
BRDA:56,16,1,0
BRDA:59,17,0,0
BRDA:59,18,0,0
BRDA:59,18,1,0
BRDA:70,19,0,0
BRDA:70,20,0,0
BRDA:70,20,1,0
BRDA:72,21,0,0
BRDA:76,22,0,0
BRDA:77,23,0,0
BRDA:77,23,1,0
BRDA:81,24,0,0
BRDA:81,25,0,0
BRDA:81,25,1,0
BRDA:84,26,0,0
BRDA:84,27,0,0
BRDA:84,27,1,0
BRDA:95,28,0,0
BRDA:99,29,0,0
BRDA:100,30,0,0
BRDA:100,30,1,0
BRDA:104,31,0,0
BRDA:104,32,0,0
BRDA:104,32,1,0
BRDA:107,33,0,0
BRDA:107,34,0,0
BRDA:107,34,1,0
BRDA:120,35,0,0
BRDA:125,36,0,0
BRDA:158,37,0,0
BRDA:159,38,0,0
BRDA:159,38,1,0
BRDA:162,39,0,0
BRDA:162,40,0,0
BRDA:162,40,1,0
BRDA:171,41,0,0
BRDA:171,42,0,0
BRDA:171,42,1,0
BRDA:186,43,0,0
BRDA:186,44,0,0
BRDA:186,44,1,0
BRDA:191,45,0,0
BRDA:192,46,0,0
BRDA:192,46,1,0
BRDA:196,47,0,0
BRDA:196,48,0,0
BRDA:196,48,1,0
BRDA:199,49,0,0
BRDA:199,50,0,0
BRDA:199,50,1,0
BRDA:211,51,0,0
BRDA:215,52,0,0
BRF:75
BRH:0
end_of_record
TN:
SF:src/utils/context/index.ts
FN:12,(anonymous_0)
FN:13,(anonymous_1)
FN:14,(anonymous_2)
FN:15,(anonymous_3)
FN:16,(anonymous_4)
FN:17,(anonymous_5)
FN:18,(anonymous_6)
FN:19,(anonymous_7)
FN:25,(anonymous_8)
FN:42,(anonymous_9)
FN:75,(anonymous_10)
FN:75,(anonymous_11)
FN:76,(anonymous_12)
FN:76,(anonymous_13)
FN:76,(anonymous_14)
FN:77,(anonymous_15)
FN:77,(anonymous_16)
FN:78,(anonymous_17)
FN:78,(anonymous_18)
FNF:19
FNH:0
FNDA:0,(anonymous_0)
FNDA:0,(anonymous_1)
FNDA:0,(anonymous_2)
FNDA:0,(anonymous_3)
FNDA:0,(anonymous_4)
FNDA:0,(anonymous_5)
FNDA:0,(anonymous_6)
FNDA:0,(anonymous_7)
FNDA:0,(anonymous_8)
FNDA:0,(anonymous_9)
FNDA:0,(anonymous_10)
FNDA:0,(anonymous_11)
FNDA:0,(anonymous_12)
FNDA:0,(anonymous_13)
FNDA:0,(anonymous_14)
FNDA:0,(anonymous_15)
FNDA:0,(anonymous_16)
FNDA:0,(anonymous_17)
FNDA:0,(anonymous_18)
DA:5,0
DA:6,0
DA:7,0
DA:8,0
DA:11,0
DA:12,0
DA:13,0
DA:14,0
DA:15,0
DA:16,0
DA:17,0
DA:18,0
DA:19,0
DA:25,0
DA:26,0
DA:28,0
DA:31,0
DA:32,0
DA:33,0
DA:34,0
DA:36,0
DA:42,0
DA:43,0
DA:45,0
DA:48,0
DA:49,0
DA:50,0
DA:54,0
DA:55,0
DA:56,0
DA:57,0
DA:60,0
DA:61,0
DA:62,0
DA:63,0
DA:64,0
DA:67,0
DA:73,0
DA:75,0
DA:76,0
DA:77,0
DA:78,0
LF:42
LH:0
BRDA:28,0,0,0
BRDA:43,1,0,0
BRDA:48,2,0,0
BRDA:48,3,0,0
BRDA:48,3,1,0
BRDA:55,4,0,0
BRDA:56,5,0,0
BRDA:56,5,1,0
BRF:8
BRH:0
end_of_record
TN:
SF:src/utils/security/iocCore.ts
FN:9,(anonymous_0)
FN:49,(anonymous_1)
FN:60,(anonymous_2)
FN:68,(anonymous_3)
FN:76,(anonymous_4)
FN:96,(anonymous_5)
FNF:6
FNH:0
FNDA:0,(anonymous_0)
FNDA:0,(anonymous_1)
FNDA:0,(anonymous_2)
FNDA:0,(anonymous_3)
FNDA:0,(anonymous_4)
FNDA:0,(anonymous_5)
DA:9,0
DA:10,0
DA:13,0
DA:14,0
DA:18,0
DA:21,0
DA:24,0
DA:25,0
DA:28,0
DA:29,0
DA:32,0
DA:33,0
DA:36,0
DA:37,0
DA:39,0
DA:49,0
DA:50,0
DA:51,0
DA:60,0
DA:61,0
DA:62,0
DA:68,0
DA:69,0
DA:70,0
DA:76,0
DA:80,0
DA:82,0
DA:84,0
DA:86,0
DA:89,0
DA:96,0
DA:99,0
DA:101,0
DA:103,0
DA:105,0
DA:107,0
DA:109,0
DA:111,0
DA:113,0
DA:120,0
LF:40
LH:0
BRDA:10,0,0,0
BRDA:10,1,0,0
BRDA:10,1,1,0
BRDA:14,2,0,0
BRDA:21,3,0,0
BRDA:25,4,0,0
BRDA:28,5,0,0
BRDA:28,5,1,0
BRDA:29,6,0,0
BRDA:33,7,0,0
BRDA:36,8,0,0
BRDA:36,8,1,0
BRDA:36,8,2,0
BRDA:37,9,0,0
BRDA:50,10,0,0
BRDA:50,11,0,0
BRDA:50,11,1,0
BRDA:61,12,0,0
BRDA:61,13,0,0
BRDA:61,13,1,0
BRDA:69,14,0,0
BRDA:69,15,0,0
BRDA:69,15,1,0
BRDA:78,16,0,0
BRDA:82,17,0,0
BRDA:82,17,1,0
BRDA:82,17,2,0
BRDA:82,17,3,0
BRDA:99,18,0,0
BRDA:99,18,1,0
BRDA:99,18,2,0
BRDA:99,18,3,0
BRDA:99,18,4,0
BRDA:99,18,5,0
BRDA:99,18,6,0
BRF:35
BRH:0
end_of_record
TN:
SF:src/utils/security/iocUtils.ts
FN:10,(anonymous_0)
FNF:1
FNH:0
FNDA:0,(anonymous_0)
DA:10,0
DA:13,0
DA:15,0
DA:18,0
DA:25,0
DA:30,0
LF:6
LH:0
BRDA:18,0,0,0
BRDA:19,1,0,0
BRDA:19,1,1,0
BRDA:19,1,2,0
BRDA:19,1,3,0
BRDA:19,1,4,0
BRF:6
BRH:0
end_of_record
